<!DOCTYPE html PUBLIC "-//W3C//DTD XHTML 1.1//EN" "http://www.w3.org/TR/xhtml11/DTD/xhtml11.dtd">
<html xmlns="http://www.w3.org/1999/xhtml">
<head>
<meta http-equiv="content-type" content="text/html; charset=UTF-8"/>
<title>TestNG Report</title>
<style type="text/css">table {margin-bottom:10px;border-collapse:collapse;empty-cells:show}th,td {border:1px solid #009;padding:.25em .5em}th {vertical-align:bottom}td {vertical-align:top}table a {font-weight:bold}.stripe td {background-color: #E6EBF9}.num {text-align:right}.passedodd td {background-color: #3F3}.passedeven td {background-color: #0A0}.skippedodd td {background-color: #DDD}.skippedeven td {background-color: #CCC}.failedodd td,.attn {background-color: #F33}.failedeven td,.stripe .attn {background-color: #D00}.stacktrace {white-space:pre;font-family:monospace}.totop {font-size:85%;text-align:center;border-bottom:2px solid #000}.invisible {display:none}</style>
</head>
<body>
<table>
<tr><th>Test</th><th># Passed</th><th># Skipped</th><th># Failed</th><th>Time (ms)</th><th>Included Groups</th><th>Excluded Groups</th></tr>
<tr><th colspan="7">Selenium Easy</th></tr>
<tr><td><a href="#t0">SimpleFormDemo_SingleInput</a></td><td class="num">0</td><td class="num">0</td><td class="num attn">2</td><td class="num">25,960</td><td></td><td></td></tr>
<tr class="stripe"><td><a href="#t1">checkBoxDemo_single</a></td><td class="num">2</td><td class="num">0</td><td class="num">0</td><td class="num">18,508</td><td></td><td></td></tr>
<tr><td><a href="#t2">radioButtonDemo</a></td><td class="num">1</td><td class="num">0</td><td class="num attn">1</td><td class="num">19,331</td><td></td><td></td></tr>
<tr class="stripe"><td><a href="#t3">selectDropDownListFirstManu</a></td><td class="num">0</td><td class="num">0</td><td class="num attn">1</td><td class="num">12,531</td><td></td><td></td></tr>
<tr><td><a href="#t4">inputFromWithVelidation</a></td><td class="num">0</td><td class="num">0</td><td class="num attn">1</td><td class="num">10,224</td><td></td><td></td></tr>
<tr class="stripe"><td><a href="#t5">inputFormWithVelidation_Dynamic</a></td><td class="num">0</td><td class="num">0</td><td class="num attn">10</td><td class="num">19,831</td><td></td><td></td></tr>
<tr><th>Total</th><th class="num">3</th><th class="num">0</th><th class="num attn">15</th><th class="num">106,385</th><th colspan="2"></th></tr>
</table>
<table id='summary'><thead><tr><th>Class</th><th>Method</th><th>Start</th><th>Time (ms)</th></tr></thead><tbody><tr><th colspan="4">Selenium Easy</th></tr></tbody><tbody id="t0"><tr><th colspan="4">SimpleFormDemo_SingleInput &#8212; failed</th></tr><tr class="failedeven"><td rowspan="1">simpleFormDemo.TC001_SimpleFormDemo_SingleInput</td><td><a href="#m0">SimpleFormDemo</a></td><td rowspan="1">1538590105926</td><td rowspan="1">1176</td></tr><tr class="failedodd"><td rowspan="1">simpleFormDemo.TC002_simpleFormDemo_DoubleInput</td><td><a href="#m1">methodName</a></td><td rowspan="1">1538590118091</td><td rowspan="1">1513</td></tr></tbody>
<tbody id="t1"><tr><th colspan="4">checkBoxDemo_single &#8212; passed</th></tr><tr class="passedeven"><td rowspan="1">checkBoxDemo.TC003_checkBoxDemo_single</td><td><a href="#m2">checkBoxDemo_singles</a></td><td rowspan="1">1538590128222</td><td rowspan="1">1312</td></tr><tr class="passedodd"><td rowspan="1">checkBoxDemo.TC004_checkBoxDemo_multiBox</td><td><a href="#m3">checkBoxDemo_multiBox</a></td><td rowspan="1">1538590137401</td><td rowspan="1">953</td></tr></tbody>
<tbody id="t2"><tr><th colspan="4">radioButtonDemo &#8212; failed</th></tr><tr class="failedeven"><td rowspan="1">radioButtonDemo.TC006_radioButtonDemo</td><td><a href="#m4">radioButtonDemo</a></td><td rowspan="1">1538590156771</td><td rowspan="1">923</td></tr><tr><th colspan="4">radioButtonDemo &#8212; passed</th></tr><tr class="passedeven"><td rowspan="1">radioButtonDemo.TC005_radioButtonDemo</td><td><a href="#m5">radioButtonDemo</a></td><td rowspan="1">1538590146505</td><td rowspan="1">886</td></tr></tbody>
<tbody id="t3"><tr><th colspan="4">selectDropDownListFirstManu &#8212; failed</th></tr><tr class="failedeven"><td rowspan="1">selectDropDownList.TC007_selectDropDownListFirstManu</td><td><a href="#m6">selectDropDownListFirstManu</a></td><td rowspan="1">1538590168901</td><td rowspan="1">1269</td></tr></tbody>
<tbody id="t4"><tr><th colspan="4">inputFromWithVelidation &#8212; failed</th></tr><tr class="failedeven"><td rowspan="1">inputFormWithVelidation.TC008_inputFormWithVelidation</td><td><a href="#m7">inputFormWithVelidation</a></td><td rowspan="1">1538590179389</td><td rowspan="1">1002</td></tr></tbody>
<tbody id="t5"><tr><th colspan="4">inputFormWithVelidation_Dynamic &#8212; failed</th></tr><tr class="failedeven"><td rowspan="10">inputFormWithVelidation.TC009_inputFormWithVelidation_Dynamic</td><td><a href="#m8">inputFormWithVelidation_Dynamic</a></td><td rowspan="10">1538590196659</td><td rowspan="10">397</td></tr><tr class="failedeven"><td><a href="#m9">inputFormWithVelidation_Dynamic</a></td></tr><tr class="failedeven"><td><a href="#m10">inputFormWithVelidation_Dynamic</a></td></tr><tr class="failedeven"><td><a href="#m11">inputFormWithVelidation_Dynamic</a></td></tr><tr class="failedeven"><td><a href="#m12">inputFormWithVelidation_Dynamic</a></td></tr><tr class="failedeven"><td><a href="#m13">inputFormWithVelidation_Dynamic</a></td></tr><tr class="failedeven"><td><a href="#m14">inputFormWithVelidation_Dynamic</a></td></tr><tr class="failedeven"><td><a href="#m15">inputFormWithVelidation_Dynamic</a></td></tr><tr class="failedeven"><td><a href="#m16">inputFormWithVelidation_Dynamic</a></td></tr><tr class="failedeven"><td><a href="#m17">inputFormWithVelidation_Dynamic</a></td></tr></tbody>
</table>
<h2>SimpleFormDemo_SingleInput</h2><h3 id="m0">simpleFormDemo.TC001_SimpleFormDemo_SingleInput#SimpleFormDemo</h3><table class="result"><tr><th>Messages</th></tr><tr><td><div class="messages"><a href='C:\Users\Ahammed_Sorif\Documents\EclipesShare\test.seleniumEasy.gitHub\ScreenShot\SimpleFormDemo 10-03-2018_02-08-27 .png'><img src='C:\Users\Ahammed_Sorif\Documents\EclipesShare\test.seleniumEasy.gitHub\ScreenShot\SimpleFormDemo 10-03-2018_02-08-27 .png' height='100' width='100'/></a></div></td></tr><tr><th>Exception</th></tr><tr><td><div class="stacktrace">org.openqa.selenium.WebDriverException: unknown error: call function result missing &apos;value&apos;
  (Session info: chrome=69.0.3497.100)
  (Driver info: chromedriver=2.33.506120 (e3e53437346286c0bc2d2dc9aa4915ba81d9023f),platform=Windows NT 10.0.17134 x86_64) (WARNING: The server did not provide any stacktrace information)
Command duration or timeout: 0 milliseconds
Build info: version: &apos;3.7.1&apos;, revision: &apos;8a0099a&apos;, time: &apos;2017-11-06T21:01:39.354Z&apos;
System info: host: &apos;DESKTOP-O0HJJDF&apos;, ip: &apos;192.168.222.1&apos;, os.name: &apos;Windows 10&apos;, os.arch: &apos;amd64&apos;, os.version: &apos;10.0&apos;, java.version: &apos;1.8.0_181&apos;
Driver info: org.openqa.selenium.chrome.ChromeDriver
Capabilities {acceptSslCerts: true, applicationCacheEnabled: false, browserConnectionEnabled: false, browserName: chrome, chrome: {chromedriverVersion: 2.33.506120 (e3e53437346286..., userDataDir: C:\Users\AHAMME~1\AppData\L...}, cssSelectorsEnabled: true, databaseEnabled: false, handlesAlerts: true, hasTouchScreen: false, javascriptEnabled: true, locationContextEnabled: true, mobileEmulationEnabled: false, nativeEvents: true, networkConnectionEnabled: false, pageLoadStrategy: normal, platform: XP, platformName: XP, rotatable: false, setWindowRect: true, takesHeapSnapshot: true, takesScreenshot: true, unexpectedAlertBehaviour: , unhandledPromptBehavior: , version: 69.0.3497.100, webStorageEnabled: true}
Session ID: 19411b0e25f839ec9d6a8b0ef71ca07c
	at org.openqa.selenium.remote.ErrorHandler.createThrowable(ErrorHandler.java:214)
	at org.openqa.selenium.remote.ErrorHandler.throwIfResponseFailed(ErrorHandler.java:166)
	at org.openqa.selenium.remote.http.JsonHttpResponseCodec.reconstructValue(JsonHttpResponseCodec.java:40)
	at org.openqa.selenium.remote.http.AbstractHttpResponseCodec.decode(AbstractHttpResponseCodec.java:80)
	at org.openqa.selenium.remote.http.AbstractHttpResponseCodec.decode(AbstractHttpResponseCodec.java:44)
	at org.openqa.selenium.remote.HttpCommandExecutor.execute(HttpCommandExecutor.java:164)
	at org.openqa.selenium.remote.service.DriverCommandExecutor.execute(DriverCommandExecutor.java:83)
	at org.openqa.selenium.remote.RemoteWebDriver.execute(RemoteWebDriver.java:600)
	at org.openqa.selenium.remote.RemoteWebElement.execute(RemoteWebElement.java:279)
	at org.openqa.selenium.remote.RemoteWebElement.sendKeys(RemoteWebElement.java:100)
	at org.openqa.selenium.support.pagefactory.internal.LocatingElementHandler.invoke(LocatingElementHandler.java:51)
	at com.sun.proxy.$Proxy12.sendKeys(Unknown Source)
	at simpleFormDemo.simpleFormDemo_SingleInput.enterMassage(simpleFormDemo_SingleInput.java:29)
	at simpleFormDemo.simpleFormDemo_SingleInput.simpleDemoSingleInput(simpleFormDemo_SingleInput.java:41)
	at simpleFormDemo.TC001_SimpleFormDemo_SingleInput.SimpleFormDemo(TC001_SimpleFormDemo_SingleInput.java:19)
... Removed 33 stack frames</div></td></tr></table><p class="totop"><a href="#summary">back to summary</a></p>
<h3 id="m1">simpleFormDemo.TC002_simpleFormDemo_DoubleInput#methodName</h3><table class="result"><tr><th>Messages</th></tr><tr><td><div class="messages"><a href='C:\Users\Ahammed_Sorif\Documents\EclipesShare\test.seleniumEasy.gitHub\ScreenShot\methodName 10-03-2018_02-08-39 .png'><img src='C:\Users\Ahammed_Sorif\Documents\EclipesShare\test.seleniumEasy.gitHub\ScreenShot\methodName 10-03-2018_02-08-39 .png' height='100' width='100'/></a></div></td></tr><tr><th>Exception</th></tr><tr><td><div class="stacktrace">org.openqa.selenium.WebDriverException: unknown error: call function result missing &apos;value&apos;
  (Session info: chrome=69.0.3497.100)
  (Driver info: chromedriver=2.33.506120 (e3e53437346286c0bc2d2dc9aa4915ba81d9023f),platform=Windows NT 10.0.17134 x86_64) (WARNING: The server did not provide any stacktrace information)
Command duration or timeout: 0 milliseconds
Build info: version: &apos;3.7.1&apos;, revision: &apos;8a0099a&apos;, time: &apos;2017-11-06T21:01:39.354Z&apos;
System info: host: &apos;DESKTOP-O0HJJDF&apos;, ip: &apos;192.168.222.1&apos;, os.name: &apos;Windows 10&apos;, os.arch: &apos;amd64&apos;, os.version: &apos;10.0&apos;, java.version: &apos;1.8.0_181&apos;
Driver info: org.openqa.selenium.chrome.ChromeDriver
Capabilities {acceptSslCerts: true, applicationCacheEnabled: false, browserConnectionEnabled: false, browserName: chrome, chrome: {chromedriverVersion: 2.33.506120 (e3e53437346286..., userDataDir: C:\Users\AHAMME~1\AppData\L...}, cssSelectorsEnabled: true, databaseEnabled: false, handlesAlerts: true, hasTouchScreen: false, javascriptEnabled: true, locationContextEnabled: true, mobileEmulationEnabled: false, nativeEvents: true, networkConnectionEnabled: false, pageLoadStrategy: normal, platform: XP, platformName: XP, rotatable: false, setWindowRect: true, takesHeapSnapshot: true, takesScreenshot: true, unexpectedAlertBehaviour: , unhandledPromptBehavior: , version: 69.0.3497.100, webStorageEnabled: true}
Session ID: 7da03efb94d1afe6605dd3e4035e5e12
	at org.openqa.selenium.remote.ErrorHandler.createThrowable(ErrorHandler.java:214)
	at org.openqa.selenium.remote.ErrorHandler.throwIfResponseFailed(ErrorHandler.java:166)
	at org.openqa.selenium.remote.http.JsonHttpResponseCodec.reconstructValue(JsonHttpResponseCodec.java:40)
	at org.openqa.selenium.remote.http.AbstractHttpResponseCodec.decode(AbstractHttpResponseCodec.java:80)
	at org.openqa.selenium.remote.http.AbstractHttpResponseCodec.decode(AbstractHttpResponseCodec.java:44)
	at org.openqa.selenium.remote.HttpCommandExecutor.execute(HttpCommandExecutor.java:164)
	at org.openqa.selenium.remote.service.DriverCommandExecutor.execute(DriverCommandExecutor.java:83)
	at org.openqa.selenium.remote.RemoteWebDriver.execute(RemoteWebDriver.java:600)
	at org.openqa.selenium.remote.RemoteWebElement.execute(RemoteWebElement.java:279)
	at org.openqa.selenium.remote.RemoteWebElement.sendKeys(RemoteWebElement.java:100)
	at org.openqa.selenium.support.pagefactory.internal.LocatingElementHandler.invoke(LocatingElementHandler.java:51)
	at com.sun.proxy.$Proxy12.sendKeys(Unknown Source)
	at simpleFormDemo.simpleFormDemo_DoubleInput.EnterText(simpleFormDemo_DoubleInput.java:31)
	at simpleFormDemo.simpleFormDemo_DoubleInput.DoubleInputFinal(simpleFormDemo_DoubleInput.java:51)
	at simpleFormDemo.TC002_simpleFormDemo_DoubleInput.methodName(TC002_simpleFormDemo_DoubleInput.java:17)
... Removed 33 stack frames</div></td></tr></table><p class="totop"><a href="#summary">back to summary</a></p>
<h2>checkBoxDemo_single</h2><h3 id="m2">checkBoxDemo.TC003_checkBoxDemo_single#checkBoxDemo_singles</h3><table class="result"><tr><th>Messages</th></tr><tr><td><div class="messages"><a href='C:\Users\Ahammed_Sorif\Documents\EclipesShare\test.seleniumEasy.gitHub\ScreenShot\checkBoxDemo_singles 10-03-2018_02-08-49 .png'><img src='C:\Users\Ahammed_Sorif\Documents\EclipesShare\test.seleniumEasy.gitHub\ScreenShot\checkBoxDemo_singles 10-03-2018_02-08-49 .png' height='100' width='100'/></a></div></td></tr></table><p class="totop"><a href="#summary">back to summary</a></p>
<h3 id="m3">checkBoxDemo.TC004_checkBoxDemo_multiBox#checkBoxDemo_multiBox</h3><table class="result"><tr><th>Messages</th></tr><tr><td><div class="messages"><a href='C:\Users\Ahammed_Sorif\Documents\EclipesShare\test.seleniumEasy.gitHub\ScreenShot\checkBoxDemo_multiBox 10-03-2018_02-08-58 .png'><img src='C:\Users\Ahammed_Sorif\Documents\EclipesShare\test.seleniumEasy.gitHub\ScreenShot\checkBoxDemo_multiBox 10-03-2018_02-08-58 .png' height='100' width='100'/></a></div></td></tr></table><p class="totop"><a href="#summary">back to summary</a></p>
<h2>radioButtonDemo</h2><h3 id="m4">radioButtonDemo.TC006_radioButtonDemo#radioButtonDemo</h3><table class="result"><tr><th>Messages</th></tr><tr><td><div class="messages"><a href='C:\Users\Ahammed_Sorif\Documents\EclipesShare\test.seleniumEasy.gitHub\ScreenShot\radioButtonDemo 10-03-2018_02-09-17 .png'><img src='C:\Users\Ahammed_Sorif\Documents\EclipesShare\test.seleniumEasy.gitHub\ScreenShot\radioButtonDemo 10-03-2018_02-09-17 .png' height='100' width='100'/></a></div></td></tr><tr><th>Exception</th></tr><tr><td><div class="stacktrace">junit.framework.AssertionFailedError: expected:&lt;false&gt; but was:&lt;true&gt;
	at junit.framework.Assert.fail(Assert.java:50)
	at junit.framework.Assert.failNotEquals(Assert.java:287)
	at junit.framework.Assert.assertEquals(Assert.java:67)
	at junit.framework.Assert.assertEquals(Assert.java:147)
	at junit.framework.Assert.assertEquals(Assert.java:153)
	at radioButtonDemo.radioButtonDemo_multiButton.verifyDispaly(radioButtonDemo_multiButton.java:45)
	at radioButtonDemo.radioButtonDemo_multiButton.radioButtonFinal(radioButtonDemo_multiButton.java:55)
	at radioButtonDemo.TC006_radioButtonDemo.radioButtonDemo(TC006_radioButtonDemo.java:20)
... Removed 25 stack frames</div></td></tr></table><p class="totop"><a href="#summary">back to summary</a></p>
<h3 id="m5">radioButtonDemo.TC005_radioButtonDemo#radioButtonDemo</h3><table class="result"><tr><th>Messages</th></tr><tr><td><div class="messages"><a href='C:\Users\Ahammed_Sorif\Documents\EclipesShare\test.seleniumEasy.gitHub\ScreenShot\radioButtonDemo 10-03-2018_02-09-07 .png'><img src='C:\Users\Ahammed_Sorif\Documents\EclipesShare\test.seleniumEasy.gitHub\ScreenShot\radioButtonDemo 10-03-2018_02-09-07 .png' height='100' width='100'/></a></div></td></tr></table><p class="totop"><a href="#summary">back to summary</a></p>
<h2>selectDropDownListFirstManu</h2><h3 id="m6">selectDropDownList.TC007_selectDropDownListFirstManu#selectDropDownListFirstManu</h3><table class="result"><tr><th>Messages</th></tr><tr><td><div class="messages"><a href='C:\Users\Ahammed_Sorif\Documents\EclipesShare\test.seleniumEasy.gitHub\ScreenShot\selectDropDownListFirstManu 10-03-2018_02-09-30 .png'><img src='C:\Users\Ahammed_Sorif\Documents\EclipesShare\test.seleniumEasy.gitHub\ScreenShot\selectDropDownListFirstManu 10-03-2018_02-09-30 .png' height='100' width='100'/></a></div></td></tr><tr><th>Exception</th></tr><tr><td><div class="stacktrace">org.openqa.selenium.WebDriverException: unknown error: call function result missing &apos;value&apos;
  (Session info: chrome=69.0.3497.100)
  (Driver info: chromedriver=2.33.506120 (e3e53437346286c0bc2d2dc9aa4915ba81d9023f),platform=Windows NT 10.0.17134 x86_64) (WARNING: The server did not provide any stacktrace information)
Command duration or timeout: 0 milliseconds
Build info: version: &apos;3.7.1&apos;, revision: &apos;8a0099a&apos;, time: &apos;2017-11-06T21:01:39.354Z&apos;
System info: host: &apos;DESKTOP-O0HJJDF&apos;, ip: &apos;192.168.222.1&apos;, os.name: &apos;Windows 10&apos;, os.arch: &apos;amd64&apos;, os.version: &apos;10.0&apos;, java.version: &apos;1.8.0_181&apos;
Driver info: org.openqa.selenium.chrome.ChromeDriver
Capabilities {acceptSslCerts: true, applicationCacheEnabled: false, browserConnectionEnabled: false, browserName: chrome, chrome: {chromedriverVersion: 2.33.506120 (e3e53437346286..., userDataDir: C:\Users\AHAMME~1\AppData\L...}, cssSelectorsEnabled: true, databaseEnabled: false, handlesAlerts: true, hasTouchScreen: false, javascriptEnabled: true, locationContextEnabled: true, mobileEmulationEnabled: false, nativeEvents: true, networkConnectionEnabled: false, pageLoadStrategy: normal, platform: XP, platformName: XP, rotatable: false, setWindowRect: true, takesHeapSnapshot: true, takesScreenshot: true, unexpectedAlertBehaviour: , unhandledPromptBehavior: , version: 69.0.3497.100, webStorageEnabled: true}
Session ID: 66b32adbaaf79f91ec11ce12f47ddaab
	at org.openqa.selenium.remote.ErrorHandler.createThrowable(ErrorHandler.java:214)
	at org.openqa.selenium.remote.ErrorHandler.throwIfResponseFailed(ErrorHandler.java:166)
	at org.openqa.selenium.remote.http.JsonHttpResponseCodec.reconstructValue(JsonHttpResponseCodec.java:40)
	at org.openqa.selenium.remote.http.AbstractHttpResponseCodec.decode(AbstractHttpResponseCodec.java:80)
	at org.openqa.selenium.remote.http.AbstractHttpResponseCodec.decode(AbstractHttpResponseCodec.java:44)
	at org.openqa.selenium.remote.HttpCommandExecutor.execute(HttpCommandExecutor.java:164)
	at org.openqa.selenium.remote.service.DriverCommandExecutor.execute(DriverCommandExecutor.java:83)
	at org.openqa.selenium.remote.RemoteWebDriver.execute(RemoteWebDriver.java:600)
	at org.openqa.selenium.remote.RemoteWebElement.execute(RemoteWebElement.java:279)
	at org.openqa.selenium.remote.RemoteWebElement.click(RemoteWebElement.java:83)
	at org.openqa.selenium.support.ui.Select.setSelected(Select.java:324)
	at org.openqa.selenium.support.ui.Select.selectByVisibleText(Select.java:120)
	at selectDropDownList.selectDropDownListAll.selectManue(selectDropDownListAll.java:43)
	at selectDropDownList.selectDropDownListAll.dowpDownFinal(selectDropDownListAll.java:58)
	at selectDropDownList.TC007_selectDropDownListFirstManu.selectDropDownListFirstManu(TC007_selectDropDownListFirstManu.java:17)
... Removed 29 stack frames</div></td></tr></table><p class="totop"><a href="#summary">back to summary</a></p>
<h2>inputFromWithVelidation</h2><h3 id="m7">inputFormWithVelidation.TC008_inputFormWithVelidation#inputFormWithVelidation</h3><table class="result"><tr><th>Messages</th></tr><tr><td><div class="messages"><a href='C:\Users\Ahammed_Sorif\Documents\EclipesShare\test.seleniumEasy.gitHub\ScreenShot\inputFormWithVelidation 10-03-2018_02-09-40 .png'><img src='C:\Users\Ahammed_Sorif\Documents\EclipesShare\test.seleniumEasy.gitHub\ScreenShot\inputFormWithVelidation 10-03-2018_02-09-40 .png' height='100' width='100'/></a></div></td></tr><tr><th>Exception</th></tr><tr><td><div class="stacktrace">org.openqa.selenium.WebDriverException: unknown error: call function result missing &apos;value&apos;
  (Session info: chrome=69.0.3497.100)
  (Driver info: chromedriver=2.33.506120 (e3e53437346286c0bc2d2dc9aa4915ba81d9023f),platform=Windows NT 10.0.17134 x86_64) (WARNING: The server did not provide any stacktrace information)
Command duration or timeout: 0 milliseconds
Build info: version: &apos;3.7.1&apos;, revision: &apos;8a0099a&apos;, time: &apos;2017-11-06T21:01:39.354Z&apos;
System info: host: &apos;DESKTOP-O0HJJDF&apos;, ip: &apos;192.168.222.1&apos;, os.name: &apos;Windows 10&apos;, os.arch: &apos;amd64&apos;, os.version: &apos;10.0&apos;, java.version: &apos;1.8.0_181&apos;
Driver info: org.openqa.selenium.chrome.ChromeDriver
Capabilities {acceptSslCerts: true, applicationCacheEnabled: false, browserConnectionEnabled: false, browserName: chrome, chrome: {chromedriverVersion: 2.33.506120 (e3e53437346286..., userDataDir: C:\Users\AHAMME~1\AppData\L...}, cssSelectorsEnabled: true, databaseEnabled: false, handlesAlerts: true, hasTouchScreen: false, javascriptEnabled: true, locationContextEnabled: true, mobileEmulationEnabled: false, nativeEvents: true, networkConnectionEnabled: false, pageLoadStrategy: normal, platform: XP, platformName: XP, rotatable: false, setWindowRect: true, takesHeapSnapshot: true, takesScreenshot: true, unexpectedAlertBehaviour: , unhandledPromptBehavior: , version: 69.0.3497.100, webStorageEnabled: true}
Session ID: 7978a88cfe4c8e8e4afa9718b9551e59
	at org.openqa.selenium.remote.ErrorHandler.createThrowable(ErrorHandler.java:214)
	at org.openqa.selenium.remote.ErrorHandler.throwIfResponseFailed(ErrorHandler.java:166)
	at org.openqa.selenium.remote.http.JsonHttpResponseCodec.reconstructValue(JsonHttpResponseCodec.java:40)
	at org.openqa.selenium.remote.http.AbstractHttpResponseCodec.decode(AbstractHttpResponseCodec.java:80)
	at org.openqa.selenium.remote.http.AbstractHttpResponseCodec.decode(AbstractHttpResponseCodec.java:44)
	at org.openqa.selenium.remote.HttpCommandExecutor.execute(HttpCommandExecutor.java:164)
	at org.openqa.selenium.remote.service.DriverCommandExecutor.execute(DriverCommandExecutor.java:83)
	at org.openqa.selenium.remote.RemoteWebDriver.execute(RemoteWebDriver.java:600)
	at org.openqa.selenium.remote.RemoteWebElement.execute(RemoteWebElement.java:279)
	at org.openqa.selenium.remote.RemoteWebElement.clear(RemoteWebElement.java:118)
	at inputFormWithVelidation.inputFormWithVelidation.enterText(inputFormWithVelidation.java:26)
	at inputFormWithVelidation.inputFormWithVelidation.inputFormFinal(inputFormWithVelidation.java:35)
	at inputFormWithVelidation.TC008_inputFormWithVelidation.inputFormWithVelidation(TC008_inputFormWithVelidation.java:19)
... Removed 29 stack frames</div></td></tr></table><p class="totop"><a href="#summary">back to summary</a></p>
<h2>inputFormWithVelidation_Dynamic</h2><h3 id="m8">inputFormWithVelidation.TC009_inputFormWithVelidation_Dynamic#inputFormWithVelidation_Dynamic</h3><table class="result"><tr class="param"><th>Parameter #1</th><th>Parameter #2</th><th>Parameter #3</th><th>Parameter #4</th><th>Parameter #5</th><th>Parameter #6</th><th>Parameter #7</th><th>Parameter #8</th><th>Parameter #9</th><th>Parameter #10</th></tr><tr class="param stripe"><td>FirstName 8</td><td>LastName 8</td><td>FNamLNam08@Gmail.com</td><td>347-844-9081</td><td>96 MetOval</td><td>Bronx8</td><td>Maryland</td><td>10462</td><td>ahammedsorif08.com</td><td>Hello World my name is FirtName 8 and LastName 8 how are you doing call me any time .Thank you</td></tr><tr><th colspan="10">Messages</th></tr><tr><td colspan="10"><div class="messages"><a href='C:\Users\Ahammed_Sorif\Documents\EclipesShare\test.seleniumEasy.gitHub\ScreenShot\inputFormWithVelidation_Dynamic 10-03-2018_02-09-57 .png'><img src='C:\Users\Ahammed_Sorif\Documents\EclipesShare\test.seleniumEasy.gitHub\ScreenShot\inputFormWithVelidation_Dynamic 10-03-2018_02-09-57 .png' height='100' width='100'/></a></div></td></tr><tr><th colspan="10">Exception</th></tr><tr><td colspan="10"><div class="stacktrace">org.openqa.selenium.WebDriverException: unknown error: call function result missing &apos;value&apos;
  (Session info: chrome=69.0.3497.100)
  (Driver info: chromedriver=2.33.506120 (e3e53437346286c0bc2d2dc9aa4915ba81d9023f),platform=Windows NT 10.0.17134 x86_64) (WARNING: The server did not provide any stacktrace information)
Command duration or timeout: 0 milliseconds
Build info: version: &apos;3.7.1&apos;, revision: &apos;8a0099a&apos;, time: &apos;2017-11-06T21:01:39.354Z&apos;
System info: host: &apos;DESKTOP-O0HJJDF&apos;, ip: &apos;192.168.222.1&apos;, os.name: &apos;Windows 10&apos;, os.arch: &apos;amd64&apos;, os.version: &apos;10.0&apos;, java.version: &apos;1.8.0_181&apos;
Driver info: org.openqa.selenium.chrome.ChromeDriver
Capabilities {acceptSslCerts: true, applicationCacheEnabled: false, browserConnectionEnabled: false, browserName: chrome, chrome: {chromedriverVersion: 2.33.506120 (e3e53437346286..., userDataDir: C:\Users\AHAMME~1\AppData\L...}, cssSelectorsEnabled: true, databaseEnabled: false, handlesAlerts: true, hasTouchScreen: false, javascriptEnabled: true, locationContextEnabled: true, mobileEmulationEnabled: false, nativeEvents: true, networkConnectionEnabled: false, pageLoadStrategy: normal, platform: XP, platformName: XP, rotatable: false, setWindowRect: true, takesHeapSnapshot: true, takesScreenshot: true, unexpectedAlertBehaviour: , unhandledPromptBehavior: , version: 69.0.3497.100, webStorageEnabled: true}
Session ID: 0b264ba458c2e393b57f8d3e31284d9a
	at org.openqa.selenium.remote.ErrorHandler.createThrowable(ErrorHandler.java:214)
	at org.openqa.selenium.remote.ErrorHandler.throwIfResponseFailed(ErrorHandler.java:166)
	at org.openqa.selenium.remote.http.JsonHttpResponseCodec.reconstructValue(JsonHttpResponseCodec.java:40)
	at org.openqa.selenium.remote.http.AbstractHttpResponseCodec.decode(AbstractHttpResponseCodec.java:80)
	at org.openqa.selenium.remote.http.AbstractHttpResponseCodec.decode(AbstractHttpResponseCodec.java:44)
	at org.openqa.selenium.remote.HttpCommandExecutor.execute(HttpCommandExecutor.java:164)
	at org.openqa.selenium.remote.service.DriverCommandExecutor.execute(DriverCommandExecutor.java:83)
	at org.openqa.selenium.remote.RemoteWebDriver.execute(RemoteWebDriver.java:600)
	at org.openqa.selenium.remote.RemoteWebElement.execute(RemoteWebElement.java:279)
	at org.openqa.selenium.remote.RemoteWebElement.clear(RemoteWebElement.java:118)
	at inputFormWithVelidation.inputFormWithVelidation_Dynamic.enterText(inputFormWithVelidation_Dynamic.java:24)
	at inputFormWithVelidation.inputFormWithVelidation_Dynamic.inputFormFinal(inputFormWithVelidation_Dynamic.java:34)
	at inputFormWithVelidation.TC009_inputFormWithVelidation_Dynamic.inputFormWithVelidation_Dynamic(TC009_inputFormWithVelidation_Dynamic.java:30)
... Removed 29 stack frames</div></td></tr></table><p class="totop"><a href="#summary">back to summary</a></p>
<h3 id="m9">inputFormWithVelidation.TC009_inputFormWithVelidation_Dynamic#inputFormWithVelidation_Dynamic</h3><table class="result"><tr class="param"><th>Parameter #1</th><th>Parameter #2</th><th>Parameter #3</th><th>Parameter #4</th><th>Parameter #5</th><th>Parameter #6</th><th>Parameter #7</th><th>Parameter #8</th><th>Parameter #9</th><th>Parameter #10</th></tr><tr class="param stripe"><td>FirstName 3</td><td>LastName 3</td><td>FNamLNam03@Gmail.com</td><td>347-844-9076</td><td>91 MetOval</td><td>Bronx3</td><td>Arizona</td><td>10462</td><td>ahammedsorif03.com</td><td>Hello World my name is FirtName 3 and LastName 3 how are you doing call me any time .Thank you</td></tr><tr><th colspan="10">Messages</th></tr><tr><td colspan="10"><div class="messages"><a href='C:\Users\Ahammed_Sorif\Documents\EclipesShare\test.seleniumEasy.gitHub\ScreenShot\inputFormWithVelidation_Dynamic 10-03-2018_02-09-53 .png'><img src='C:\Users\Ahammed_Sorif\Documents\EclipesShare\test.seleniumEasy.gitHub\ScreenShot\inputFormWithVelidation_Dynamic 10-03-2018_02-09-53 .png' height='100' width='100'/></a></div></td></tr><tr><th colspan="10">Exception</th></tr><tr><td colspan="10"><div class="stacktrace">org.openqa.selenium.WebDriverException: unknown error: call function result missing &apos;value&apos;
  (Session info: chrome=69.0.3497.100)
  (Driver info: chromedriver=2.33.506120 (e3e53437346286c0bc2d2dc9aa4915ba81d9023f),platform=Windows NT 10.0.17134 x86_64) (WARNING: The server did not provide any stacktrace information)
Command duration or timeout: 0 milliseconds
Build info: version: &apos;3.7.1&apos;, revision: &apos;8a0099a&apos;, time: &apos;2017-11-06T21:01:39.354Z&apos;
System info: host: &apos;DESKTOP-O0HJJDF&apos;, ip: &apos;192.168.222.1&apos;, os.name: &apos;Windows 10&apos;, os.arch: &apos;amd64&apos;, os.version: &apos;10.0&apos;, java.version: &apos;1.8.0_181&apos;
Driver info: org.openqa.selenium.chrome.ChromeDriver
Capabilities {acceptSslCerts: true, applicationCacheEnabled: false, browserConnectionEnabled: false, browserName: chrome, chrome: {chromedriverVersion: 2.33.506120 (e3e53437346286..., userDataDir: C:\Users\AHAMME~1\AppData\L...}, cssSelectorsEnabled: true, databaseEnabled: false, handlesAlerts: true, hasTouchScreen: false, javascriptEnabled: true, locationContextEnabled: true, mobileEmulationEnabled: false, nativeEvents: true, networkConnectionEnabled: false, pageLoadStrategy: normal, platform: XP, platformName: XP, rotatable: false, setWindowRect: true, takesHeapSnapshot: true, takesScreenshot: true, unexpectedAlertBehaviour: , unhandledPromptBehavior: , version: 69.0.3497.100, webStorageEnabled: true}
Session ID: 0b264ba458c2e393b57f8d3e31284d9a
	at org.openqa.selenium.remote.ErrorHandler.createThrowable(ErrorHandler.java:214)
	at org.openqa.selenium.remote.ErrorHandler.throwIfResponseFailed(ErrorHandler.java:166)
	at org.openqa.selenium.remote.http.JsonHttpResponseCodec.reconstructValue(JsonHttpResponseCodec.java:40)
	at org.openqa.selenium.remote.http.AbstractHttpResponseCodec.decode(AbstractHttpResponseCodec.java:80)
	at org.openqa.selenium.remote.http.AbstractHttpResponseCodec.decode(AbstractHttpResponseCodec.java:44)
	at org.openqa.selenium.remote.HttpCommandExecutor.execute(HttpCommandExecutor.java:164)
	at org.openqa.selenium.remote.service.DriverCommandExecutor.execute(DriverCommandExecutor.java:83)
	at org.openqa.selenium.remote.RemoteWebDriver.execute(RemoteWebDriver.java:600)
	at org.openqa.selenium.remote.RemoteWebElement.execute(RemoteWebElement.java:279)
	at org.openqa.selenium.remote.RemoteWebElement.clear(RemoteWebElement.java:118)
	at inputFormWithVelidation.inputFormWithVelidation_Dynamic.enterText(inputFormWithVelidation_Dynamic.java:24)
	at inputFormWithVelidation.inputFormWithVelidation_Dynamic.inputFormFinal(inputFormWithVelidation_Dynamic.java:34)
	at inputFormWithVelidation.TC009_inputFormWithVelidation_Dynamic.inputFormWithVelidation_Dynamic(TC009_inputFormWithVelidation_Dynamic.java:30)
... Removed 29 stack frames</div></td></tr></table><p class="totop"><a href="#summary">back to summary</a></p>
<h3 id="m10">inputFormWithVelidation.TC009_inputFormWithVelidation_Dynamic#inputFormWithVelidation_Dynamic</h3><table class="result"><tr class="param"><th>Parameter #1</th><th>Parameter #2</th><th>Parameter #3</th><th>Parameter #4</th><th>Parameter #5</th><th>Parameter #6</th><th>Parameter #7</th><th>Parameter #8</th><th>Parameter #9</th><th>Parameter #10</th></tr><tr class="param stripe"><td>FirstName 4</td><td>LastName 4</td><td>FNamLNam04@Gmail.com</td><td>347-844-9077</td><td>92 MetOval</td><td>Bronx4</td><td>District of Columbia</td><td>10462</td><td>ahammedsorif04.com</td><td>Hello World my name is FirtName 4 and LastName 4 how are you doing call me any time .Thank you</td></tr><tr><th colspan="10">Messages</th></tr><tr><td colspan="10"><div class="messages"><a href='C:\Users\Ahammed_Sorif\Documents\EclipesShare\test.seleniumEasy.gitHub\ScreenShot\inputFormWithVelidation_Dynamic 10-03-2018_02-09-54 .png'><img src='C:\Users\Ahammed_Sorif\Documents\EclipesShare\test.seleniumEasy.gitHub\ScreenShot\inputFormWithVelidation_Dynamic 10-03-2018_02-09-54 .png' height='100' width='100'/></a></div></td></tr><tr><th colspan="10">Exception</th></tr><tr><td colspan="10"><div class="stacktrace">org.openqa.selenium.WebDriverException: unknown error: call function result missing &apos;value&apos;
  (Session info: chrome=69.0.3497.100)
  (Driver info: chromedriver=2.33.506120 (e3e53437346286c0bc2d2dc9aa4915ba81d9023f),platform=Windows NT 10.0.17134 x86_64) (WARNING: The server did not provide any stacktrace information)
Command duration or timeout: 0 milliseconds
Build info: version: &apos;3.7.1&apos;, revision: &apos;8a0099a&apos;, time: &apos;2017-11-06T21:01:39.354Z&apos;
System info: host: &apos;DESKTOP-O0HJJDF&apos;, ip: &apos;192.168.222.1&apos;, os.name: &apos;Windows 10&apos;, os.arch: &apos;amd64&apos;, os.version: &apos;10.0&apos;, java.version: &apos;1.8.0_181&apos;
Driver info: org.openqa.selenium.chrome.ChromeDriver
Capabilities {acceptSslCerts: true, applicationCacheEnabled: false, browserConnectionEnabled: false, browserName: chrome, chrome: {chromedriverVersion: 2.33.506120 (e3e53437346286..., userDataDir: C:\Users\AHAMME~1\AppData\L...}, cssSelectorsEnabled: true, databaseEnabled: false, handlesAlerts: true, hasTouchScreen: false, javascriptEnabled: true, locationContextEnabled: true, mobileEmulationEnabled: false, nativeEvents: true, networkConnectionEnabled: false, pageLoadStrategy: normal, platform: XP, platformName: XP, rotatable: false, setWindowRect: true, takesHeapSnapshot: true, takesScreenshot: true, unexpectedAlertBehaviour: , unhandledPromptBehavior: , version: 69.0.3497.100, webStorageEnabled: true}
Session ID: 0b264ba458c2e393b57f8d3e31284d9a
	at org.openqa.selenium.remote.ErrorHandler.createThrowable(ErrorHandler.java:214)
	at org.openqa.selenium.remote.ErrorHandler.throwIfResponseFailed(ErrorHandler.java:166)
	at org.openqa.selenium.remote.http.JsonHttpResponseCodec.reconstructValue(JsonHttpResponseCodec.java:40)
	at org.openqa.selenium.remote.http.AbstractHttpResponseCodec.decode(AbstractHttpResponseCodec.java:80)
	at org.openqa.selenium.remote.http.AbstractHttpResponseCodec.decode(AbstractHttpResponseCodec.java:44)
	at org.openqa.selenium.remote.HttpCommandExecutor.execute(HttpCommandExecutor.java:164)
	at org.openqa.selenium.remote.service.DriverCommandExecutor.execute(DriverCommandExecutor.java:83)
	at org.openqa.selenium.remote.RemoteWebDriver.execute(RemoteWebDriver.java:600)
	at org.openqa.selenium.remote.RemoteWebElement.execute(RemoteWebElement.java:279)
	at org.openqa.selenium.remote.RemoteWebElement.clear(RemoteWebElement.java:118)
	at inputFormWithVelidation.inputFormWithVelidation_Dynamic.enterText(inputFormWithVelidation_Dynamic.java:24)
	at inputFormWithVelidation.inputFormWithVelidation_Dynamic.inputFormFinal(inputFormWithVelidation_Dynamic.java:34)
	at inputFormWithVelidation.TC009_inputFormWithVelidation_Dynamic.inputFormWithVelidation_Dynamic(TC009_inputFormWithVelidation_Dynamic.java:30)
... Removed 29 stack frames</div></td></tr></table><p class="totop"><a href="#summary">back to summary</a></p>
<h3 id="m11">inputFormWithVelidation.TC009_inputFormWithVelidation_Dynamic#inputFormWithVelidation_Dynamic</h3><table class="result"><tr class="param"><th>Parameter #1</th><th>Parameter #2</th><th>Parameter #3</th><th>Parameter #4</th><th>Parameter #5</th><th>Parameter #6</th><th>Parameter #7</th><th>Parameter #8</th><th>Parameter #9</th><th>Parameter #10</th></tr><tr class="param stripe"><td>FirstName 5</td><td>LastName 5</td><td>FNamLNam05@Gmail.com</td><td>347-844-9078</td><td>93 MetOval</td><td>Bronx5</td><td>Florida</td><td>10462</td><td>ahammedsorif05.com</td><td>Hello World my name is FirtName 5 and LastName 5 how are you doing call me any time .Thank you</td></tr><tr><th colspan="10">Messages</th></tr><tr><td colspan="10"><div class="messages"><a href='C:\Users\Ahammed_Sorif\Documents\EclipesShare\test.seleniumEasy.gitHub\ScreenShot\inputFormWithVelidation_Dynamic 10-03-2018_02-09-54 .png'><img src='C:\Users\Ahammed_Sorif\Documents\EclipesShare\test.seleniumEasy.gitHub\ScreenShot\inputFormWithVelidation_Dynamic 10-03-2018_02-09-54 .png' height='100' width='100'/></a></div></td></tr><tr><th colspan="10">Exception</th></tr><tr><td colspan="10"><div class="stacktrace">org.openqa.selenium.WebDriverException: unknown error: call function result missing &apos;value&apos;
  (Session info: chrome=69.0.3497.100)
  (Driver info: chromedriver=2.33.506120 (e3e53437346286c0bc2d2dc9aa4915ba81d9023f),platform=Windows NT 10.0.17134 x86_64) (WARNING: The server did not provide any stacktrace information)
Command duration or timeout: 0 milliseconds
Build info: version: &apos;3.7.1&apos;, revision: &apos;8a0099a&apos;, time: &apos;2017-11-06T21:01:39.354Z&apos;
System info: host: &apos;DESKTOP-O0HJJDF&apos;, ip: &apos;192.168.222.1&apos;, os.name: &apos;Windows 10&apos;, os.arch: &apos;amd64&apos;, os.version: &apos;10.0&apos;, java.version: &apos;1.8.0_181&apos;
Driver info: org.openqa.selenium.chrome.ChromeDriver
Capabilities {acceptSslCerts: true, applicationCacheEnabled: false, browserConnectionEnabled: false, browserName: chrome, chrome: {chromedriverVersion: 2.33.506120 (e3e53437346286..., userDataDir: C:\Users\AHAMME~1\AppData\L...}, cssSelectorsEnabled: true, databaseEnabled: false, handlesAlerts: true, hasTouchScreen: false, javascriptEnabled: true, locationContextEnabled: true, mobileEmulationEnabled: false, nativeEvents: true, networkConnectionEnabled: false, pageLoadStrategy: normal, platform: XP, platformName: XP, rotatable: false, setWindowRect: true, takesHeapSnapshot: true, takesScreenshot: true, unexpectedAlertBehaviour: , unhandledPromptBehavior: , version: 69.0.3497.100, webStorageEnabled: true}
Session ID: 0b264ba458c2e393b57f8d3e31284d9a
	at org.openqa.selenium.remote.ErrorHandler.createThrowable(ErrorHandler.java:214)
	at org.openqa.selenium.remote.ErrorHandler.throwIfResponseFailed(ErrorHandler.java:166)
	at org.openqa.selenium.remote.http.JsonHttpResponseCodec.reconstructValue(JsonHttpResponseCodec.java:40)
	at org.openqa.selenium.remote.http.AbstractHttpResponseCodec.decode(AbstractHttpResponseCodec.java:80)
	at org.openqa.selenium.remote.http.AbstractHttpResponseCodec.decode(AbstractHttpResponseCodec.java:44)
	at org.openqa.selenium.remote.HttpCommandExecutor.execute(HttpCommandExecutor.java:164)
	at org.openqa.selenium.remote.service.DriverCommandExecutor.execute(DriverCommandExecutor.java:83)
	at org.openqa.selenium.remote.RemoteWebDriver.execute(RemoteWebDriver.java:600)
	at org.openqa.selenium.remote.RemoteWebElement.execute(RemoteWebElement.java:279)
	at org.openqa.selenium.remote.RemoteWebElement.clear(RemoteWebElement.java:118)
	at inputFormWithVelidation.inputFormWithVelidation_Dynamic.enterText(inputFormWithVelidation_Dynamic.java:24)
	at inputFormWithVelidation.inputFormWithVelidation_Dynamic.inputFormFinal(inputFormWithVelidation_Dynamic.java:34)
	at inputFormWithVelidation.TC009_inputFormWithVelidation_Dynamic.inputFormWithVelidation_Dynamic(TC009_inputFormWithVelidation_Dynamic.java:30)
... Removed 29 stack frames</div></td></tr></table><p class="totop"><a href="#summary">back to summary</a></p>
<h3 id="m12">inputFormWithVelidation.TC009_inputFormWithVelidation_Dynamic#inputFormWithVelidation_Dynamic</h3><table class="result"><tr class="param"><th>Parameter #1</th><th>Parameter #2</th><th>Parameter #3</th><th>Parameter #4</th><th>Parameter #5</th><th>Parameter #6</th><th>Parameter #7</th><th>Parameter #8</th><th>Parameter #9</th><th>Parameter #10</th></tr><tr class="param stripe"><td>FirstName 9</td><td>LastName 9</td><td>FNamLNam09@Gmail.com</td><td>347-844-9082</td><td>97 MetOval</td><td>Bronx9</td><td>Mass</td><td>10462</td><td>ahammedsorif09.com</td><td>Hello World my name is FirtName 9 and LastName 9 how are you doing call me any time .Thank you</td></tr><tr><th colspan="10">Messages</th></tr><tr><td colspan="10"><div class="messages"><a href='C:\Users\Ahammed_Sorif\Documents\EclipesShare\test.seleniumEasy.gitHub\ScreenShot\inputFormWithVelidation_Dynamic 10-03-2018_02-09-57 .png'><img src='C:\Users\Ahammed_Sorif\Documents\EclipesShare\test.seleniumEasy.gitHub\ScreenShot\inputFormWithVelidation_Dynamic 10-03-2018_02-09-57 .png' height='100' width='100'/></a></div></td></tr><tr><th colspan="10">Exception</th></tr><tr><td colspan="10"><div class="stacktrace">org.openqa.selenium.WebDriverException: unknown error: call function result missing &apos;value&apos;
  (Session info: chrome=69.0.3497.100)
  (Driver info: chromedriver=2.33.506120 (e3e53437346286c0bc2d2dc9aa4915ba81d9023f),platform=Windows NT 10.0.17134 x86_64) (WARNING: The server did not provide any stacktrace information)
Command duration or timeout: 0 milliseconds
Build info: version: &apos;3.7.1&apos;, revision: &apos;8a0099a&apos;, time: &apos;2017-11-06T21:01:39.354Z&apos;
System info: host: &apos;DESKTOP-O0HJJDF&apos;, ip: &apos;192.168.222.1&apos;, os.name: &apos;Windows 10&apos;, os.arch: &apos;amd64&apos;, os.version: &apos;10.0&apos;, java.version: &apos;1.8.0_181&apos;
Driver info: org.openqa.selenium.chrome.ChromeDriver
Capabilities {acceptSslCerts: true, applicationCacheEnabled: false, browserConnectionEnabled: false, browserName: chrome, chrome: {chromedriverVersion: 2.33.506120 (e3e53437346286..., userDataDir: C:\Users\AHAMME~1\AppData\L...}, cssSelectorsEnabled: true, databaseEnabled: false, handlesAlerts: true, hasTouchScreen: false, javascriptEnabled: true, locationContextEnabled: true, mobileEmulationEnabled: false, nativeEvents: true, networkConnectionEnabled: false, pageLoadStrategy: normal, platform: XP, platformName: XP, rotatable: false, setWindowRect: true, takesHeapSnapshot: true, takesScreenshot: true, unexpectedAlertBehaviour: , unhandledPromptBehavior: , version: 69.0.3497.100, webStorageEnabled: true}
Session ID: 0b264ba458c2e393b57f8d3e31284d9a
	at org.openqa.selenium.remote.ErrorHandler.createThrowable(ErrorHandler.java:214)
	at org.openqa.selenium.remote.ErrorHandler.throwIfResponseFailed(ErrorHandler.java:166)
	at org.openqa.selenium.remote.http.JsonHttpResponseCodec.reconstructValue(JsonHttpResponseCodec.java:40)
	at org.openqa.selenium.remote.http.AbstractHttpResponseCodec.decode(AbstractHttpResponseCodec.java:80)
	at org.openqa.selenium.remote.http.AbstractHttpResponseCodec.decode(AbstractHttpResponseCodec.java:44)
	at org.openqa.selenium.remote.HttpCommandExecutor.execute(HttpCommandExecutor.java:164)
	at org.openqa.selenium.remote.service.DriverCommandExecutor.execute(DriverCommandExecutor.java:83)
	at org.openqa.selenium.remote.RemoteWebDriver.execute(RemoteWebDriver.java:600)
	at org.openqa.selenium.remote.RemoteWebElement.execute(RemoteWebElement.java:279)
	at org.openqa.selenium.remote.RemoteWebElement.clear(RemoteWebElement.java:118)
	at inputFormWithVelidation.inputFormWithVelidation_Dynamic.enterText(inputFormWithVelidation_Dynamic.java:24)
	at inputFormWithVelidation.inputFormWithVelidation_Dynamic.inputFormFinal(inputFormWithVelidation_Dynamic.java:34)
	at inputFormWithVelidation.TC009_inputFormWithVelidation_Dynamic.inputFormWithVelidation_Dynamic(TC009_inputFormWithVelidation_Dynamic.java:30)
... Removed 29 stack frames</div></td></tr></table><p class="totop"><a href="#summary">back to summary</a></p>
<h3 id="m13">inputFormWithVelidation.TC009_inputFormWithVelidation_Dynamic#inputFormWithVelidation_Dynamic</h3><table class="result"><tr class="param"><th>Parameter #1</th><th>Parameter #2</th><th>Parameter #3</th><th>Parameter #4</th><th>Parameter #5</th><th>Parameter #6</th><th>Parameter #7</th><th>Parameter #8</th><th>Parameter #9</th><th>Parameter #10</th></tr><tr class="param stripe"><td>FirstName 2</td><td>LastName 2</td><td>FNamLNam02@Gmail.com</td><td>347-844-9075</td><td>90 MetOval</td><td>Bronx2</td><td>Alaska</td><td>10462</td><td>ahammedsorif02.com</td><td>Hello World my name is FirtName 2 and LastName 2 how are you doing call me any time .Thank you</td></tr><tr><th colspan="10">Messages</th></tr><tr><td colspan="10"><div class="messages"><a href='C:\Users\Ahammed_Sorif\Documents\EclipesShare\test.seleniumEasy.gitHub\ScreenShot\inputFormWithVelidation_Dynamic 10-03-2018_02-09-52 .png'><img src='C:\Users\Ahammed_Sorif\Documents\EclipesShare\test.seleniumEasy.gitHub\ScreenShot\inputFormWithVelidation_Dynamic 10-03-2018_02-09-52 .png' height='100' width='100'/></a></div></td></tr><tr><th colspan="10">Exception</th></tr><tr><td colspan="10"><div class="stacktrace">org.openqa.selenium.WebDriverException: unknown error: call function result missing &apos;value&apos;
  (Session info: chrome=69.0.3497.100)
  (Driver info: chromedriver=2.33.506120 (e3e53437346286c0bc2d2dc9aa4915ba81d9023f),platform=Windows NT 10.0.17134 x86_64) (WARNING: The server did not provide any stacktrace information)
Command duration or timeout: 0 milliseconds
Build info: version: &apos;3.7.1&apos;, revision: &apos;8a0099a&apos;, time: &apos;2017-11-06T21:01:39.354Z&apos;
System info: host: &apos;DESKTOP-O0HJJDF&apos;, ip: &apos;192.168.222.1&apos;, os.name: &apos;Windows 10&apos;, os.arch: &apos;amd64&apos;, os.version: &apos;10.0&apos;, java.version: &apos;1.8.0_181&apos;
Driver info: org.openqa.selenium.chrome.ChromeDriver
Capabilities {acceptSslCerts: true, applicationCacheEnabled: false, browserConnectionEnabled: false, browserName: chrome, chrome: {chromedriverVersion: 2.33.506120 (e3e53437346286..., userDataDir: C:\Users\AHAMME~1\AppData\L...}, cssSelectorsEnabled: true, databaseEnabled: false, handlesAlerts: true, hasTouchScreen: false, javascriptEnabled: true, locationContextEnabled: true, mobileEmulationEnabled: false, nativeEvents: true, networkConnectionEnabled: false, pageLoadStrategy: normal, platform: XP, platformName: XP, rotatable: false, setWindowRect: true, takesHeapSnapshot: true, takesScreenshot: true, unexpectedAlertBehaviour: , unhandledPromptBehavior: , version: 69.0.3497.100, webStorageEnabled: true}
Session ID: 0b264ba458c2e393b57f8d3e31284d9a
	at org.openqa.selenium.remote.ErrorHandler.createThrowable(ErrorHandler.java:214)
	at org.openqa.selenium.remote.ErrorHandler.throwIfResponseFailed(ErrorHandler.java:166)
	at org.openqa.selenium.remote.http.JsonHttpResponseCodec.reconstructValue(JsonHttpResponseCodec.java:40)
	at org.openqa.selenium.remote.http.AbstractHttpResponseCodec.decode(AbstractHttpResponseCodec.java:80)
	at org.openqa.selenium.remote.http.AbstractHttpResponseCodec.decode(AbstractHttpResponseCodec.java:44)
	at org.openqa.selenium.remote.HttpCommandExecutor.execute(HttpCommandExecutor.java:164)
	at org.openqa.selenium.remote.service.DriverCommandExecutor.execute(DriverCommandExecutor.java:83)
	at org.openqa.selenium.remote.RemoteWebDriver.execute(RemoteWebDriver.java:600)
	at org.openqa.selenium.remote.RemoteWebElement.execute(RemoteWebElement.java:279)
	at org.openqa.selenium.remote.RemoteWebElement.clear(RemoteWebElement.java:118)
	at inputFormWithVelidation.inputFormWithVelidation_Dynamic.enterText(inputFormWithVelidation_Dynamic.java:24)
	at inputFormWithVelidation.inputFormWithVelidation_Dynamic.inputFormFinal(inputFormWithVelidation_Dynamic.java:34)
	at inputFormWithVelidation.TC009_inputFormWithVelidation_Dynamic.inputFormWithVelidation_Dynamic(TC009_inputFormWithVelidation_Dynamic.java:30)
... Removed 29 stack frames</div></td></tr></table><p class="totop"><a href="#summary">back to summary</a></p>
<h3 id="m14">inputFormWithVelidation.TC009_inputFormWithVelidation_Dynamic#inputFormWithVelidation_Dynamic</h3><table class="result"><tr class="param"><th>Parameter #1</th><th>Parameter #2</th><th>Parameter #3</th><th>Parameter #4</th><th>Parameter #5</th><th>Parameter #6</th><th>Parameter #7</th><th>Parameter #8</th><th>Parameter #9</th><th>Parameter #10</th></tr><tr class="param stripe"><td>FirstName 6</td><td>LastName 6</td><td>FNamLNam06@Gmail.com</td><td>347-844-9079</td><td>94 MetOval</td><td>Bronx6</td><td>Georgia</td><td>10462</td><td>ahammedsorif06.com</td><td>Hello World my name is FirtName 6 and LastName 6 how are you doing call me any time .Thank you</td></tr><tr><th colspan="10">Messages</th></tr><tr><td colspan="10"><div class="messages"><a href='C:\Users\Ahammed_Sorif\Documents\EclipesShare\test.seleniumEasy.gitHub\ScreenShot\inputFormWithVelidation_Dynamic 10-03-2018_02-09-55 .png'><img src='C:\Users\Ahammed_Sorif\Documents\EclipesShare\test.seleniumEasy.gitHub\ScreenShot\inputFormWithVelidation_Dynamic 10-03-2018_02-09-55 .png' height='100' width='100'/></a></div></td></tr><tr><th colspan="10">Exception</th></tr><tr><td colspan="10"><div class="stacktrace">org.openqa.selenium.WebDriverException: unknown error: call function result missing &apos;value&apos;
  (Session info: chrome=69.0.3497.100)
  (Driver info: chromedriver=2.33.506120 (e3e53437346286c0bc2d2dc9aa4915ba81d9023f),platform=Windows NT 10.0.17134 x86_64) (WARNING: The server did not provide any stacktrace information)
Command duration or timeout: 0 milliseconds
Build info: version: &apos;3.7.1&apos;, revision: &apos;8a0099a&apos;, time: &apos;2017-11-06T21:01:39.354Z&apos;
System info: host: &apos;DESKTOP-O0HJJDF&apos;, ip: &apos;192.168.222.1&apos;, os.name: &apos;Windows 10&apos;, os.arch: &apos;amd64&apos;, os.version: &apos;10.0&apos;, java.version: &apos;1.8.0_181&apos;
Driver info: org.openqa.selenium.chrome.ChromeDriver
Capabilities {acceptSslCerts: true, applicationCacheEnabled: false, browserConnectionEnabled: false, browserName: chrome, chrome: {chromedriverVersion: 2.33.506120 (e3e53437346286..., userDataDir: C:\Users\AHAMME~1\AppData\L...}, cssSelectorsEnabled: true, databaseEnabled: false, handlesAlerts: true, hasTouchScreen: false, javascriptEnabled: true, locationContextEnabled: true, mobileEmulationEnabled: false, nativeEvents: true, networkConnectionEnabled: false, pageLoadStrategy: normal, platform: XP, platformName: XP, rotatable: false, setWindowRect: true, takesHeapSnapshot: true, takesScreenshot: true, unexpectedAlertBehaviour: , unhandledPromptBehavior: , version: 69.0.3497.100, webStorageEnabled: true}
Session ID: 0b264ba458c2e393b57f8d3e31284d9a
	at org.openqa.selenium.remote.ErrorHandler.createThrowable(ErrorHandler.java:214)
	at org.openqa.selenium.remote.ErrorHandler.throwIfResponseFailed(ErrorHandler.java:166)
	at org.openqa.selenium.remote.http.JsonHttpResponseCodec.reconstructValue(JsonHttpResponseCodec.java:40)
	at org.openqa.selenium.remote.http.AbstractHttpResponseCodec.decode(AbstractHttpResponseCodec.java:80)
	at org.openqa.selenium.remote.http.AbstractHttpResponseCodec.decode(AbstractHttpResponseCodec.java:44)
	at org.openqa.selenium.remote.HttpCommandExecutor.execute(HttpCommandExecutor.java:164)
	at org.openqa.selenium.remote.service.DriverCommandExecutor.execute(DriverCommandExecutor.java:83)
	at org.openqa.selenium.remote.RemoteWebDriver.execute(RemoteWebDriver.java:600)
	at org.openqa.selenium.remote.RemoteWebElement.execute(RemoteWebElement.java:279)
	at org.openqa.selenium.remote.RemoteWebElement.clear(RemoteWebElement.java:118)
	at inputFormWithVelidation.inputFormWithVelidation_Dynamic.enterText(inputFormWithVelidation_Dynamic.java:24)
	at inputFormWithVelidation.inputFormWithVelidation_Dynamic.inputFormFinal(inputFormWithVelidation_Dynamic.java:34)
	at inputFormWithVelidation.TC009_inputFormWithVelidation_Dynamic.inputFormWithVelidation_Dynamic(TC009_inputFormWithVelidation_Dynamic.java:30)
... Removed 29 stack frames</div></td></tr></table><p class="totop"><a href="#summary">back to summary</a></p>
<h3 id="m15">inputFormWithVelidation.TC009_inputFormWithVelidation_Dynamic#inputFormWithVelidation_Dynamic</h3><table class="result"><tr class="param"><th>Parameter #1</th><th>Parameter #2</th><th>Parameter #3</th><th>Parameter #4</th><th>Parameter #5</th><th>Parameter #6</th><th>Parameter #7</th><th>Parameter #8</th><th>Parameter #9</th><th>Parameter #10</th></tr><tr class="param stripe"><td>FirstName 1</td><td>LastName 1</td><td>FNamLNam01@Gmail.com</td><td>347-844-9074</td><td>89 MetOval</td><td>Bronx1</td><td>Alabama</td><td>10462</td><td>ahammedsorif01.com</td><td>Hello World my name is FirtName 1 and LastName 1 how are you doing call me any time .Thank you</td></tr><tr><th colspan="10">Messages</th></tr><tr><td colspan="10"><div class="messages"><a href='C:\Users\Ahammed_Sorif\Documents\EclipesShare\test.seleniumEasy.gitHub\ScreenShot\inputFormWithVelidation_Dynamic 10-03-2018_02-09-51 .png'><img src='C:\Users\Ahammed_Sorif\Documents\EclipesShare\test.seleniumEasy.gitHub\ScreenShot\inputFormWithVelidation_Dynamic 10-03-2018_02-09-51 .png' height='100' width='100'/></a></div></td></tr><tr><th colspan="10">Exception</th></tr><tr><td colspan="10"><div class="stacktrace">org.openqa.selenium.WebDriverException: unknown error: call function result missing &apos;value&apos;
  (Session info: chrome=69.0.3497.100)
  (Driver info: chromedriver=2.33.506120 (e3e53437346286c0bc2d2dc9aa4915ba81d9023f),platform=Windows NT 10.0.17134 x86_64) (WARNING: The server did not provide any stacktrace information)
Command duration or timeout: 0 milliseconds
Build info: version: &apos;3.7.1&apos;, revision: &apos;8a0099a&apos;, time: &apos;2017-11-06T21:01:39.354Z&apos;
System info: host: &apos;DESKTOP-O0HJJDF&apos;, ip: &apos;192.168.222.1&apos;, os.name: &apos;Windows 10&apos;, os.arch: &apos;amd64&apos;, os.version: &apos;10.0&apos;, java.version: &apos;1.8.0_181&apos;
Driver info: org.openqa.selenium.chrome.ChromeDriver
Capabilities {acceptSslCerts: true, applicationCacheEnabled: false, browserConnectionEnabled: false, browserName: chrome, chrome: {chromedriverVersion: 2.33.506120 (e3e53437346286..., userDataDir: C:\Users\AHAMME~1\AppData\L...}, cssSelectorsEnabled: true, databaseEnabled: false, handlesAlerts: true, hasTouchScreen: false, javascriptEnabled: true, locationContextEnabled: true, mobileEmulationEnabled: false, nativeEvents: true, networkConnectionEnabled: false, pageLoadStrategy: normal, platform: XP, platformName: XP, rotatable: false, setWindowRect: true, takesHeapSnapshot: true, takesScreenshot: true, unexpectedAlertBehaviour: , unhandledPromptBehavior: , version: 69.0.3497.100, webStorageEnabled: true}
Session ID: 0b264ba458c2e393b57f8d3e31284d9a
	at org.openqa.selenium.remote.ErrorHandler.createThrowable(ErrorHandler.java:214)
	at org.openqa.selenium.remote.ErrorHandler.throwIfResponseFailed(ErrorHandler.java:166)
	at org.openqa.selenium.remote.http.JsonHttpResponseCodec.reconstructValue(JsonHttpResponseCodec.java:40)
	at org.openqa.selenium.remote.http.AbstractHttpResponseCodec.decode(AbstractHttpResponseCodec.java:80)
	at org.openqa.selenium.remote.http.AbstractHttpResponseCodec.decode(AbstractHttpResponseCodec.java:44)
	at org.openqa.selenium.remote.HttpCommandExecutor.execute(HttpCommandExecutor.java:164)
	at org.openqa.selenium.remote.service.DriverCommandExecutor.execute(DriverCommandExecutor.java:83)
	at org.openqa.selenium.remote.RemoteWebDriver.execute(RemoteWebDriver.java:600)
	at org.openqa.selenium.remote.RemoteWebElement.execute(RemoteWebElement.java:279)
	at org.openqa.selenium.remote.RemoteWebElement.clear(RemoteWebElement.java:118)
	at inputFormWithVelidation.inputFormWithVelidation_Dynamic.enterText(inputFormWithVelidation_Dynamic.java:24)
	at inputFormWithVelidation.inputFormWithVelidation_Dynamic.inputFormFinal(inputFormWithVelidation_Dynamic.java:34)
	at inputFormWithVelidation.TC009_inputFormWithVelidation_Dynamic.inputFormWithVelidation_Dynamic(TC009_inputFormWithVelidation_Dynamic.java:30)
... Removed 29 stack frames</div></td></tr></table><p class="totop"><a href="#summary">back to summary</a></p>
<h3 id="m16">inputFormWithVelidation.TC009_inputFormWithVelidation_Dynamic#inputFormWithVelidation_Dynamic</h3><table class="result"><tr class="param"><th>Parameter #1</th><th>Parameter #2</th><th>Parameter #3</th><th>Parameter #4</th><th>Parameter #5</th><th>Parameter #6</th><th>Parameter #7</th><th>Parameter #8</th><th>Parameter #9</th><th>Parameter #10</th></tr><tr class="param stripe"><td>FirstName 7</td><td>LastName 7</td><td>FNamLNam07@Gmail.com</td><td>347-844-9080</td><td>95 MetOval</td><td>Bronx7</td><td>Hawaii</td><td>10462</td><td>ahammedsorif07.com</td><td>Hello World my name is FirtName 7 and LastName 7 how are you doing call me any time .Thank you</td></tr><tr><th colspan="10">Messages</th></tr><tr><td colspan="10"><div class="messages"><a href='C:\Users\Ahammed_Sorif\Documents\EclipesShare\test.seleniumEasy.gitHub\ScreenShot\inputFormWithVelidation_Dynamic 10-03-2018_02-09-56 .png'><img src='C:\Users\Ahammed_Sorif\Documents\EclipesShare\test.seleniumEasy.gitHub\ScreenShot\inputFormWithVelidation_Dynamic 10-03-2018_02-09-56 .png' height='100' width='100'/></a></div></td></tr><tr><th colspan="10">Exception</th></tr><tr><td colspan="10"><div class="stacktrace">org.openqa.selenium.WebDriverException: unknown error: call function result missing &apos;value&apos;
  (Session info: chrome=69.0.3497.100)
  (Driver info: chromedriver=2.33.506120 (e3e53437346286c0bc2d2dc9aa4915ba81d9023f),platform=Windows NT 10.0.17134 x86_64) (WARNING: The server did not provide any stacktrace information)
Command duration or timeout: 0 milliseconds
Build info: version: &apos;3.7.1&apos;, revision: &apos;8a0099a&apos;, time: &apos;2017-11-06T21:01:39.354Z&apos;
System info: host: &apos;DESKTOP-O0HJJDF&apos;, ip: &apos;192.168.222.1&apos;, os.name: &apos;Windows 10&apos;, os.arch: &apos;amd64&apos;, os.version: &apos;10.0&apos;, java.version: &apos;1.8.0_181&apos;
Driver info: org.openqa.selenium.chrome.ChromeDriver
Capabilities {acceptSslCerts: true, applicationCacheEnabled: false, browserConnectionEnabled: false, browserName: chrome, chrome: {chromedriverVersion: 2.33.506120 (e3e53437346286..., userDataDir: C:\Users\AHAMME~1\AppData\L...}, cssSelectorsEnabled: true, databaseEnabled: false, handlesAlerts: true, hasTouchScreen: false, javascriptEnabled: true, locationContextEnabled: true, mobileEmulationEnabled: false, nativeEvents: true, networkConnectionEnabled: false, pageLoadStrategy: normal, platform: XP, platformName: XP, rotatable: false, setWindowRect: true, takesHeapSnapshot: true, takesScreenshot: true, unexpectedAlertBehaviour: , unhandledPromptBehavior: , version: 69.0.3497.100, webStorageEnabled: true}
Session ID: 0b264ba458c2e393b57f8d3e31284d9a
	at org.openqa.selenium.remote.ErrorHandler.createThrowable(ErrorHandler.java:214)
	at org.openqa.selenium.remote.ErrorHandler.throwIfResponseFailed(ErrorHandler.java:166)
	at org.openqa.selenium.remote.http.JsonHttpResponseCodec.reconstructValue(JsonHttpResponseCodec.java:40)
	at org.openqa.selenium.remote.http.AbstractHttpResponseCodec.decode(AbstractHttpResponseCodec.java:80)
	at org.openqa.selenium.remote.http.AbstractHttpResponseCodec.decode(AbstractHttpResponseCodec.java:44)
	at org.openqa.selenium.remote.HttpCommandExecutor.execute(HttpCommandExecutor.java:164)
	at org.openqa.selenium.remote.service.DriverCommandExecutor.execute(DriverCommandExecutor.java:83)
	at org.openqa.selenium.remote.RemoteWebDriver.execute(RemoteWebDriver.java:600)
	at org.openqa.selenium.remote.RemoteWebElement.execute(RemoteWebElement.java:279)
	at org.openqa.selenium.remote.RemoteWebElement.clear(RemoteWebElement.java:118)
	at inputFormWithVelidation.inputFormWithVelidation_Dynamic.enterText(inputFormWithVelidation_Dynamic.java:24)
	at inputFormWithVelidation.inputFormWithVelidation_Dynamic.inputFormFinal(inputFormWithVelidation_Dynamic.java:34)
	at inputFormWithVelidation.TC009_inputFormWithVelidation_Dynamic.inputFormWithVelidation_Dynamic(TC009_inputFormWithVelidation_Dynamic.java:30)
... Removed 29 stack frames</div></td></tr></table><p class="totop"><a href="#summary">back to summary</a></p>
<h3 id="m17">inputFormWithVelidation.TC009_inputFormWithVelidation_Dynamic#inputFormWithVelidation_Dynamic</h3><table class="result"><tr class="param"><th>Parameter #1</th><th>Parameter #2</th><th>Parameter #3</th><th>Parameter #4</th><th>Parameter #5</th><th>Parameter #6</th><th>Parameter #7</th><th>Parameter #8</th><th>Parameter #9</th><th>Parameter #10</th></tr><tr class="param stripe"><td>FirstName 10</td><td>LastName 10</td><td>FNamLNam10@Gmail.com</td><td>347-844-9083</td><td>98 MetOval</td><td>Bronx10</td><td>Michigan</td><td>10462</td><td>ahammedsorif10.com</td><td>Hello World my name is FirtName 10 and LastName 10 how are you doing call me any time .Thank you</td></tr><tr><th colspan="10">Messages</th></tr><tr><td colspan="10"><div class="messages"><a href='C:\Users\Ahammed_Sorif\Documents\EclipesShare\test.seleniumEasy.gitHub\ScreenShot\inputFormWithVelidation_Dynamic 10-03-2018_02-09-58 .png'><img src='C:\Users\Ahammed_Sorif\Documents\EclipesShare\test.seleniumEasy.gitHub\ScreenShot\inputFormWithVelidation_Dynamic 10-03-2018_02-09-58 .png' height='100' width='100'/></a></div></td></tr><tr><th colspan="10">Exception</th></tr><tr><td colspan="10"><div class="stacktrace">org.openqa.selenium.WebDriverException: unknown error: call function result missing &apos;value&apos;
  (Session info: chrome=69.0.3497.100)
  (Driver info: chromedriver=2.33.506120 (e3e53437346286c0bc2d2dc9aa4915ba81d9023f),platform=Windows NT 10.0.17134 x86_64) (WARNING: The server did not provide any stacktrace information)
Command duration or timeout: 0 milliseconds
Build info: version: &apos;3.7.1&apos;, revision: &apos;8a0099a&apos;, time: &apos;2017-11-06T21:01:39.354Z&apos;
System info: host: &apos;DESKTOP-O0HJJDF&apos;, ip: &apos;192.168.222.1&apos;, os.name: &apos;Windows 10&apos;, os.arch: &apos;amd64&apos;, os.version: &apos;10.0&apos;, java.version: &apos;1.8.0_181&apos;
Driver info: org.openqa.selenium.chrome.ChromeDriver
Capabilities {acceptSslCerts: true, applicationCacheEnabled: false, browserConnectionEnabled: false, browserName: chrome, chrome: {chromedriverVersion: 2.33.506120 (e3e53437346286..., userDataDir: C:\Users\AHAMME~1\AppData\L...}, cssSelectorsEnabled: true, databaseEnabled: false, handlesAlerts: true, hasTouchScreen: false, javascriptEnabled: true, locationContextEnabled: true, mobileEmulationEnabled: false, nativeEvents: true, networkConnectionEnabled: false, pageLoadStrategy: normal, platform: XP, platformName: XP, rotatable: false, setWindowRect: true, takesHeapSnapshot: true, takesScreenshot: true, unexpectedAlertBehaviour: , unhandledPromptBehavior: , version: 69.0.3497.100, webStorageEnabled: true}
Session ID: 0b264ba458c2e393b57f8d3e31284d9a
	at org.openqa.selenium.remote.ErrorHandler.createThrowable(ErrorHandler.java:214)
	at org.openqa.selenium.remote.ErrorHandler.throwIfResponseFailed(ErrorHandler.java:166)
	at org.openqa.selenium.remote.http.JsonHttpResponseCodec.reconstructValue(JsonHttpResponseCodec.java:40)
	at org.openqa.selenium.remote.http.AbstractHttpResponseCodec.decode(AbstractHttpResponseCodec.java:80)
	at org.openqa.selenium.remote.http.AbstractHttpResponseCodec.decode(AbstractHttpResponseCodec.java:44)
	at org.openqa.selenium.remote.HttpCommandExecutor.execute(HttpCommandExecutor.java:164)
	at org.openqa.selenium.remote.service.DriverCommandExecutor.execute(DriverCommandExecutor.java:83)
	at org.openqa.selenium.remote.RemoteWebDriver.execute(RemoteWebDriver.java:600)
	at org.openqa.selenium.remote.RemoteWebElement.execute(RemoteWebElement.java:279)
	at org.openqa.selenium.remote.RemoteWebElement.clear(RemoteWebElement.java:118)
	at inputFormWithVelidation.inputFormWithVelidation_Dynamic.enterText(inputFormWithVelidation_Dynamic.java:24)
	at inputFormWithVelidation.inputFormWithVelidation_Dynamic.inputFormFinal(inputFormWithVelidation_Dynamic.java:34)
	at inputFormWithVelidation.TC009_inputFormWithVelidation_Dynamic.inputFormWithVelidation_Dynamic(TC009_inputFormWithVelidation_Dynamic.java:30)
... Removed 29 stack frames</div></td></tr></table><p class="totop"><a href="#summary">back to summary</a></p>
</body>
</html>
