<?xml version="1.0" encoding="UTF-8"?>
<testng-results skipped="0" failed="15" ignored="0" total="18" passed="3">
  <reporter-output>
    <line>
      <![CDATA[<a href='C:\Users\Ahammed_Sorif\Documents\EclipesShare\test.seleniumEasy.gitHub\ScreenShot\SimpleFormDemo 10-03-2018_02-08-27 .png'><img src='C:\Users\Ahammed_Sorif\Documents\EclipesShare\test.seleniumEasy.gitHub\ScreenShot\SimpleFormDemo 10-03-2018_02-08-27 .png' height='100' width='100'/></a>]]>
    </line>
    <line>
      <![CDATA[<a href='C:\Users\Ahammed_Sorif\Documents\EclipesShare\test.seleniumEasy.gitHub\ScreenShot\methodName 10-03-2018_02-08-39 .png'><img src='C:\Users\Ahammed_Sorif\Documents\EclipesShare\test.seleniumEasy.gitHub\ScreenShot\methodName 10-03-2018_02-08-39 .png' height='100' width='100'/></a>]]>
    </line>
    <line>
      <![CDATA[<a href='C:\Users\Ahammed_Sorif\Documents\EclipesShare\test.seleniumEasy.gitHub\ScreenShot\checkBoxDemo_singles 10-03-2018_02-08-49 .png'><img src='C:\Users\Ahammed_Sorif\Documents\EclipesShare\test.seleniumEasy.gitHub\ScreenShot\checkBoxDemo_singles 10-03-2018_02-08-49 .png' height='100' width='100'/></a>]]>
    </line>
    <line>
      <![CDATA[<a href='C:\Users\Ahammed_Sorif\Documents\EclipesShare\test.seleniumEasy.gitHub\ScreenShot\checkBoxDemo_multiBox 10-03-2018_02-08-58 .png'><img src='C:\Users\Ahammed_Sorif\Documents\EclipesShare\test.seleniumEasy.gitHub\ScreenShot\checkBoxDemo_multiBox 10-03-2018_02-08-58 .png' height='100' width='100'/></a>]]>
    </line>
    <line>
      <![CDATA[<a href='C:\Users\Ahammed_Sorif\Documents\EclipesShare\test.seleniumEasy.gitHub\ScreenShot\radioButtonDemo 10-03-2018_02-09-07 .png'><img src='C:\Users\Ahammed_Sorif\Documents\EclipesShare\test.seleniumEasy.gitHub\ScreenShot\radioButtonDemo 10-03-2018_02-09-07 .png' height='100' width='100'/></a>]]>
    </line>
    <line>
      <![CDATA[<a href='C:\Users\Ahammed_Sorif\Documents\EclipesShare\test.seleniumEasy.gitHub\ScreenShot\radioButtonDemo 10-03-2018_02-09-17 .png'><img src='C:\Users\Ahammed_Sorif\Documents\EclipesShare\test.seleniumEasy.gitHub\ScreenShot\radioButtonDemo 10-03-2018_02-09-17 .png' height='100' width='100'/></a>]]>
    </line>
    <line>
      <![CDATA[<a href='C:\Users\Ahammed_Sorif\Documents\EclipesShare\test.seleniumEasy.gitHub\ScreenShot\selectDropDownListFirstManu 10-03-2018_02-09-30 .png'><img src='C:\Users\Ahammed_Sorif\Documents\EclipesShare\test.seleniumEasy.gitHub\ScreenShot\selectDropDownListFirstManu 10-03-2018_02-09-30 .png' height='100' width='100'/></a>]]>
    </line>
    <line>
      <![CDATA[<a href='C:\Users\Ahammed_Sorif\Documents\EclipesShare\test.seleniumEasy.gitHub\ScreenShot\inputFormWithVelidation 10-03-2018_02-09-40 .png'><img src='C:\Users\Ahammed_Sorif\Documents\EclipesShare\test.seleniumEasy.gitHub\ScreenShot\inputFormWithVelidation 10-03-2018_02-09-40 .png' height='100' width='100'/></a>]]>
    </line>
    <line>
      <![CDATA[<a href='C:\Users\Ahammed_Sorif\Documents\EclipesShare\test.seleniumEasy.gitHub\ScreenShot\inputFormWithVelidation_Dynamic 10-03-2018_02-09-51 .png'><img src='C:\Users\Ahammed_Sorif\Documents\EclipesShare\test.seleniumEasy.gitHub\ScreenShot\inputFormWithVelidation_Dynamic 10-03-2018_02-09-51 .png' height='100' width='100'/></a>]]>
    </line>
    <line>
      <![CDATA[<a href='C:\Users\Ahammed_Sorif\Documents\EclipesShare\test.seleniumEasy.gitHub\ScreenShot\inputFormWithVelidation_Dynamic 10-03-2018_02-09-52 .png'><img src='C:\Users\Ahammed_Sorif\Documents\EclipesShare\test.seleniumEasy.gitHub\ScreenShot\inputFormWithVelidation_Dynamic 10-03-2018_02-09-52 .png' height='100' width='100'/></a>]]>
    </line>
    <line>
      <![CDATA[<a href='C:\Users\Ahammed_Sorif\Documents\EclipesShare\test.seleniumEasy.gitHub\ScreenShot\inputFormWithVelidation_Dynamic 10-03-2018_02-09-53 .png'><img src='C:\Users\Ahammed_Sorif\Documents\EclipesShare\test.seleniumEasy.gitHub\ScreenShot\inputFormWithVelidation_Dynamic 10-03-2018_02-09-53 .png' height='100' width='100'/></a>]]>
    </line>
    <line>
      <![CDATA[<a href='C:\Users\Ahammed_Sorif\Documents\EclipesShare\test.seleniumEasy.gitHub\ScreenShot\inputFormWithVelidation_Dynamic 10-03-2018_02-09-54 .png'><img src='C:\Users\Ahammed_Sorif\Documents\EclipesShare\test.seleniumEasy.gitHub\ScreenShot\inputFormWithVelidation_Dynamic 10-03-2018_02-09-54 .png' height='100' width='100'/></a>]]>
    </line>
    <line>
      <![CDATA[<a href='C:\Users\Ahammed_Sorif\Documents\EclipesShare\test.seleniumEasy.gitHub\ScreenShot\inputFormWithVelidation_Dynamic 10-03-2018_02-09-54 .png'><img src='C:\Users\Ahammed_Sorif\Documents\EclipesShare\test.seleniumEasy.gitHub\ScreenShot\inputFormWithVelidation_Dynamic 10-03-2018_02-09-54 .png' height='100' width='100'/></a>]]>
    </line>
    <line>
      <![CDATA[<a href='C:\Users\Ahammed_Sorif\Documents\EclipesShare\test.seleniumEasy.gitHub\ScreenShot\inputFormWithVelidation_Dynamic 10-03-2018_02-09-55 .png'><img src='C:\Users\Ahammed_Sorif\Documents\EclipesShare\test.seleniumEasy.gitHub\ScreenShot\inputFormWithVelidation_Dynamic 10-03-2018_02-09-55 .png' height='100' width='100'/></a>]]>
    </line>
    <line>
      <![CDATA[<a href='C:\Users\Ahammed_Sorif\Documents\EclipesShare\test.seleniumEasy.gitHub\ScreenShot\inputFormWithVelidation_Dynamic 10-03-2018_02-09-56 .png'><img src='C:\Users\Ahammed_Sorif\Documents\EclipesShare\test.seleniumEasy.gitHub\ScreenShot\inputFormWithVelidation_Dynamic 10-03-2018_02-09-56 .png' height='100' width='100'/></a>]]>
    </line>
    <line>
      <![CDATA[<a href='C:\Users\Ahammed_Sorif\Documents\EclipesShare\test.seleniumEasy.gitHub\ScreenShot\inputFormWithVelidation_Dynamic 10-03-2018_02-09-57 .png'><img src='C:\Users\Ahammed_Sorif\Documents\EclipesShare\test.seleniumEasy.gitHub\ScreenShot\inputFormWithVelidation_Dynamic 10-03-2018_02-09-57 .png' height='100' width='100'/></a>]]>
    </line>
    <line>
      <![CDATA[<a href='C:\Users\Ahammed_Sorif\Documents\EclipesShare\test.seleniumEasy.gitHub\ScreenShot\inputFormWithVelidation_Dynamic 10-03-2018_02-09-57 .png'><img src='C:\Users\Ahammed_Sorif\Documents\EclipesShare\test.seleniumEasy.gitHub\ScreenShot\inputFormWithVelidation_Dynamic 10-03-2018_02-09-57 .png' height='100' width='100'/></a>]]>
    </line>
    <line>
      <![CDATA[<a href='C:\Users\Ahammed_Sorif\Documents\EclipesShare\test.seleniumEasy.gitHub\ScreenShot\inputFormWithVelidation_Dynamic 10-03-2018_02-09-58 .png'><img src='C:\Users\Ahammed_Sorif\Documents\EclipesShare\test.seleniumEasy.gitHub\ScreenShot\inputFormWithVelidation_Dynamic 10-03-2018_02-09-58 .png' height='100' width='100'/></a>]]>
    </line>
  </reporter-output>
  <suite name="Selenium Easy" duration-ms="106655" started-at="2018-10-03T18:08:14Z" finished-at="2018-10-03T18:10:00Z">
    <groups>
    </groups>
    <test name="SimpleFormDemo_SingleInput" duration-ms="25960" started-at="2018-10-03T18:08:14Z" finished-at="2018-10-03T18:08:40Z">
      <class name="simpleFormDemo.TC002_simpleFormDemo_DoubleInput">
        <test-method status="PASS" signature="setUp()[pri:0, instance:simpleFormDemo.TC002_simpleFormDemo_DoubleInput@57baeedf]" name="setUp" is-config="true" duration-ms="10302" started-at="2018-10-03T18:08:27Z" finished-at="2018-10-03T18:08:38Z">
          <reporter-output>
          </reporter-output>
        </test-method> <!-- setUp -->
        <test-method status="FAIL" signature="methodName()[pri:0, instance:simpleFormDemo.TC002_simpleFormDemo_DoubleInput@57baeedf]" name="methodName" duration-ms="1513" started-at="2018-10-03T18:08:38Z" finished-at="2018-10-03T18:08:39Z">
          <exception class="org.openqa.selenium.WebDriverException">
            <message>
              <![CDATA[unknown error: call function result missing 'value'
  (Session info: chrome=69.0.3497.100)
  (Driver info: chromedriver=2.33.506120 (e3e53437346286c0bc2d2dc9aa4915ba81d9023f),platform=Windows NT 10.0.17134 x86_64) (WARNING: The server did not provide any stacktrace information)
Command duration or timeout: 0 milliseconds
Build info: version: '3.7.1', revision: '8a0099a', time: '2017-11-06T21:01:39.354Z'
System info: host: 'DESKTOP-O0HJJDF', ip: '192.168.222.1', os.name: 'Windows 10', os.arch: 'amd64', os.version: '10.0', java.version: '1.8.0_181'
Driver info: org.openqa.selenium.chrome.ChromeDriver
Capabilities {acceptSslCerts: true, applicationCacheEnabled: false, browserConnectionEnabled: false, browserName: chrome, chrome: {chromedriverVersion: 2.33.506120 (e3e53437346286..., userDataDir: C:\Users\AHAMME~1\AppData\L...}, cssSelectorsEnabled: true, databaseEnabled: false, handlesAlerts: true, hasTouchScreen: false, javascriptEnabled: true, locationContextEnabled: true, mobileEmulationEnabled: false, nativeEvents: true, networkConnectionEnabled: false, pageLoadStrategy: normal, platform: XP, platformName: XP, rotatable: false, setWindowRect: true, takesHeapSnapshot: true, takesScreenshot: true, unexpectedAlertBehaviour: , unhandledPromptBehavior: , version: 69.0.3497.100, webStorageEnabled: true}
Session ID: 7da03efb94d1afe6605dd3e4035e5e12]]>
            </message>
            <full-stacktrace>
              <![CDATA[org.openqa.selenium.WebDriverException: unknown error: call function result missing 'value'
  (Session info: chrome=69.0.3497.100)
  (Driver info: chromedriver=2.33.506120 (e3e53437346286c0bc2d2dc9aa4915ba81d9023f),platform=Windows NT 10.0.17134 x86_64) (WARNING: The server did not provide any stacktrace information)
Command duration or timeout: 0 milliseconds
Build info: version: '3.7.1', revision: '8a0099a', time: '2017-11-06T21:01:39.354Z'
System info: host: 'DESKTOP-O0HJJDF', ip: '192.168.222.1', os.name: 'Windows 10', os.arch: 'amd64', os.version: '10.0', java.version: '1.8.0_181'
Driver info: org.openqa.selenium.chrome.ChromeDriver
Capabilities {acceptSslCerts: true, applicationCacheEnabled: false, browserConnectionEnabled: false, browserName: chrome, chrome: {chromedriverVersion: 2.33.506120 (e3e53437346286..., userDataDir: C:\Users\AHAMME~1\AppData\L...}, cssSelectorsEnabled: true, databaseEnabled: false, handlesAlerts: true, hasTouchScreen: false, javascriptEnabled: true, locationContextEnabled: true, mobileEmulationEnabled: false, nativeEvents: true, networkConnectionEnabled: false, pageLoadStrategy: normal, platform: XP, platformName: XP, rotatable: false, setWindowRect: true, takesHeapSnapshot: true, takesScreenshot: true, unexpectedAlertBehaviour: , unhandledPromptBehavior: , version: 69.0.3497.100, webStorageEnabled: true}
Session ID: 7da03efb94d1afe6605dd3e4035e5e12
at sun.reflect.NativeConstructorAccessorImpl.newInstance0(Native Method)
at sun.reflect.NativeConstructorAccessorImpl.newInstance(Unknown Source)
at sun.reflect.DelegatingConstructorAccessorImpl.newInstance(Unknown Source)
at java.lang.reflect.Constructor.newInstance(Unknown Source)
at org.openqa.selenium.remote.ErrorHandler.createThrowable(ErrorHandler.java:214)
at org.openqa.selenium.remote.ErrorHandler.throwIfResponseFailed(ErrorHandler.java:166)
at org.openqa.selenium.remote.http.JsonHttpResponseCodec.reconstructValue(JsonHttpResponseCodec.java:40)
at org.openqa.selenium.remote.http.AbstractHttpResponseCodec.decode(AbstractHttpResponseCodec.java:80)
at org.openqa.selenium.remote.http.AbstractHttpResponseCodec.decode(AbstractHttpResponseCodec.java:44)
at org.openqa.selenium.remote.HttpCommandExecutor.execute(HttpCommandExecutor.java:164)
at org.openqa.selenium.remote.service.DriverCommandExecutor.execute(DriverCommandExecutor.java:83)
at org.openqa.selenium.remote.RemoteWebDriver.execute(RemoteWebDriver.java:600)
at org.openqa.selenium.remote.RemoteWebElement.execute(RemoteWebElement.java:279)
at org.openqa.selenium.remote.RemoteWebElement.sendKeys(RemoteWebElement.java:100)
at sun.reflect.NativeMethodAccessorImpl.invoke0(Native Method)
at sun.reflect.NativeMethodAccessorImpl.invoke(Unknown Source)
at sun.reflect.DelegatingMethodAccessorImpl.invoke(Unknown Source)
at java.lang.reflect.Method.invoke(Unknown Source)
at org.openqa.selenium.support.pagefactory.internal.LocatingElementHandler.invoke(LocatingElementHandler.java:51)
at com.sun.proxy.$Proxy12.sendKeys(Unknown Source)
at simpleFormDemo.simpleFormDemo_DoubleInput.EnterText(simpleFormDemo_DoubleInput.java:31)
at simpleFormDemo.simpleFormDemo_DoubleInput.DoubleInputFinal(simpleFormDemo_DoubleInput.java:51)
at simpleFormDemo.TC002_simpleFormDemo_DoubleInput.methodName(TC002_simpleFormDemo_DoubleInput.java:17)
at sun.reflect.NativeMethodAccessorImpl.invoke0(Native Method)
at sun.reflect.NativeMethodAccessorImpl.invoke(Unknown Source)
at sun.reflect.DelegatingMethodAccessorImpl.invoke(Unknown Source)
at java.lang.reflect.Method.invoke(Unknown Source)
at org.testng.internal.MethodInvocationHelper.invokeMethod(MethodInvocationHelper.java:124)
at org.testng.internal.Invoker.invokeMethod(Invoker.java:580)
at org.testng.internal.Invoker.invokeTestMethod(Invoker.java:716)
at org.testng.internal.Invoker.invokeTestMethods(Invoker.java:988)
at org.testng.internal.TestMethodWorker.invokeTestMethods(TestMethodWorker.java:125)
at org.testng.internal.TestMethodWorker.run(TestMethodWorker.java:109)
at org.testng.TestRunner.privateRun(TestRunner.java:648)
at org.testng.TestRunner.run(TestRunner.java:505)
at org.testng.SuiteRunner.runTest(SuiteRunner.java:455)
at org.testng.SuiteRunner.runSequentially(SuiteRunner.java:450)
at org.testng.SuiteRunner.privateRun(SuiteRunner.java:415)
at org.testng.SuiteRunner.run(SuiteRunner.java:364)
at org.testng.SuiteRunnerWorker.runSuite(SuiteRunnerWorker.java:52)
at org.testng.SuiteRunnerWorker.run(SuiteRunnerWorker.java:84)
at org.testng.TestNG.runSuitesSequentially(TestNG.java:1208)
at org.testng.TestNG.runSuitesLocally(TestNG.java:1137)
at org.testng.TestNG.runSuites(TestNG.java:1049)
at org.testng.TestNG.run(TestNG.java:1017)
at org.testng.remote.AbstractRemoteTestNG.run(AbstractRemoteTestNG.java:114)
at org.testng.remote.RemoteTestNG.initAndRun(RemoteTestNG.java:251)
at org.testng.remote.RemoteTestNG.main(RemoteTestNG.java:77)
]]>
            </full-stacktrace>
          </exception> <!-- org.openqa.selenium.WebDriverException -->
          <reporter-output>
            <line>
              <![CDATA[<a href='C:\Users\Ahammed_Sorif\Documents\EclipesShare\test.seleniumEasy.gitHub\ScreenShot\methodName 10-03-2018_02-08-39 .png'><img src='C:\Users\Ahammed_Sorif\Documents\EclipesShare\test.seleniumEasy.gitHub\ScreenShot\methodName 10-03-2018_02-08-39 .png' height='100' width='100'/></a>]]>
            </line>
          </reporter-output>
        </test-method> <!-- methodName -->
        <test-method status="PASS" signature="endTest()[pri:0, instance:simpleFormDemo.TC002_simpleFormDemo_DoubleInput@57baeedf]" name="endTest" is-config="true" duration-ms="200" started-at="2018-10-03T18:08:39Z" finished-at="2018-10-03T18:08:40Z">
          <reporter-output>
          </reporter-output>
        </test-method> <!-- endTest -->
      </class> <!-- simpleFormDemo.TC002_simpleFormDemo_DoubleInput -->
      <class name="simpleFormDemo.TC001_SimpleFormDemo_SingleInput">
        <test-method status="PASS" signature="setUp()[pri:0, instance:simpleFormDemo.TC001_SimpleFormDemo_SingleInput@42e26948]" name="setUp" is-config="true" duration-ms="11698" started-at="2018-10-03T18:08:14Z" finished-at="2018-10-03T18:08:25Z">
          <reporter-output>
          </reporter-output>
        </test-method> <!-- setUp -->
        <test-method status="FAIL" signature="SimpleFormDemo()[pri:0, instance:simpleFormDemo.TC001_SimpleFormDemo_SingleInput@42e26948]" name="SimpleFormDemo" duration-ms="1176" started-at="2018-10-03T18:08:25Z" finished-at="2018-10-03T18:08:27Z">
          <exception class="org.openqa.selenium.WebDriverException">
            <message>
              <![CDATA[unknown error: call function result missing 'value'
  (Session info: chrome=69.0.3497.100)
  (Driver info: chromedriver=2.33.506120 (e3e53437346286c0bc2d2dc9aa4915ba81d9023f),platform=Windows NT 10.0.17134 x86_64) (WARNING: The server did not provide any stacktrace information)
Command duration or timeout: 0 milliseconds
Build info: version: '3.7.1', revision: '8a0099a', time: '2017-11-06T21:01:39.354Z'
System info: host: 'DESKTOP-O0HJJDF', ip: '192.168.222.1', os.name: 'Windows 10', os.arch: 'amd64', os.version: '10.0', java.version: '1.8.0_181'
Driver info: org.openqa.selenium.chrome.ChromeDriver
Capabilities {acceptSslCerts: true, applicationCacheEnabled: false, browserConnectionEnabled: false, browserName: chrome, chrome: {chromedriverVersion: 2.33.506120 (e3e53437346286..., userDataDir: C:\Users\AHAMME~1\AppData\L...}, cssSelectorsEnabled: true, databaseEnabled: false, handlesAlerts: true, hasTouchScreen: false, javascriptEnabled: true, locationContextEnabled: true, mobileEmulationEnabled: false, nativeEvents: true, networkConnectionEnabled: false, pageLoadStrategy: normal, platform: XP, platformName: XP, rotatable: false, setWindowRect: true, takesHeapSnapshot: true, takesScreenshot: true, unexpectedAlertBehaviour: , unhandledPromptBehavior: , version: 69.0.3497.100, webStorageEnabled: true}
Session ID: 19411b0e25f839ec9d6a8b0ef71ca07c]]>
            </message>
            <full-stacktrace>
              <![CDATA[org.openqa.selenium.WebDriverException: unknown error: call function result missing 'value'
  (Session info: chrome=69.0.3497.100)
  (Driver info: chromedriver=2.33.506120 (e3e53437346286c0bc2d2dc9aa4915ba81d9023f),platform=Windows NT 10.0.17134 x86_64) (WARNING: The server did not provide any stacktrace information)
Command duration or timeout: 0 milliseconds
Build info: version: '3.7.1', revision: '8a0099a', time: '2017-11-06T21:01:39.354Z'
System info: host: 'DESKTOP-O0HJJDF', ip: '192.168.222.1', os.name: 'Windows 10', os.arch: 'amd64', os.version: '10.0', java.version: '1.8.0_181'
Driver info: org.openqa.selenium.chrome.ChromeDriver
Capabilities {acceptSslCerts: true, applicationCacheEnabled: false, browserConnectionEnabled: false, browserName: chrome, chrome: {chromedriverVersion: 2.33.506120 (e3e53437346286..., userDataDir: C:\Users\AHAMME~1\AppData\L...}, cssSelectorsEnabled: true, databaseEnabled: false, handlesAlerts: true, hasTouchScreen: false, javascriptEnabled: true, locationContextEnabled: true, mobileEmulationEnabled: false, nativeEvents: true, networkConnectionEnabled: false, pageLoadStrategy: normal, platform: XP, platformName: XP, rotatable: false, setWindowRect: true, takesHeapSnapshot: true, takesScreenshot: true, unexpectedAlertBehaviour: , unhandledPromptBehavior: , version: 69.0.3497.100, webStorageEnabled: true}
Session ID: 19411b0e25f839ec9d6a8b0ef71ca07c
at sun.reflect.NativeConstructorAccessorImpl.newInstance0(Native Method)
at sun.reflect.NativeConstructorAccessorImpl.newInstance(Unknown Source)
at sun.reflect.DelegatingConstructorAccessorImpl.newInstance(Unknown Source)
at java.lang.reflect.Constructor.newInstance(Unknown Source)
at org.openqa.selenium.remote.ErrorHandler.createThrowable(ErrorHandler.java:214)
at org.openqa.selenium.remote.ErrorHandler.throwIfResponseFailed(ErrorHandler.java:166)
at org.openqa.selenium.remote.http.JsonHttpResponseCodec.reconstructValue(JsonHttpResponseCodec.java:40)
at org.openqa.selenium.remote.http.AbstractHttpResponseCodec.decode(AbstractHttpResponseCodec.java:80)
at org.openqa.selenium.remote.http.AbstractHttpResponseCodec.decode(AbstractHttpResponseCodec.java:44)
at org.openqa.selenium.remote.HttpCommandExecutor.execute(HttpCommandExecutor.java:164)
at org.openqa.selenium.remote.service.DriverCommandExecutor.execute(DriverCommandExecutor.java:83)
at org.openqa.selenium.remote.RemoteWebDriver.execute(RemoteWebDriver.java:600)
at org.openqa.selenium.remote.RemoteWebElement.execute(RemoteWebElement.java:279)
at org.openqa.selenium.remote.RemoteWebElement.sendKeys(RemoteWebElement.java:100)
at sun.reflect.NativeMethodAccessorImpl.invoke0(Native Method)
at sun.reflect.NativeMethodAccessorImpl.invoke(Unknown Source)
at sun.reflect.DelegatingMethodAccessorImpl.invoke(Unknown Source)
at java.lang.reflect.Method.invoke(Unknown Source)
at org.openqa.selenium.support.pagefactory.internal.LocatingElementHandler.invoke(LocatingElementHandler.java:51)
at com.sun.proxy.$Proxy12.sendKeys(Unknown Source)
at simpleFormDemo.simpleFormDemo_SingleInput.enterMassage(simpleFormDemo_SingleInput.java:29)
at simpleFormDemo.simpleFormDemo_SingleInput.simpleDemoSingleInput(simpleFormDemo_SingleInput.java:41)
at simpleFormDemo.TC001_SimpleFormDemo_SingleInput.SimpleFormDemo(TC001_SimpleFormDemo_SingleInput.java:19)
at sun.reflect.NativeMethodAccessorImpl.invoke0(Native Method)
at sun.reflect.NativeMethodAccessorImpl.invoke(Unknown Source)
at sun.reflect.DelegatingMethodAccessorImpl.invoke(Unknown Source)
at java.lang.reflect.Method.invoke(Unknown Source)
at org.testng.internal.MethodInvocationHelper.invokeMethod(MethodInvocationHelper.java:124)
at org.testng.internal.Invoker.invokeMethod(Invoker.java:580)
at org.testng.internal.Invoker.invokeTestMethod(Invoker.java:716)
at org.testng.internal.Invoker.invokeTestMethods(Invoker.java:988)
at org.testng.internal.TestMethodWorker.invokeTestMethods(TestMethodWorker.java:125)
at org.testng.internal.TestMethodWorker.run(TestMethodWorker.java:109)
at org.testng.TestRunner.privateRun(TestRunner.java:648)
at org.testng.TestRunner.run(TestRunner.java:505)
at org.testng.SuiteRunner.runTest(SuiteRunner.java:455)
at org.testng.SuiteRunner.runSequentially(SuiteRunner.java:450)
at org.testng.SuiteRunner.privateRun(SuiteRunner.java:415)
at org.testng.SuiteRunner.run(SuiteRunner.java:364)
at org.testng.SuiteRunnerWorker.runSuite(SuiteRunnerWorker.java:52)
at org.testng.SuiteRunnerWorker.run(SuiteRunnerWorker.java:84)
at org.testng.TestNG.runSuitesSequentially(TestNG.java:1208)
at org.testng.TestNG.runSuitesLocally(TestNG.java:1137)
at org.testng.TestNG.runSuites(TestNG.java:1049)
at org.testng.TestNG.run(TestNG.java:1017)
at org.testng.remote.AbstractRemoteTestNG.run(AbstractRemoteTestNG.java:114)
at org.testng.remote.RemoteTestNG.initAndRun(RemoteTestNG.java:251)
at org.testng.remote.RemoteTestNG.main(RemoteTestNG.java:77)
]]>
            </full-stacktrace>
          </exception> <!-- org.openqa.selenium.WebDriverException -->
          <reporter-output>
            <line>
              <![CDATA[<a href='C:\Users\Ahammed_Sorif\Documents\EclipesShare\test.seleniumEasy.gitHub\ScreenShot\SimpleFormDemo 10-03-2018_02-08-27 .png'><img src='C:\Users\Ahammed_Sorif\Documents\EclipesShare\test.seleniumEasy.gitHub\ScreenShot\SimpleFormDemo 10-03-2018_02-08-27 .png' height='100' width='100'/></a>]]>
            </line>
          </reporter-output>
        </test-method> <!-- SimpleFormDemo -->
        <test-method status="PASS" signature="endTest()[pri:0, instance:simpleFormDemo.TC001_SimpleFormDemo_SingleInput@42e26948]" name="endTest" is-config="true" duration-ms="238" started-at="2018-10-03T18:08:27Z" finished-at="2018-10-03T18:08:27Z">
          <reporter-output>
          </reporter-output>
        </test-method> <!-- endTest -->
      </class> <!-- simpleFormDemo.TC001_SimpleFormDemo_SingleInput -->
    </test> <!-- SimpleFormDemo_SingleInput -->
    <test name="checkBoxDemo_single" duration-ms="18508" started-at="2018-10-03T18:08:40Z" finished-at="2018-10-03T18:08:58Z">
      <class name="checkBoxDemo.TC004_checkBoxDemo_multiBox">
        <test-method status="PASS" signature="setUp()[pri:0, instance:checkBoxDemo.TC004_checkBoxDemo_multiBox@3f49dace]" name="setUp" is-config="true" duration-ms="7427" started-at="2018-10-03T18:08:49Z" finished-at="2018-10-03T18:08:57Z">
          <reporter-output>
          </reporter-output>
        </test-method> <!-- setUp -->
        <test-method status="PASS" signature="checkBoxDemo_multiBox()[pri:0, instance:checkBoxDemo.TC004_checkBoxDemo_multiBox@3f49dace]" name="checkBoxDemo_multiBox" duration-ms="953" started-at="2018-10-03T18:08:57Z" finished-at="2018-10-03T18:08:58Z">
          <reporter-output>
            <line>
              <![CDATA[<a href='C:\Users\Ahammed_Sorif\Documents\EclipesShare\test.seleniumEasy.gitHub\ScreenShot\checkBoxDemo_multiBox 10-03-2018_02-08-58 .png'><img src='C:\Users\Ahammed_Sorif\Documents\EclipesShare\test.seleniumEasy.gitHub\ScreenShot\checkBoxDemo_multiBox 10-03-2018_02-08-58 .png' height='100' width='100'/></a>]]>
            </line>
          </reporter-output>
        </test-method> <!-- checkBoxDemo_multiBox -->
        <test-method status="PASS" signature="endTest()[pri:0, instance:checkBoxDemo.TC004_checkBoxDemo_multiBox@3f49dace]" name="endTest" is-config="true" duration-ms="177" started-at="2018-10-03T18:08:58Z" finished-at="2018-10-03T18:08:58Z">
          <reporter-output>
          </reporter-output>
        </test-method> <!-- endTest -->
      </class> <!-- checkBoxDemo.TC004_checkBoxDemo_multiBox -->
      <class name="checkBoxDemo.TC003_checkBoxDemo_single">
        <test-method status="PASS" signature="setUp()[pri:0, instance:checkBoxDemo.TC003_checkBoxDemo_single@31a5c39e]" name="setUp" is-config="true" duration-ms="7956" started-at="2018-10-03T18:08:40Z" finished-at="2018-10-03T18:08:48Z">
          <reporter-output>
          </reporter-output>
        </test-method> <!-- setUp -->
        <test-method status="PASS" signature="checkBoxDemo_singles()[pri:0, instance:checkBoxDemo.TC003_checkBoxDemo_single@31a5c39e]" name="checkBoxDemo_singles" duration-ms="1312" started-at="2018-10-03T18:08:48Z" finished-at="2018-10-03T18:08:49Z">
          <reporter-output>
            <line>
              <![CDATA[<a href='C:\Users\Ahammed_Sorif\Documents\EclipesShare\test.seleniumEasy.gitHub\ScreenShot\checkBoxDemo_singles 10-03-2018_02-08-49 .png'><img src='C:\Users\Ahammed_Sorif\Documents\EclipesShare\test.seleniumEasy.gitHub\ScreenShot\checkBoxDemo_singles 10-03-2018_02-08-49 .png' height='100' width='100'/></a>]]>
            </line>
          </reporter-output>
        </test-method> <!-- checkBoxDemo_singles -->
        <test-method status="PASS" signature="endTest()[pri:0, instance:checkBoxDemo.TC003_checkBoxDemo_single@31a5c39e]" name="endTest" is-config="true" duration-ms="183" started-at="2018-10-03T18:08:49Z" finished-at="2018-10-03T18:08:49Z">
          <reporter-output>
          </reporter-output>
        </test-method> <!-- endTest -->
      </class> <!-- checkBoxDemo.TC003_checkBoxDemo_single -->
    </test> <!-- checkBoxDemo_single -->
    <test name="radioButtonDemo" duration-ms="19331" started-at="2018-10-03T18:08:58Z" finished-at="2018-10-03T18:09:18Z">
      <class name="radioButtonDemo.TC006_radioButtonDemo">
        <test-method status="PASS" signature="setUp()[pri:0, instance:radioButtonDemo.TC006_radioButtonDemo@cb644e]" name="setUp" is-config="true" duration-ms="8914" started-at="2018-10-03T18:09:07Z" finished-at="2018-10-03T18:09:16Z">
          <reporter-output>
          </reporter-output>
        </test-method> <!-- setUp -->
        <test-method status="FAIL" signature="radioButtonDemo()[pri:0, instance:radioButtonDemo.TC006_radioButtonDemo@cb644e]" name="radioButtonDemo" duration-ms="923" started-at="2018-10-03T18:09:16Z" finished-at="2018-10-03T18:09:17Z">
          <exception class="junit.framework.AssertionFailedError">
            <message>
              <![CDATA[expected:<false> but was:<true>]]>
            </message>
            <full-stacktrace>
              <![CDATA[junit.framework.AssertionFailedError: expected:<false> but was:<true>
at junit.framework.Assert.fail(Assert.java:50)
at junit.framework.Assert.failNotEquals(Assert.java:287)
at junit.framework.Assert.assertEquals(Assert.java:67)
at junit.framework.Assert.assertEquals(Assert.java:147)
at junit.framework.Assert.assertEquals(Assert.java:153)
at radioButtonDemo.radioButtonDemo_multiButton.verifyDispaly(radioButtonDemo_multiButton.java:45)
at radioButtonDemo.radioButtonDemo_multiButton.radioButtonFinal(radioButtonDemo_multiButton.java:55)
at radioButtonDemo.TC006_radioButtonDemo.radioButtonDemo(TC006_radioButtonDemo.java:20)
at sun.reflect.NativeMethodAccessorImpl.invoke0(Native Method)
at sun.reflect.NativeMethodAccessorImpl.invoke(Unknown Source)
at sun.reflect.DelegatingMethodAccessorImpl.invoke(Unknown Source)
at java.lang.reflect.Method.invoke(Unknown Source)
at org.testng.internal.MethodInvocationHelper.invokeMethod(MethodInvocationHelper.java:124)
at org.testng.internal.Invoker.invokeMethod(Invoker.java:580)
at org.testng.internal.Invoker.invokeTestMethod(Invoker.java:716)
at org.testng.internal.Invoker.invokeTestMethods(Invoker.java:988)
at org.testng.internal.TestMethodWorker.invokeTestMethods(TestMethodWorker.java:125)
at org.testng.internal.TestMethodWorker.run(TestMethodWorker.java:109)
at org.testng.TestRunner.privateRun(TestRunner.java:648)
at org.testng.TestRunner.run(TestRunner.java:505)
at org.testng.SuiteRunner.runTest(SuiteRunner.java:455)
at org.testng.SuiteRunner.runSequentially(SuiteRunner.java:450)
at org.testng.SuiteRunner.privateRun(SuiteRunner.java:415)
at org.testng.SuiteRunner.run(SuiteRunner.java:364)
at org.testng.SuiteRunnerWorker.runSuite(SuiteRunnerWorker.java:52)
at org.testng.SuiteRunnerWorker.run(SuiteRunnerWorker.java:84)
at org.testng.TestNG.runSuitesSequentially(TestNG.java:1208)
at org.testng.TestNG.runSuitesLocally(TestNG.java:1137)
at org.testng.TestNG.runSuites(TestNG.java:1049)
at org.testng.TestNG.run(TestNG.java:1017)
at org.testng.remote.AbstractRemoteTestNG.run(AbstractRemoteTestNG.java:114)
at org.testng.remote.RemoteTestNG.initAndRun(RemoteTestNG.java:251)
at org.testng.remote.RemoteTestNG.main(RemoteTestNG.java:77)
]]>
            </full-stacktrace>
          </exception> <!-- junit.framework.AssertionFailedError -->
          <reporter-output>
            <line>
              <![CDATA[<a href='C:\Users\Ahammed_Sorif\Documents\EclipesShare\test.seleniumEasy.gitHub\ScreenShot\radioButtonDemo 10-03-2018_02-09-17 .png'><img src='C:\Users\Ahammed_Sorif\Documents\EclipesShare\test.seleniumEasy.gitHub\ScreenShot\radioButtonDemo 10-03-2018_02-09-17 .png' height='100' width='100'/></a>]]>
            </line>
          </reporter-output>
        </test-method> <!-- radioButtonDemo -->
        <test-method status="PASS" signature="endTest()[pri:0, instance:radioButtonDemo.TC006_radioButtonDemo@cb644e]" name="endTest" is-config="true" duration-ms="192" started-at="2018-10-03T18:09:17Z" finished-at="2018-10-03T18:09:18Z">
          <reporter-output>
          </reporter-output>
        </test-method> <!-- endTest -->
      </class> <!-- radioButtonDemo.TC006_radioButtonDemo -->
      <class name="radioButtonDemo.TC005_radioButtonDemo">
        <test-method status="PASS" signature="setUp()[pri:0, instance:radioButtonDemo.TC005_radioButtonDemo@5cb9f472]" name="setUp" is-config="true" duration-ms="7698" started-at="2018-10-03T18:08:58Z" finished-at="2018-10-03T18:09:06Z">
          <reporter-output>
          </reporter-output>
        </test-method> <!-- setUp -->
        <test-method status="PASS" signature="radioButtonDemo()[pri:0, instance:radioButtonDemo.TC005_radioButtonDemo@5cb9f472]" name="radioButtonDemo" duration-ms="886" started-at="2018-10-03T18:09:06Z" finished-at="2018-10-03T18:09:07Z">
          <reporter-output>
            <line>
              <![CDATA[<a href='C:\Users\Ahammed_Sorif\Documents\EclipesShare\test.seleniumEasy.gitHub\ScreenShot\radioButtonDemo 10-03-2018_02-09-07 .png'><img src='C:\Users\Ahammed_Sorif\Documents\EclipesShare\test.seleniumEasy.gitHub\ScreenShot\radioButtonDemo 10-03-2018_02-09-07 .png' height='100' width='100'/></a>]]>
            </line>
          </reporter-output>
        </test-method> <!-- radioButtonDemo -->
        <test-method status="PASS" signature="endTest()[pri:0, instance:radioButtonDemo.TC005_radioButtonDemo@5cb9f472]" name="endTest" is-config="true" duration-ms="205" started-at="2018-10-03T18:09:07Z" finished-at="2018-10-03T18:09:07Z">
          <reporter-output>
          </reporter-output>
        </test-method> <!-- endTest -->
      </class> <!-- radioButtonDemo.TC005_radioButtonDemo -->
    </test> <!-- radioButtonDemo -->
    <test name="selectDropDownListFirstManu" duration-ms="12531" started-at="2018-10-03T18:09:18Z" finished-at="2018-10-03T18:09:30Z">
      <class name="selectDropDownList.TC007_selectDropDownListFirstManu">
        <test-method status="PASS" signature="setUp()[pri:0, instance:selectDropDownList.TC007_selectDropDownListFirstManu@69ea3742]" name="setUp" is-config="true" duration-ms="10726" started-at="2018-10-03T18:09:18Z" finished-at="2018-10-03T18:09:28Z">
          <reporter-output>
          </reporter-output>
        </test-method> <!-- setUp -->
        <test-method status="FAIL" signature="selectDropDownListFirstManu()[pri:0, instance:selectDropDownList.TC007_selectDropDownListFirstManu@69ea3742]" name="selectDropDownListFirstManu" duration-ms="1269" started-at="2018-10-03T18:09:28Z" finished-at="2018-10-03T18:09:30Z">
          <exception class="org.openqa.selenium.WebDriverException">
            <message>
              <![CDATA[unknown error: call function result missing 'value'
  (Session info: chrome=69.0.3497.100)
  (Driver info: chromedriver=2.33.506120 (e3e53437346286c0bc2d2dc9aa4915ba81d9023f),platform=Windows NT 10.0.17134 x86_64) (WARNING: The server did not provide any stacktrace information)
Command duration or timeout: 0 milliseconds
Build info: version: '3.7.1', revision: '8a0099a', time: '2017-11-06T21:01:39.354Z'
System info: host: 'DESKTOP-O0HJJDF', ip: '192.168.222.1', os.name: 'Windows 10', os.arch: 'amd64', os.version: '10.0', java.version: '1.8.0_181'
Driver info: org.openqa.selenium.chrome.ChromeDriver
Capabilities {acceptSslCerts: true, applicationCacheEnabled: false, browserConnectionEnabled: false, browserName: chrome, chrome: {chromedriverVersion: 2.33.506120 (e3e53437346286..., userDataDir: C:\Users\AHAMME~1\AppData\L...}, cssSelectorsEnabled: true, databaseEnabled: false, handlesAlerts: true, hasTouchScreen: false, javascriptEnabled: true, locationContextEnabled: true, mobileEmulationEnabled: false, nativeEvents: true, networkConnectionEnabled: false, pageLoadStrategy: normal, platform: XP, platformName: XP, rotatable: false, setWindowRect: true, takesHeapSnapshot: true, takesScreenshot: true, unexpectedAlertBehaviour: , unhandledPromptBehavior: , version: 69.0.3497.100, webStorageEnabled: true}
Session ID: 66b32adbaaf79f91ec11ce12f47ddaab]]>
            </message>
            <full-stacktrace>
              <![CDATA[org.openqa.selenium.WebDriverException: unknown error: call function result missing 'value'
  (Session info: chrome=69.0.3497.100)
  (Driver info: chromedriver=2.33.506120 (e3e53437346286c0bc2d2dc9aa4915ba81d9023f),platform=Windows NT 10.0.17134 x86_64) (WARNING: The server did not provide any stacktrace information)
Command duration or timeout: 0 milliseconds
Build info: version: '3.7.1', revision: '8a0099a', time: '2017-11-06T21:01:39.354Z'
System info: host: 'DESKTOP-O0HJJDF', ip: '192.168.222.1', os.name: 'Windows 10', os.arch: 'amd64', os.version: '10.0', java.version: '1.8.0_181'
Driver info: org.openqa.selenium.chrome.ChromeDriver
Capabilities {acceptSslCerts: true, applicationCacheEnabled: false, browserConnectionEnabled: false, browserName: chrome, chrome: {chromedriverVersion: 2.33.506120 (e3e53437346286..., userDataDir: C:\Users\AHAMME~1\AppData\L...}, cssSelectorsEnabled: true, databaseEnabled: false, handlesAlerts: true, hasTouchScreen: false, javascriptEnabled: true, locationContextEnabled: true, mobileEmulationEnabled: false, nativeEvents: true, networkConnectionEnabled: false, pageLoadStrategy: normal, platform: XP, platformName: XP, rotatable: false, setWindowRect: true, takesHeapSnapshot: true, takesScreenshot: true, unexpectedAlertBehaviour: , unhandledPromptBehavior: , version: 69.0.3497.100, webStorageEnabled: true}
Session ID: 66b32adbaaf79f91ec11ce12f47ddaab
at sun.reflect.NativeConstructorAccessorImpl.newInstance0(Native Method)
at sun.reflect.NativeConstructorAccessorImpl.newInstance(Unknown Source)
at sun.reflect.DelegatingConstructorAccessorImpl.newInstance(Unknown Source)
at java.lang.reflect.Constructor.newInstance(Unknown Source)
at org.openqa.selenium.remote.ErrorHandler.createThrowable(ErrorHandler.java:214)
at org.openqa.selenium.remote.ErrorHandler.throwIfResponseFailed(ErrorHandler.java:166)
at org.openqa.selenium.remote.http.JsonHttpResponseCodec.reconstructValue(JsonHttpResponseCodec.java:40)
at org.openqa.selenium.remote.http.AbstractHttpResponseCodec.decode(AbstractHttpResponseCodec.java:80)
at org.openqa.selenium.remote.http.AbstractHttpResponseCodec.decode(AbstractHttpResponseCodec.java:44)
at org.openqa.selenium.remote.HttpCommandExecutor.execute(HttpCommandExecutor.java:164)
at org.openqa.selenium.remote.service.DriverCommandExecutor.execute(DriverCommandExecutor.java:83)
at org.openqa.selenium.remote.RemoteWebDriver.execute(RemoteWebDriver.java:600)
at org.openqa.selenium.remote.RemoteWebElement.execute(RemoteWebElement.java:279)
at org.openqa.selenium.remote.RemoteWebElement.click(RemoteWebElement.java:83)
at org.openqa.selenium.support.ui.Select.setSelected(Select.java:324)
at org.openqa.selenium.support.ui.Select.selectByVisibleText(Select.java:120)
at selectDropDownList.selectDropDownListAll.selectManue(selectDropDownListAll.java:43)
at selectDropDownList.selectDropDownListAll.dowpDownFinal(selectDropDownListAll.java:58)
at selectDropDownList.TC007_selectDropDownListFirstManu.selectDropDownListFirstManu(TC007_selectDropDownListFirstManu.java:17)
at sun.reflect.NativeMethodAccessorImpl.invoke0(Native Method)
at sun.reflect.NativeMethodAccessorImpl.invoke(Unknown Source)
at sun.reflect.DelegatingMethodAccessorImpl.invoke(Unknown Source)
at java.lang.reflect.Method.invoke(Unknown Source)
at org.testng.internal.MethodInvocationHelper.invokeMethod(MethodInvocationHelper.java:124)
at org.testng.internal.Invoker.invokeMethod(Invoker.java:580)
at org.testng.internal.Invoker.invokeTestMethod(Invoker.java:716)
at org.testng.internal.Invoker.invokeTestMethods(Invoker.java:988)
at org.testng.internal.TestMethodWorker.invokeTestMethods(TestMethodWorker.java:125)
at org.testng.internal.TestMethodWorker.run(TestMethodWorker.java:109)
at org.testng.TestRunner.privateRun(TestRunner.java:648)
at org.testng.TestRunner.run(TestRunner.java:505)
at org.testng.SuiteRunner.runTest(SuiteRunner.java:455)
at org.testng.SuiteRunner.runSequentially(SuiteRunner.java:450)
at org.testng.SuiteRunner.privateRun(SuiteRunner.java:415)
at org.testng.SuiteRunner.run(SuiteRunner.java:364)
at org.testng.SuiteRunnerWorker.runSuite(SuiteRunnerWorker.java:52)
at org.testng.SuiteRunnerWorker.run(SuiteRunnerWorker.java:84)
at org.testng.TestNG.runSuitesSequentially(TestNG.java:1208)
at org.testng.TestNG.runSuitesLocally(TestNG.java:1137)
at org.testng.TestNG.runSuites(TestNG.java:1049)
at org.testng.TestNG.run(TestNG.java:1017)
at org.testng.remote.AbstractRemoteTestNG.run(AbstractRemoteTestNG.java:114)
at org.testng.remote.RemoteTestNG.initAndRun(RemoteTestNG.java:251)
at org.testng.remote.RemoteTestNG.main(RemoteTestNG.java:77)
]]>
            </full-stacktrace>
          </exception> <!-- org.openqa.selenium.WebDriverException -->
          <reporter-output>
            <line>
              <![CDATA[<a href='C:\Users\Ahammed_Sorif\Documents\EclipesShare\test.seleniumEasy.gitHub\ScreenShot\selectDropDownListFirstManu 10-03-2018_02-09-30 .png'><img src='C:\Users\Ahammed_Sorif\Documents\EclipesShare\test.seleniumEasy.gitHub\ScreenShot\selectDropDownListFirstManu 10-03-2018_02-09-30 .png' height='100' width='100'/></a>]]>
            </line>
          </reporter-output>
        </test-method> <!-- selectDropDownListFirstManu -->
        <test-method status="PASS" signature="endTest()[pri:0, instance:selectDropDownList.TC007_selectDropDownListFirstManu@69ea3742]" name="endTest" is-config="true" duration-ms="217" started-at="2018-10-03T18:09:30Z" finished-at="2018-10-03T18:09:30Z">
          <reporter-output>
          </reporter-output>
        </test-method> <!-- endTest -->
      </class> <!-- selectDropDownList.TC007_selectDropDownListFirstManu -->
    </test> <!-- selectDropDownListFirstManu -->
    <test name="inputFromWithVelidation" duration-ms="10224" started-at="2018-10-03T18:09:30Z" finished-at="2018-10-03T18:09:40Z">
      <class name="inputFormWithVelidation.TC008_inputFormWithVelidation">
        <test-method status="PASS" signature="setUp()[pri:0, instance:inputFormWithVelidation.TC008_inputFormWithVelidation@20322d26]" name="setUp" is-config="true" duration-ms="8636" started-at="2018-10-03T18:09:30Z" finished-at="2018-10-03T18:09:39Z">
          <reporter-output>
          </reporter-output>
        </test-method> <!-- setUp -->
        <test-method status="FAIL" signature="inputFormWithVelidation()[pri:0, instance:inputFormWithVelidation.TC008_inputFormWithVelidation@20322d26]" name="inputFormWithVelidation" duration-ms="1002" started-at="2018-10-03T18:09:39Z" finished-at="2018-10-03T18:09:40Z">
          <exception class="org.openqa.selenium.WebDriverException">
            <message>
              <![CDATA[unknown error: call function result missing 'value'
  (Session info: chrome=69.0.3497.100)
  (Driver info: chromedriver=2.33.506120 (e3e53437346286c0bc2d2dc9aa4915ba81d9023f),platform=Windows NT 10.0.17134 x86_64) (WARNING: The server did not provide any stacktrace information)
Command duration or timeout: 0 milliseconds
Build info: version: '3.7.1', revision: '8a0099a', time: '2017-11-06T21:01:39.354Z'
System info: host: 'DESKTOP-O0HJJDF', ip: '192.168.222.1', os.name: 'Windows 10', os.arch: 'amd64', os.version: '10.0', java.version: '1.8.0_181'
Driver info: org.openqa.selenium.chrome.ChromeDriver
Capabilities {acceptSslCerts: true, applicationCacheEnabled: false, browserConnectionEnabled: false, browserName: chrome, chrome: {chromedriverVersion: 2.33.506120 (e3e53437346286..., userDataDir: C:\Users\AHAMME~1\AppData\L...}, cssSelectorsEnabled: true, databaseEnabled: false, handlesAlerts: true, hasTouchScreen: false, javascriptEnabled: true, locationContextEnabled: true, mobileEmulationEnabled: false, nativeEvents: true, networkConnectionEnabled: false, pageLoadStrategy: normal, platform: XP, platformName: XP, rotatable: false, setWindowRect: true, takesHeapSnapshot: true, takesScreenshot: true, unexpectedAlertBehaviour: , unhandledPromptBehavior: , version: 69.0.3497.100, webStorageEnabled: true}
Session ID: 7978a88cfe4c8e8e4afa9718b9551e59]]>
            </message>
            <full-stacktrace>
              <![CDATA[org.openqa.selenium.WebDriverException: unknown error: call function result missing 'value'
  (Session info: chrome=69.0.3497.100)
  (Driver info: chromedriver=2.33.506120 (e3e53437346286c0bc2d2dc9aa4915ba81d9023f),platform=Windows NT 10.0.17134 x86_64) (WARNING: The server did not provide any stacktrace information)
Command duration or timeout: 0 milliseconds
Build info: version: '3.7.1', revision: '8a0099a', time: '2017-11-06T21:01:39.354Z'
System info: host: 'DESKTOP-O0HJJDF', ip: '192.168.222.1', os.name: 'Windows 10', os.arch: 'amd64', os.version: '10.0', java.version: '1.8.0_181'
Driver info: org.openqa.selenium.chrome.ChromeDriver
Capabilities {acceptSslCerts: true, applicationCacheEnabled: false, browserConnectionEnabled: false, browserName: chrome, chrome: {chromedriverVersion: 2.33.506120 (e3e53437346286..., userDataDir: C:\Users\AHAMME~1\AppData\L...}, cssSelectorsEnabled: true, databaseEnabled: false, handlesAlerts: true, hasTouchScreen: false, javascriptEnabled: true, locationContextEnabled: true, mobileEmulationEnabled: false, nativeEvents: true, networkConnectionEnabled: false, pageLoadStrategy: normal, platform: XP, platformName: XP, rotatable: false, setWindowRect: true, takesHeapSnapshot: true, takesScreenshot: true, unexpectedAlertBehaviour: , unhandledPromptBehavior: , version: 69.0.3497.100, webStorageEnabled: true}
Session ID: 7978a88cfe4c8e8e4afa9718b9551e59
at sun.reflect.NativeConstructorAccessorImpl.newInstance0(Native Method)
at sun.reflect.NativeConstructorAccessorImpl.newInstance(Unknown Source)
at sun.reflect.DelegatingConstructorAccessorImpl.newInstance(Unknown Source)
at java.lang.reflect.Constructor.newInstance(Unknown Source)
at org.openqa.selenium.remote.ErrorHandler.createThrowable(ErrorHandler.java:214)
at org.openqa.selenium.remote.ErrorHandler.throwIfResponseFailed(ErrorHandler.java:166)
at org.openqa.selenium.remote.http.JsonHttpResponseCodec.reconstructValue(JsonHttpResponseCodec.java:40)
at org.openqa.selenium.remote.http.AbstractHttpResponseCodec.decode(AbstractHttpResponseCodec.java:80)
at org.openqa.selenium.remote.http.AbstractHttpResponseCodec.decode(AbstractHttpResponseCodec.java:44)
at org.openqa.selenium.remote.HttpCommandExecutor.execute(HttpCommandExecutor.java:164)
at org.openqa.selenium.remote.service.DriverCommandExecutor.execute(DriverCommandExecutor.java:83)
at org.openqa.selenium.remote.RemoteWebDriver.execute(RemoteWebDriver.java:600)
at org.openqa.selenium.remote.RemoteWebElement.execute(RemoteWebElement.java:279)
at org.openqa.selenium.remote.RemoteWebElement.clear(RemoteWebElement.java:118)
at inputFormWithVelidation.inputFormWithVelidation.enterText(inputFormWithVelidation.java:26)
at inputFormWithVelidation.inputFormWithVelidation.inputFormFinal(inputFormWithVelidation.java:35)
at inputFormWithVelidation.TC008_inputFormWithVelidation.inputFormWithVelidation(TC008_inputFormWithVelidation.java:19)
at sun.reflect.NativeMethodAccessorImpl.invoke0(Native Method)
at sun.reflect.NativeMethodAccessorImpl.invoke(Unknown Source)
at sun.reflect.DelegatingMethodAccessorImpl.invoke(Unknown Source)
at java.lang.reflect.Method.invoke(Unknown Source)
at org.testng.internal.MethodInvocationHelper.invokeMethod(MethodInvocationHelper.java:124)
at org.testng.internal.Invoker.invokeMethod(Invoker.java:580)
at org.testng.internal.Invoker.invokeTestMethod(Invoker.java:716)
at org.testng.internal.Invoker.invokeTestMethods(Invoker.java:988)
at org.testng.internal.TestMethodWorker.invokeTestMethods(TestMethodWorker.java:125)
at org.testng.internal.TestMethodWorker.run(TestMethodWorker.java:109)
at org.testng.TestRunner.privateRun(TestRunner.java:648)
at org.testng.TestRunner.run(TestRunner.java:505)
at org.testng.SuiteRunner.runTest(SuiteRunner.java:455)
at org.testng.SuiteRunner.runSequentially(SuiteRunner.java:450)
at org.testng.SuiteRunner.privateRun(SuiteRunner.java:415)
at org.testng.SuiteRunner.run(SuiteRunner.java:364)
at org.testng.SuiteRunnerWorker.runSuite(SuiteRunnerWorker.java:52)
at org.testng.SuiteRunnerWorker.run(SuiteRunnerWorker.java:84)
at org.testng.TestNG.runSuitesSequentially(TestNG.java:1208)
at org.testng.TestNG.runSuitesLocally(TestNG.java:1137)
at org.testng.TestNG.runSuites(TestNG.java:1049)
at org.testng.TestNG.run(TestNG.java:1017)
at org.testng.remote.AbstractRemoteTestNG.run(AbstractRemoteTestNG.java:114)
at org.testng.remote.RemoteTestNG.initAndRun(RemoteTestNG.java:251)
at org.testng.remote.RemoteTestNG.main(RemoteTestNG.java:77)
]]>
            </full-stacktrace>
          </exception> <!-- org.openqa.selenium.WebDriverException -->
          <reporter-output>
            <line>
              <![CDATA[<a href='C:\Users\Ahammed_Sorif\Documents\EclipesShare\test.seleniumEasy.gitHub\ScreenShot\inputFormWithVelidation 10-03-2018_02-09-40 .png'><img src='C:\Users\Ahammed_Sorif\Documents\EclipesShare\test.seleniumEasy.gitHub\ScreenShot\inputFormWithVelidation 10-03-2018_02-09-40 .png' height='100' width='100'/></a>]]>
            </line>
          </reporter-output>
        </test-method> <!-- inputFormWithVelidation -->
        <test-method status="PASS" signature="endTest()[pri:0, instance:inputFormWithVelidation.TC008_inputFormWithVelidation@20322d26]" name="endTest" is-config="true" duration-ms="211" started-at="2018-10-03T18:09:40Z" finished-at="2018-10-03T18:09:40Z">
          <reporter-output>
          </reporter-output>
        </test-method> <!-- endTest -->
      </class> <!-- inputFormWithVelidation.TC008_inputFormWithVelidation -->
    </test> <!-- inputFromWithVelidation -->
    <test name="inputFormWithVelidation_Dynamic" duration-ms="19831" started-at="2018-10-03T18:09:41Z" finished-at="2018-10-03T18:10:00Z">
      <class name="inputFormWithVelidation.TC009_inputFormWithVelidation_Dynamic">
        <test-method status="PASS" signature="setUp()[pri:0, instance:inputFormWithVelidation.TC009_inputFormWithVelidation_Dynamic@60c6f5b]" name="setUp" is-config="true" duration-ms="8182" started-at="2018-10-03T18:09:41Z" finished-at="2018-10-03T18:09:49Z">
          <reporter-output>
          </reporter-output>
        </test-method> <!-- setUp -->
        <test-method status="FAIL" signature="inputFormWithVelidation_Dynamic(java.lang.String, java.lang.String, java.lang.String, java.lang.String, java.lang.String, java.lang.String, java.lang.String, java.lang.String, java.lang.String, java.lang.String)[pri:0, instance:inputFormWithVelidation.TC009_inputFormWithVelidation_Dynamic@60c6f5b]" name="inputFormWithVelidation_Dynamic" duration-ms="897" started-at="2018-10-03T18:09:51Z" data-provider="data" finished-at="2018-10-03T18:09:51Z">
          <params>
            <param index="0">
              <value>
                <![CDATA[FirstName 1]]>
              </value>
            </param>
            <param index="1">
              <value>
                <![CDATA[LastName 1]]>
              </value>
            </param>
            <param index="2">
              <value>
                <![CDATA[FNamLNam01@Gmail.com]]>
              </value>
            </param>
            <param index="3">
              <value>
                <![CDATA[347-844-9074]]>
              </value>
            </param>
            <param index="4">
              <value>
                <![CDATA[89 MetOval]]>
              </value>
            </param>
            <param index="5">
              <value>
                <![CDATA[Bronx1]]>
              </value>
            </param>
            <param index="6">
              <value>
                <![CDATA[Alabama]]>
              </value>
            </param>
            <param index="7">
              <value>
                <![CDATA[10462]]>
              </value>
            </param>
            <param index="8">
              <value>
                <![CDATA[ahammedsorif01.com]]>
              </value>
            </param>
            <param index="9">
              <value>
                <![CDATA[Hello World my name is FirtName 1 and LastName 1 how are you doing call me any time .Thank you]]>
              </value>
            </param>
          </params>
          <exception class="org.openqa.selenium.WebDriverException">
            <message>
              <![CDATA[unknown error: call function result missing 'value'
  (Session info: chrome=69.0.3497.100)
  (Driver info: chromedriver=2.33.506120 (e3e53437346286c0bc2d2dc9aa4915ba81d9023f),platform=Windows NT 10.0.17134 x86_64) (WARNING: The server did not provide any stacktrace information)
Command duration or timeout: 0 milliseconds
Build info: version: '3.7.1', revision: '8a0099a', time: '2017-11-06T21:01:39.354Z'
System info: host: 'DESKTOP-O0HJJDF', ip: '192.168.222.1', os.name: 'Windows 10', os.arch: 'amd64', os.version: '10.0', java.version: '1.8.0_181'
Driver info: org.openqa.selenium.chrome.ChromeDriver
Capabilities {acceptSslCerts: true, applicationCacheEnabled: false, browserConnectionEnabled: false, browserName: chrome, chrome: {chromedriverVersion: 2.33.506120 (e3e53437346286..., userDataDir: C:\Users\AHAMME~1\AppData\L...}, cssSelectorsEnabled: true, databaseEnabled: false, handlesAlerts: true, hasTouchScreen: false, javascriptEnabled: true, locationContextEnabled: true, mobileEmulationEnabled: false, nativeEvents: true, networkConnectionEnabled: false, pageLoadStrategy: normal, platform: XP, platformName: XP, rotatable: false, setWindowRect: true, takesHeapSnapshot: true, takesScreenshot: true, unexpectedAlertBehaviour: , unhandledPromptBehavior: , version: 69.0.3497.100, webStorageEnabled: true}
Session ID: 0b264ba458c2e393b57f8d3e31284d9a]]>
            </message>
            <full-stacktrace>
              <![CDATA[org.openqa.selenium.WebDriverException: unknown error: call function result missing 'value'
  (Session info: chrome=69.0.3497.100)
  (Driver info: chromedriver=2.33.506120 (e3e53437346286c0bc2d2dc9aa4915ba81d9023f),platform=Windows NT 10.0.17134 x86_64) (WARNING: The server did not provide any stacktrace information)
Command duration or timeout: 0 milliseconds
Build info: version: '3.7.1', revision: '8a0099a', time: '2017-11-06T21:01:39.354Z'
System info: host: 'DESKTOP-O0HJJDF', ip: '192.168.222.1', os.name: 'Windows 10', os.arch: 'amd64', os.version: '10.0', java.version: '1.8.0_181'
Driver info: org.openqa.selenium.chrome.ChromeDriver
Capabilities {acceptSslCerts: true, applicationCacheEnabled: false, browserConnectionEnabled: false, browserName: chrome, chrome: {chromedriverVersion: 2.33.506120 (e3e53437346286..., userDataDir: C:\Users\AHAMME~1\AppData\L...}, cssSelectorsEnabled: true, databaseEnabled: false, handlesAlerts: true, hasTouchScreen: false, javascriptEnabled: true, locationContextEnabled: true, mobileEmulationEnabled: false, nativeEvents: true, networkConnectionEnabled: false, pageLoadStrategy: normal, platform: XP, platformName: XP, rotatable: false, setWindowRect: true, takesHeapSnapshot: true, takesScreenshot: true, unexpectedAlertBehaviour: , unhandledPromptBehavior: , version: 69.0.3497.100, webStorageEnabled: true}
Session ID: 0b264ba458c2e393b57f8d3e31284d9a
at sun.reflect.NativeConstructorAccessorImpl.newInstance0(Native Method)
at sun.reflect.NativeConstructorAccessorImpl.newInstance(Unknown Source)
at sun.reflect.DelegatingConstructorAccessorImpl.newInstance(Unknown Source)
at java.lang.reflect.Constructor.newInstance(Unknown Source)
at org.openqa.selenium.remote.ErrorHandler.createThrowable(ErrorHandler.java:214)
at org.openqa.selenium.remote.ErrorHandler.throwIfResponseFailed(ErrorHandler.java:166)
at org.openqa.selenium.remote.http.JsonHttpResponseCodec.reconstructValue(JsonHttpResponseCodec.java:40)
at org.openqa.selenium.remote.http.AbstractHttpResponseCodec.decode(AbstractHttpResponseCodec.java:80)
at org.openqa.selenium.remote.http.AbstractHttpResponseCodec.decode(AbstractHttpResponseCodec.java:44)
at org.openqa.selenium.remote.HttpCommandExecutor.execute(HttpCommandExecutor.java:164)
at org.openqa.selenium.remote.service.DriverCommandExecutor.execute(DriverCommandExecutor.java:83)
at org.openqa.selenium.remote.RemoteWebDriver.execute(RemoteWebDriver.java:600)
at org.openqa.selenium.remote.RemoteWebElement.execute(RemoteWebElement.java:279)
at org.openqa.selenium.remote.RemoteWebElement.clear(RemoteWebElement.java:118)
at inputFormWithVelidation.inputFormWithVelidation_Dynamic.enterText(inputFormWithVelidation_Dynamic.java:24)
at inputFormWithVelidation.inputFormWithVelidation_Dynamic.inputFormFinal(inputFormWithVelidation_Dynamic.java:34)
at inputFormWithVelidation.TC009_inputFormWithVelidation_Dynamic.inputFormWithVelidation_Dynamic(TC009_inputFormWithVelidation_Dynamic.java:30)
at sun.reflect.NativeMethodAccessorImpl.invoke0(Native Method)
at sun.reflect.NativeMethodAccessorImpl.invoke(Unknown Source)
at sun.reflect.DelegatingMethodAccessorImpl.invoke(Unknown Source)
at java.lang.reflect.Method.invoke(Unknown Source)
at org.testng.internal.MethodInvocationHelper.invokeMethod(MethodInvocationHelper.java:124)
at org.testng.internal.Invoker.invokeMethod(Invoker.java:580)
at org.testng.internal.Invoker.invokeTestMethod(Invoker.java:716)
at org.testng.internal.Invoker.invokeTestMethods(Invoker.java:988)
at org.testng.internal.TestMethodWorker.invokeTestMethods(TestMethodWorker.java:125)
at org.testng.internal.TestMethodWorker.run(TestMethodWorker.java:109)
at org.testng.TestRunner.privateRun(TestRunner.java:648)
at org.testng.TestRunner.run(TestRunner.java:505)
at org.testng.SuiteRunner.runTest(SuiteRunner.java:455)
at org.testng.SuiteRunner.runSequentially(SuiteRunner.java:450)
at org.testng.SuiteRunner.privateRun(SuiteRunner.java:415)
at org.testng.SuiteRunner.run(SuiteRunner.java:364)
at org.testng.SuiteRunnerWorker.runSuite(SuiteRunnerWorker.java:52)
at org.testng.SuiteRunnerWorker.run(SuiteRunnerWorker.java:84)
at org.testng.TestNG.runSuitesSequentially(TestNG.java:1208)
at org.testng.TestNG.runSuitesLocally(TestNG.java:1137)
at org.testng.TestNG.runSuites(TestNG.java:1049)
at org.testng.TestNG.run(TestNG.java:1017)
at org.testng.remote.AbstractRemoteTestNG.run(AbstractRemoteTestNG.java:114)
at org.testng.remote.RemoteTestNG.initAndRun(RemoteTestNG.java:251)
at org.testng.remote.RemoteTestNG.main(RemoteTestNG.java:77)
]]>
            </full-stacktrace>
          </exception> <!-- org.openqa.selenium.WebDriverException -->
          <reporter-output>
            <line>
              <![CDATA[<a href='C:\Users\Ahammed_Sorif\Documents\EclipesShare\test.seleniumEasy.gitHub\ScreenShot\inputFormWithVelidation_Dynamic 10-03-2018_02-09-51 .png'><img src='C:\Users\Ahammed_Sorif\Documents\EclipesShare\test.seleniumEasy.gitHub\ScreenShot\inputFormWithVelidation_Dynamic 10-03-2018_02-09-51 .png' height='100' width='100'/></a>]]>
            </line>
          </reporter-output>
        </test-method> <!-- inputFormWithVelidation_Dynamic -->
        <test-method status="FAIL" signature="inputFormWithVelidation_Dynamic(java.lang.String, java.lang.String, java.lang.String, java.lang.String, java.lang.String, java.lang.String, java.lang.String, java.lang.String, java.lang.String, java.lang.String)[pri:0, instance:inputFormWithVelidation.TC009_inputFormWithVelidation_Dynamic@60c6f5b]" name="inputFormWithVelidation_Dynamic" duration-ms="489" started-at="2018-10-03T18:09:52Z" data-provider="data" finished-at="2018-10-03T18:09:52Z">
          <params>
            <param index="0">
              <value>
                <![CDATA[FirstName 2]]>
              </value>
            </param>
            <param index="1">
              <value>
                <![CDATA[LastName 2]]>
              </value>
            </param>
            <param index="2">
              <value>
                <![CDATA[FNamLNam02@Gmail.com]]>
              </value>
            </param>
            <param index="3">
              <value>
                <![CDATA[347-844-9075]]>
              </value>
            </param>
            <param index="4">
              <value>
                <![CDATA[90 MetOval]]>
              </value>
            </param>
            <param index="5">
              <value>
                <![CDATA[Bronx2]]>
              </value>
            </param>
            <param index="6">
              <value>
                <![CDATA[Alaska]]>
              </value>
            </param>
            <param index="7">
              <value>
                <![CDATA[10462]]>
              </value>
            </param>
            <param index="8">
              <value>
                <![CDATA[ahammedsorif02.com]]>
              </value>
            </param>
            <param index="9">
              <value>
                <![CDATA[Hello World my name is FirtName 2 and LastName 2 how are you doing call me any time .Thank you]]>
              </value>
            </param>
          </params>
          <exception class="org.openqa.selenium.WebDriverException">
            <message>
              <![CDATA[unknown error: call function result missing 'value'
  (Session info: chrome=69.0.3497.100)
  (Driver info: chromedriver=2.33.506120 (e3e53437346286c0bc2d2dc9aa4915ba81d9023f),platform=Windows NT 10.0.17134 x86_64) (WARNING: The server did not provide any stacktrace information)
Command duration or timeout: 0 milliseconds
Build info: version: '3.7.1', revision: '8a0099a', time: '2017-11-06T21:01:39.354Z'
System info: host: 'DESKTOP-O0HJJDF', ip: '192.168.222.1', os.name: 'Windows 10', os.arch: 'amd64', os.version: '10.0', java.version: '1.8.0_181'
Driver info: org.openqa.selenium.chrome.ChromeDriver
Capabilities {acceptSslCerts: true, applicationCacheEnabled: false, browserConnectionEnabled: false, browserName: chrome, chrome: {chromedriverVersion: 2.33.506120 (e3e53437346286..., userDataDir: C:\Users\AHAMME~1\AppData\L...}, cssSelectorsEnabled: true, databaseEnabled: false, handlesAlerts: true, hasTouchScreen: false, javascriptEnabled: true, locationContextEnabled: true, mobileEmulationEnabled: false, nativeEvents: true, networkConnectionEnabled: false, pageLoadStrategy: normal, platform: XP, platformName: XP, rotatable: false, setWindowRect: true, takesHeapSnapshot: true, takesScreenshot: true, unexpectedAlertBehaviour: , unhandledPromptBehavior: , version: 69.0.3497.100, webStorageEnabled: true}
Session ID: 0b264ba458c2e393b57f8d3e31284d9a]]>
            </message>
            <full-stacktrace>
              <![CDATA[org.openqa.selenium.WebDriverException: unknown error: call function result missing 'value'
  (Session info: chrome=69.0.3497.100)
  (Driver info: chromedriver=2.33.506120 (e3e53437346286c0bc2d2dc9aa4915ba81d9023f),platform=Windows NT 10.0.17134 x86_64) (WARNING: The server did not provide any stacktrace information)
Command duration or timeout: 0 milliseconds
Build info: version: '3.7.1', revision: '8a0099a', time: '2017-11-06T21:01:39.354Z'
System info: host: 'DESKTOP-O0HJJDF', ip: '192.168.222.1', os.name: 'Windows 10', os.arch: 'amd64', os.version: '10.0', java.version: '1.8.0_181'
Driver info: org.openqa.selenium.chrome.ChromeDriver
Capabilities {acceptSslCerts: true, applicationCacheEnabled: false, browserConnectionEnabled: false, browserName: chrome, chrome: {chromedriverVersion: 2.33.506120 (e3e53437346286..., userDataDir: C:\Users\AHAMME~1\AppData\L...}, cssSelectorsEnabled: true, databaseEnabled: false, handlesAlerts: true, hasTouchScreen: false, javascriptEnabled: true, locationContextEnabled: true, mobileEmulationEnabled: false, nativeEvents: true, networkConnectionEnabled: false, pageLoadStrategy: normal, platform: XP, platformName: XP, rotatable: false, setWindowRect: true, takesHeapSnapshot: true, takesScreenshot: true, unexpectedAlertBehaviour: , unhandledPromptBehavior: , version: 69.0.3497.100, webStorageEnabled: true}
Session ID: 0b264ba458c2e393b57f8d3e31284d9a
at sun.reflect.NativeConstructorAccessorImpl.newInstance0(Native Method)
at sun.reflect.NativeConstructorAccessorImpl.newInstance(Unknown Source)
at sun.reflect.DelegatingConstructorAccessorImpl.newInstance(Unknown Source)
at java.lang.reflect.Constructor.newInstance(Unknown Source)
at org.openqa.selenium.remote.ErrorHandler.createThrowable(ErrorHandler.java:214)
at org.openqa.selenium.remote.ErrorHandler.throwIfResponseFailed(ErrorHandler.java:166)
at org.openqa.selenium.remote.http.JsonHttpResponseCodec.reconstructValue(JsonHttpResponseCodec.java:40)
at org.openqa.selenium.remote.http.AbstractHttpResponseCodec.decode(AbstractHttpResponseCodec.java:80)
at org.openqa.selenium.remote.http.AbstractHttpResponseCodec.decode(AbstractHttpResponseCodec.java:44)
at org.openqa.selenium.remote.HttpCommandExecutor.execute(HttpCommandExecutor.java:164)
at org.openqa.selenium.remote.service.DriverCommandExecutor.execute(DriverCommandExecutor.java:83)
at org.openqa.selenium.remote.RemoteWebDriver.execute(RemoteWebDriver.java:600)
at org.openqa.selenium.remote.RemoteWebElement.execute(RemoteWebElement.java:279)
at org.openqa.selenium.remote.RemoteWebElement.clear(RemoteWebElement.java:118)
at inputFormWithVelidation.inputFormWithVelidation_Dynamic.enterText(inputFormWithVelidation_Dynamic.java:24)
at inputFormWithVelidation.inputFormWithVelidation_Dynamic.inputFormFinal(inputFormWithVelidation_Dynamic.java:34)
at inputFormWithVelidation.TC009_inputFormWithVelidation_Dynamic.inputFormWithVelidation_Dynamic(TC009_inputFormWithVelidation_Dynamic.java:30)
at sun.reflect.NativeMethodAccessorImpl.invoke0(Native Method)
at sun.reflect.NativeMethodAccessorImpl.invoke(Unknown Source)
at sun.reflect.DelegatingMethodAccessorImpl.invoke(Unknown Source)
at java.lang.reflect.Method.invoke(Unknown Source)
at org.testng.internal.MethodInvocationHelper.invokeMethod(MethodInvocationHelper.java:124)
at org.testng.internal.Invoker.invokeMethod(Invoker.java:580)
at org.testng.internal.Invoker.invokeTestMethod(Invoker.java:716)
at org.testng.internal.Invoker.invokeTestMethods(Invoker.java:988)
at org.testng.internal.TestMethodWorker.invokeTestMethods(TestMethodWorker.java:125)
at org.testng.internal.TestMethodWorker.run(TestMethodWorker.java:109)
at org.testng.TestRunner.privateRun(TestRunner.java:648)
at org.testng.TestRunner.run(TestRunner.java:505)
at org.testng.SuiteRunner.runTest(SuiteRunner.java:455)
at org.testng.SuiteRunner.runSequentially(SuiteRunner.java:450)
at org.testng.SuiteRunner.privateRun(SuiteRunner.java:415)
at org.testng.SuiteRunner.run(SuiteRunner.java:364)
at org.testng.SuiteRunnerWorker.runSuite(SuiteRunnerWorker.java:52)
at org.testng.SuiteRunnerWorker.run(SuiteRunnerWorker.java:84)
at org.testng.TestNG.runSuitesSequentially(TestNG.java:1208)
at org.testng.TestNG.runSuitesLocally(TestNG.java:1137)
at org.testng.TestNG.runSuites(TestNG.java:1049)
at org.testng.TestNG.run(TestNG.java:1017)
at org.testng.remote.AbstractRemoteTestNG.run(AbstractRemoteTestNG.java:114)
at org.testng.remote.RemoteTestNG.initAndRun(RemoteTestNG.java:251)
at org.testng.remote.RemoteTestNG.main(RemoteTestNG.java:77)
]]>
            </full-stacktrace>
          </exception> <!-- org.openqa.selenium.WebDriverException -->
          <reporter-output>
            <line>
              <![CDATA[<a href='C:\Users\Ahammed_Sorif\Documents\EclipesShare\test.seleniumEasy.gitHub\ScreenShot\inputFormWithVelidation_Dynamic 10-03-2018_02-09-52 .png'><img src='C:\Users\Ahammed_Sorif\Documents\EclipesShare\test.seleniumEasy.gitHub\ScreenShot\inputFormWithVelidation_Dynamic 10-03-2018_02-09-52 .png' height='100' width='100'/></a>]]>
            </line>
          </reporter-output>
        </test-method> <!-- inputFormWithVelidation_Dynamic -->
        <test-method status="FAIL" signature="inputFormWithVelidation_Dynamic(java.lang.String, java.lang.String, java.lang.String, java.lang.String, java.lang.String, java.lang.String, java.lang.String, java.lang.String, java.lang.String, java.lang.String)[pri:0, instance:inputFormWithVelidation.TC009_inputFormWithVelidation_Dynamic@60c6f5b]" name="inputFormWithVelidation_Dynamic" duration-ms="429" started-at="2018-10-03T18:09:53Z" data-provider="data" finished-at="2018-10-03T18:09:53Z">
          <params>
            <param index="0">
              <value>
                <![CDATA[FirstName 3]]>
              </value>
            </param>
            <param index="1">
              <value>
                <![CDATA[LastName 3]]>
              </value>
            </param>
            <param index="2">
              <value>
                <![CDATA[FNamLNam03@Gmail.com]]>
              </value>
            </param>
            <param index="3">
              <value>
                <![CDATA[347-844-9076]]>
              </value>
            </param>
            <param index="4">
              <value>
                <![CDATA[91 MetOval]]>
              </value>
            </param>
            <param index="5">
              <value>
                <![CDATA[Bronx3]]>
              </value>
            </param>
            <param index="6">
              <value>
                <![CDATA[Arizona]]>
              </value>
            </param>
            <param index="7">
              <value>
                <![CDATA[10462]]>
              </value>
            </param>
            <param index="8">
              <value>
                <![CDATA[ahammedsorif03.com]]>
              </value>
            </param>
            <param index="9">
              <value>
                <![CDATA[Hello World my name is FirtName 3 and LastName 3 how are you doing call me any time .Thank you]]>
              </value>
            </param>
          </params>
          <exception class="org.openqa.selenium.WebDriverException">
            <message>
              <![CDATA[unknown error: call function result missing 'value'
  (Session info: chrome=69.0.3497.100)
  (Driver info: chromedriver=2.33.506120 (e3e53437346286c0bc2d2dc9aa4915ba81d9023f),platform=Windows NT 10.0.17134 x86_64) (WARNING: The server did not provide any stacktrace information)
Command duration or timeout: 0 milliseconds
Build info: version: '3.7.1', revision: '8a0099a', time: '2017-11-06T21:01:39.354Z'
System info: host: 'DESKTOP-O0HJJDF', ip: '192.168.222.1', os.name: 'Windows 10', os.arch: 'amd64', os.version: '10.0', java.version: '1.8.0_181'
Driver info: org.openqa.selenium.chrome.ChromeDriver
Capabilities {acceptSslCerts: true, applicationCacheEnabled: false, browserConnectionEnabled: false, browserName: chrome, chrome: {chromedriverVersion: 2.33.506120 (e3e53437346286..., userDataDir: C:\Users\AHAMME~1\AppData\L...}, cssSelectorsEnabled: true, databaseEnabled: false, handlesAlerts: true, hasTouchScreen: false, javascriptEnabled: true, locationContextEnabled: true, mobileEmulationEnabled: false, nativeEvents: true, networkConnectionEnabled: false, pageLoadStrategy: normal, platform: XP, platformName: XP, rotatable: false, setWindowRect: true, takesHeapSnapshot: true, takesScreenshot: true, unexpectedAlertBehaviour: , unhandledPromptBehavior: , version: 69.0.3497.100, webStorageEnabled: true}
Session ID: 0b264ba458c2e393b57f8d3e31284d9a]]>
            </message>
            <full-stacktrace>
              <![CDATA[org.openqa.selenium.WebDriverException: unknown error: call function result missing 'value'
  (Session info: chrome=69.0.3497.100)
  (Driver info: chromedriver=2.33.506120 (e3e53437346286c0bc2d2dc9aa4915ba81d9023f),platform=Windows NT 10.0.17134 x86_64) (WARNING: The server did not provide any stacktrace information)
Command duration or timeout: 0 milliseconds
Build info: version: '3.7.1', revision: '8a0099a', time: '2017-11-06T21:01:39.354Z'
System info: host: 'DESKTOP-O0HJJDF', ip: '192.168.222.1', os.name: 'Windows 10', os.arch: 'amd64', os.version: '10.0', java.version: '1.8.0_181'
Driver info: org.openqa.selenium.chrome.ChromeDriver
Capabilities {acceptSslCerts: true, applicationCacheEnabled: false, browserConnectionEnabled: false, browserName: chrome, chrome: {chromedriverVersion: 2.33.506120 (e3e53437346286..., userDataDir: C:\Users\AHAMME~1\AppData\L...}, cssSelectorsEnabled: true, databaseEnabled: false, handlesAlerts: true, hasTouchScreen: false, javascriptEnabled: true, locationContextEnabled: true, mobileEmulationEnabled: false, nativeEvents: true, networkConnectionEnabled: false, pageLoadStrategy: normal, platform: XP, platformName: XP, rotatable: false, setWindowRect: true, takesHeapSnapshot: true, takesScreenshot: true, unexpectedAlertBehaviour: , unhandledPromptBehavior: , version: 69.0.3497.100, webStorageEnabled: true}
Session ID: 0b264ba458c2e393b57f8d3e31284d9a
at sun.reflect.NativeConstructorAccessorImpl.newInstance0(Native Method)
at sun.reflect.NativeConstructorAccessorImpl.newInstance(Unknown Source)
at sun.reflect.DelegatingConstructorAccessorImpl.newInstance(Unknown Source)
at java.lang.reflect.Constructor.newInstance(Unknown Source)
at org.openqa.selenium.remote.ErrorHandler.createThrowable(ErrorHandler.java:214)
at org.openqa.selenium.remote.ErrorHandler.throwIfResponseFailed(ErrorHandler.java:166)
at org.openqa.selenium.remote.http.JsonHttpResponseCodec.reconstructValue(JsonHttpResponseCodec.java:40)
at org.openqa.selenium.remote.http.AbstractHttpResponseCodec.decode(AbstractHttpResponseCodec.java:80)
at org.openqa.selenium.remote.http.AbstractHttpResponseCodec.decode(AbstractHttpResponseCodec.java:44)
at org.openqa.selenium.remote.HttpCommandExecutor.execute(HttpCommandExecutor.java:164)
at org.openqa.selenium.remote.service.DriverCommandExecutor.execute(DriverCommandExecutor.java:83)
at org.openqa.selenium.remote.RemoteWebDriver.execute(RemoteWebDriver.java:600)
at org.openqa.selenium.remote.RemoteWebElement.execute(RemoteWebElement.java:279)
at org.openqa.selenium.remote.RemoteWebElement.clear(RemoteWebElement.java:118)
at inputFormWithVelidation.inputFormWithVelidation_Dynamic.enterText(inputFormWithVelidation_Dynamic.java:24)
at inputFormWithVelidation.inputFormWithVelidation_Dynamic.inputFormFinal(inputFormWithVelidation_Dynamic.java:34)
at inputFormWithVelidation.TC009_inputFormWithVelidation_Dynamic.inputFormWithVelidation_Dynamic(TC009_inputFormWithVelidation_Dynamic.java:30)
at sun.reflect.NativeMethodAccessorImpl.invoke0(Native Method)
at sun.reflect.NativeMethodAccessorImpl.invoke(Unknown Source)
at sun.reflect.DelegatingMethodAccessorImpl.invoke(Unknown Source)
at java.lang.reflect.Method.invoke(Unknown Source)
at org.testng.internal.MethodInvocationHelper.invokeMethod(MethodInvocationHelper.java:124)
at org.testng.internal.Invoker.invokeMethod(Invoker.java:580)
at org.testng.internal.Invoker.invokeTestMethod(Invoker.java:716)
at org.testng.internal.Invoker.invokeTestMethods(Invoker.java:988)
at org.testng.internal.TestMethodWorker.invokeTestMethods(TestMethodWorker.java:125)
at org.testng.internal.TestMethodWorker.run(TestMethodWorker.java:109)
at org.testng.TestRunner.privateRun(TestRunner.java:648)
at org.testng.TestRunner.run(TestRunner.java:505)
at org.testng.SuiteRunner.runTest(SuiteRunner.java:455)
at org.testng.SuiteRunner.runSequentially(SuiteRunner.java:450)
at org.testng.SuiteRunner.privateRun(SuiteRunner.java:415)
at org.testng.SuiteRunner.run(SuiteRunner.java:364)
at org.testng.SuiteRunnerWorker.runSuite(SuiteRunnerWorker.java:52)
at org.testng.SuiteRunnerWorker.run(SuiteRunnerWorker.java:84)
at org.testng.TestNG.runSuitesSequentially(TestNG.java:1208)
at org.testng.TestNG.runSuitesLocally(TestNG.java:1137)
at org.testng.TestNG.runSuites(TestNG.java:1049)
at org.testng.TestNG.run(TestNG.java:1017)
at org.testng.remote.AbstractRemoteTestNG.run(AbstractRemoteTestNG.java:114)
at org.testng.remote.RemoteTestNG.initAndRun(RemoteTestNG.java:251)
at org.testng.remote.RemoteTestNG.main(RemoteTestNG.java:77)
]]>
            </full-stacktrace>
          </exception> <!-- org.openqa.selenium.WebDriverException -->
          <reporter-output>
            <line>
              <![CDATA[<a href='C:\Users\Ahammed_Sorif\Documents\EclipesShare\test.seleniumEasy.gitHub\ScreenShot\inputFormWithVelidation_Dynamic 10-03-2018_02-09-53 .png'><img src='C:\Users\Ahammed_Sorif\Documents\EclipesShare\test.seleniumEasy.gitHub\ScreenShot\inputFormWithVelidation_Dynamic 10-03-2018_02-09-53 .png' height='100' width='100'/></a>]]>
            </line>
          </reporter-output>
        </test-method> <!-- inputFormWithVelidation_Dynamic -->
        <test-method status="FAIL" signature="inputFormWithVelidation_Dynamic(java.lang.String, java.lang.String, java.lang.String, java.lang.String, java.lang.String, java.lang.String, java.lang.String, java.lang.String, java.lang.String, java.lang.String)[pri:0, instance:inputFormWithVelidation.TC009_inputFormWithVelidation_Dynamic@60c6f5b]" name="inputFormWithVelidation_Dynamic" duration-ms="406" started-at="2018-10-03T18:09:53Z" data-provider="data" finished-at="2018-10-03T18:09:54Z">
          <params>
            <param index="0">
              <value>
                <![CDATA[FirstName 4]]>
              </value>
            </param>
            <param index="1">
              <value>
                <![CDATA[LastName 4]]>
              </value>
            </param>
            <param index="2">
              <value>
                <![CDATA[FNamLNam04@Gmail.com]]>
              </value>
            </param>
            <param index="3">
              <value>
                <![CDATA[347-844-9077]]>
              </value>
            </param>
            <param index="4">
              <value>
                <![CDATA[92 MetOval]]>
              </value>
            </param>
            <param index="5">
              <value>
                <![CDATA[Bronx4]]>
              </value>
            </param>
            <param index="6">
              <value>
                <![CDATA[District of Columbia]]>
              </value>
            </param>
            <param index="7">
              <value>
                <![CDATA[10462]]>
              </value>
            </param>
            <param index="8">
              <value>
                <![CDATA[ahammedsorif04.com]]>
              </value>
            </param>
            <param index="9">
              <value>
                <![CDATA[Hello World my name is FirtName 4 and LastName 4 how are you doing call me any time .Thank you]]>
              </value>
            </param>
          </params>
          <exception class="org.openqa.selenium.WebDriverException">
            <message>
              <![CDATA[unknown error: call function result missing 'value'
  (Session info: chrome=69.0.3497.100)
  (Driver info: chromedriver=2.33.506120 (e3e53437346286c0bc2d2dc9aa4915ba81d9023f),platform=Windows NT 10.0.17134 x86_64) (WARNING: The server did not provide any stacktrace information)
Command duration or timeout: 0 milliseconds
Build info: version: '3.7.1', revision: '8a0099a', time: '2017-11-06T21:01:39.354Z'
System info: host: 'DESKTOP-O0HJJDF', ip: '192.168.222.1', os.name: 'Windows 10', os.arch: 'amd64', os.version: '10.0', java.version: '1.8.0_181'
Driver info: org.openqa.selenium.chrome.ChromeDriver
Capabilities {acceptSslCerts: true, applicationCacheEnabled: false, browserConnectionEnabled: false, browserName: chrome, chrome: {chromedriverVersion: 2.33.506120 (e3e53437346286..., userDataDir: C:\Users\AHAMME~1\AppData\L...}, cssSelectorsEnabled: true, databaseEnabled: false, handlesAlerts: true, hasTouchScreen: false, javascriptEnabled: true, locationContextEnabled: true, mobileEmulationEnabled: false, nativeEvents: true, networkConnectionEnabled: false, pageLoadStrategy: normal, platform: XP, platformName: XP, rotatable: false, setWindowRect: true, takesHeapSnapshot: true, takesScreenshot: true, unexpectedAlertBehaviour: , unhandledPromptBehavior: , version: 69.0.3497.100, webStorageEnabled: true}
Session ID: 0b264ba458c2e393b57f8d3e31284d9a]]>
            </message>
            <full-stacktrace>
              <![CDATA[org.openqa.selenium.WebDriverException: unknown error: call function result missing 'value'
  (Session info: chrome=69.0.3497.100)
  (Driver info: chromedriver=2.33.506120 (e3e53437346286c0bc2d2dc9aa4915ba81d9023f),platform=Windows NT 10.0.17134 x86_64) (WARNING: The server did not provide any stacktrace information)
Command duration or timeout: 0 milliseconds
Build info: version: '3.7.1', revision: '8a0099a', time: '2017-11-06T21:01:39.354Z'
System info: host: 'DESKTOP-O0HJJDF', ip: '192.168.222.1', os.name: 'Windows 10', os.arch: 'amd64', os.version: '10.0', java.version: '1.8.0_181'
Driver info: org.openqa.selenium.chrome.ChromeDriver
Capabilities {acceptSslCerts: true, applicationCacheEnabled: false, browserConnectionEnabled: false, browserName: chrome, chrome: {chromedriverVersion: 2.33.506120 (e3e53437346286..., userDataDir: C:\Users\AHAMME~1\AppData\L...}, cssSelectorsEnabled: true, databaseEnabled: false, handlesAlerts: true, hasTouchScreen: false, javascriptEnabled: true, locationContextEnabled: true, mobileEmulationEnabled: false, nativeEvents: true, networkConnectionEnabled: false, pageLoadStrategy: normal, platform: XP, platformName: XP, rotatable: false, setWindowRect: true, takesHeapSnapshot: true, takesScreenshot: true, unexpectedAlertBehaviour: , unhandledPromptBehavior: , version: 69.0.3497.100, webStorageEnabled: true}
Session ID: 0b264ba458c2e393b57f8d3e31284d9a
at sun.reflect.NativeConstructorAccessorImpl.newInstance0(Native Method)
at sun.reflect.NativeConstructorAccessorImpl.newInstance(Unknown Source)
at sun.reflect.DelegatingConstructorAccessorImpl.newInstance(Unknown Source)
at java.lang.reflect.Constructor.newInstance(Unknown Source)
at org.openqa.selenium.remote.ErrorHandler.createThrowable(ErrorHandler.java:214)
at org.openqa.selenium.remote.ErrorHandler.throwIfResponseFailed(ErrorHandler.java:166)
at org.openqa.selenium.remote.http.JsonHttpResponseCodec.reconstructValue(JsonHttpResponseCodec.java:40)
at org.openqa.selenium.remote.http.AbstractHttpResponseCodec.decode(AbstractHttpResponseCodec.java:80)
at org.openqa.selenium.remote.http.AbstractHttpResponseCodec.decode(AbstractHttpResponseCodec.java:44)
at org.openqa.selenium.remote.HttpCommandExecutor.execute(HttpCommandExecutor.java:164)
at org.openqa.selenium.remote.service.DriverCommandExecutor.execute(DriverCommandExecutor.java:83)
at org.openqa.selenium.remote.RemoteWebDriver.execute(RemoteWebDriver.java:600)
at org.openqa.selenium.remote.RemoteWebElement.execute(RemoteWebElement.java:279)
at org.openqa.selenium.remote.RemoteWebElement.clear(RemoteWebElement.java:118)
at inputFormWithVelidation.inputFormWithVelidation_Dynamic.enterText(inputFormWithVelidation_Dynamic.java:24)
at inputFormWithVelidation.inputFormWithVelidation_Dynamic.inputFormFinal(inputFormWithVelidation_Dynamic.java:34)
at inputFormWithVelidation.TC009_inputFormWithVelidation_Dynamic.inputFormWithVelidation_Dynamic(TC009_inputFormWithVelidation_Dynamic.java:30)
at sun.reflect.NativeMethodAccessorImpl.invoke0(Native Method)
at sun.reflect.NativeMethodAccessorImpl.invoke(Unknown Source)
at sun.reflect.DelegatingMethodAccessorImpl.invoke(Unknown Source)
at java.lang.reflect.Method.invoke(Unknown Source)
at org.testng.internal.MethodInvocationHelper.invokeMethod(MethodInvocationHelper.java:124)
at org.testng.internal.Invoker.invokeMethod(Invoker.java:580)
at org.testng.internal.Invoker.invokeTestMethod(Invoker.java:716)
at org.testng.internal.Invoker.invokeTestMethods(Invoker.java:988)
at org.testng.internal.TestMethodWorker.invokeTestMethods(TestMethodWorker.java:125)
at org.testng.internal.TestMethodWorker.run(TestMethodWorker.java:109)
at org.testng.TestRunner.privateRun(TestRunner.java:648)
at org.testng.TestRunner.run(TestRunner.java:505)
at org.testng.SuiteRunner.runTest(SuiteRunner.java:455)
at org.testng.SuiteRunner.runSequentially(SuiteRunner.java:450)
at org.testng.SuiteRunner.privateRun(SuiteRunner.java:415)
at org.testng.SuiteRunner.run(SuiteRunner.java:364)
at org.testng.SuiteRunnerWorker.runSuite(SuiteRunnerWorker.java:52)
at org.testng.SuiteRunnerWorker.run(SuiteRunnerWorker.java:84)
at org.testng.TestNG.runSuitesSequentially(TestNG.java:1208)
at org.testng.TestNG.runSuitesLocally(TestNG.java:1137)
at org.testng.TestNG.runSuites(TestNG.java:1049)
at org.testng.TestNG.run(TestNG.java:1017)
at org.testng.remote.AbstractRemoteTestNG.run(AbstractRemoteTestNG.java:114)
at org.testng.remote.RemoteTestNG.initAndRun(RemoteTestNG.java:251)
at org.testng.remote.RemoteTestNG.main(RemoteTestNG.java:77)
]]>
            </full-stacktrace>
          </exception> <!-- org.openqa.selenium.WebDriverException -->
          <reporter-output>
            <line>
              <![CDATA[<a href='C:\Users\Ahammed_Sorif\Documents\EclipesShare\test.seleniumEasy.gitHub\ScreenShot\inputFormWithVelidation_Dynamic 10-03-2018_02-09-54 .png'><img src='C:\Users\Ahammed_Sorif\Documents\EclipesShare\test.seleniumEasy.gitHub\ScreenShot\inputFormWithVelidation_Dynamic 10-03-2018_02-09-54 .png' height='100' width='100'/></a>]]>
            </line>
          </reporter-output>
        </test-method> <!-- inputFormWithVelidation_Dynamic -->
        <test-method status="FAIL" signature="inputFormWithVelidation_Dynamic(java.lang.String, java.lang.String, java.lang.String, java.lang.String, java.lang.String, java.lang.String, java.lang.String, java.lang.String, java.lang.String, java.lang.String)[pri:0, instance:inputFormWithVelidation.TC009_inputFormWithVelidation_Dynamic@60c6f5b]" name="inputFormWithVelidation_Dynamic" duration-ms="415" started-at="2018-10-03T18:09:54Z" data-provider="data" finished-at="2018-10-03T18:09:54Z">
          <params>
            <param index="0">
              <value>
                <![CDATA[FirstName 5]]>
              </value>
            </param>
            <param index="1">
              <value>
                <![CDATA[LastName 5]]>
              </value>
            </param>
            <param index="2">
              <value>
                <![CDATA[FNamLNam05@Gmail.com]]>
              </value>
            </param>
            <param index="3">
              <value>
                <![CDATA[347-844-9078]]>
              </value>
            </param>
            <param index="4">
              <value>
                <![CDATA[93 MetOval]]>
              </value>
            </param>
            <param index="5">
              <value>
                <![CDATA[Bronx5]]>
              </value>
            </param>
            <param index="6">
              <value>
                <![CDATA[Florida]]>
              </value>
            </param>
            <param index="7">
              <value>
                <![CDATA[10462]]>
              </value>
            </param>
            <param index="8">
              <value>
                <![CDATA[ahammedsorif05.com]]>
              </value>
            </param>
            <param index="9">
              <value>
                <![CDATA[Hello World my name is FirtName 5 and LastName 5 how are you doing call me any time .Thank you]]>
              </value>
            </param>
          </params>
          <exception class="org.openqa.selenium.WebDriverException">
            <message>
              <![CDATA[unknown error: call function result missing 'value'
  (Session info: chrome=69.0.3497.100)
  (Driver info: chromedriver=2.33.506120 (e3e53437346286c0bc2d2dc9aa4915ba81d9023f),platform=Windows NT 10.0.17134 x86_64) (WARNING: The server did not provide any stacktrace information)
Command duration or timeout: 0 milliseconds
Build info: version: '3.7.1', revision: '8a0099a', time: '2017-11-06T21:01:39.354Z'
System info: host: 'DESKTOP-O0HJJDF', ip: '192.168.222.1', os.name: 'Windows 10', os.arch: 'amd64', os.version: '10.0', java.version: '1.8.0_181'
Driver info: org.openqa.selenium.chrome.ChromeDriver
Capabilities {acceptSslCerts: true, applicationCacheEnabled: false, browserConnectionEnabled: false, browserName: chrome, chrome: {chromedriverVersion: 2.33.506120 (e3e53437346286..., userDataDir: C:\Users\AHAMME~1\AppData\L...}, cssSelectorsEnabled: true, databaseEnabled: false, handlesAlerts: true, hasTouchScreen: false, javascriptEnabled: true, locationContextEnabled: true, mobileEmulationEnabled: false, nativeEvents: true, networkConnectionEnabled: false, pageLoadStrategy: normal, platform: XP, platformName: XP, rotatable: false, setWindowRect: true, takesHeapSnapshot: true, takesScreenshot: true, unexpectedAlertBehaviour: , unhandledPromptBehavior: , version: 69.0.3497.100, webStorageEnabled: true}
Session ID: 0b264ba458c2e393b57f8d3e31284d9a]]>
            </message>
            <full-stacktrace>
              <![CDATA[org.openqa.selenium.WebDriverException: unknown error: call function result missing 'value'
  (Session info: chrome=69.0.3497.100)
  (Driver info: chromedriver=2.33.506120 (e3e53437346286c0bc2d2dc9aa4915ba81d9023f),platform=Windows NT 10.0.17134 x86_64) (WARNING: The server did not provide any stacktrace information)
Command duration or timeout: 0 milliseconds
Build info: version: '3.7.1', revision: '8a0099a', time: '2017-11-06T21:01:39.354Z'
System info: host: 'DESKTOP-O0HJJDF', ip: '192.168.222.1', os.name: 'Windows 10', os.arch: 'amd64', os.version: '10.0', java.version: '1.8.0_181'
Driver info: org.openqa.selenium.chrome.ChromeDriver
Capabilities {acceptSslCerts: true, applicationCacheEnabled: false, browserConnectionEnabled: false, browserName: chrome, chrome: {chromedriverVersion: 2.33.506120 (e3e53437346286..., userDataDir: C:\Users\AHAMME~1\AppData\L...}, cssSelectorsEnabled: true, databaseEnabled: false, handlesAlerts: true, hasTouchScreen: false, javascriptEnabled: true, locationContextEnabled: true, mobileEmulationEnabled: false, nativeEvents: true, networkConnectionEnabled: false, pageLoadStrategy: normal, platform: XP, platformName: XP, rotatable: false, setWindowRect: true, takesHeapSnapshot: true, takesScreenshot: true, unexpectedAlertBehaviour: , unhandledPromptBehavior: , version: 69.0.3497.100, webStorageEnabled: true}
Session ID: 0b264ba458c2e393b57f8d3e31284d9a
at sun.reflect.NativeConstructorAccessorImpl.newInstance0(Native Method)
at sun.reflect.NativeConstructorAccessorImpl.newInstance(Unknown Source)
at sun.reflect.DelegatingConstructorAccessorImpl.newInstance(Unknown Source)
at java.lang.reflect.Constructor.newInstance(Unknown Source)
at org.openqa.selenium.remote.ErrorHandler.createThrowable(ErrorHandler.java:214)
at org.openqa.selenium.remote.ErrorHandler.throwIfResponseFailed(ErrorHandler.java:166)
at org.openqa.selenium.remote.http.JsonHttpResponseCodec.reconstructValue(JsonHttpResponseCodec.java:40)
at org.openqa.selenium.remote.http.AbstractHttpResponseCodec.decode(AbstractHttpResponseCodec.java:80)
at org.openqa.selenium.remote.http.AbstractHttpResponseCodec.decode(AbstractHttpResponseCodec.java:44)
at org.openqa.selenium.remote.HttpCommandExecutor.execute(HttpCommandExecutor.java:164)
at org.openqa.selenium.remote.service.DriverCommandExecutor.execute(DriverCommandExecutor.java:83)
at org.openqa.selenium.remote.RemoteWebDriver.execute(RemoteWebDriver.java:600)
at org.openqa.selenium.remote.RemoteWebElement.execute(RemoteWebElement.java:279)
at org.openqa.selenium.remote.RemoteWebElement.clear(RemoteWebElement.java:118)
at inputFormWithVelidation.inputFormWithVelidation_Dynamic.enterText(inputFormWithVelidation_Dynamic.java:24)
at inputFormWithVelidation.inputFormWithVelidation_Dynamic.inputFormFinal(inputFormWithVelidation_Dynamic.java:34)
at inputFormWithVelidation.TC009_inputFormWithVelidation_Dynamic.inputFormWithVelidation_Dynamic(TC009_inputFormWithVelidation_Dynamic.java:30)
at sun.reflect.NativeMethodAccessorImpl.invoke0(Native Method)
at sun.reflect.NativeMethodAccessorImpl.invoke(Unknown Source)
at sun.reflect.DelegatingMethodAccessorImpl.invoke(Unknown Source)
at java.lang.reflect.Method.invoke(Unknown Source)
at org.testng.internal.MethodInvocationHelper.invokeMethod(MethodInvocationHelper.java:124)
at org.testng.internal.Invoker.invokeMethod(Invoker.java:580)
at org.testng.internal.Invoker.invokeTestMethod(Invoker.java:716)
at org.testng.internal.Invoker.invokeTestMethods(Invoker.java:988)
at org.testng.internal.TestMethodWorker.invokeTestMethods(TestMethodWorker.java:125)
at org.testng.internal.TestMethodWorker.run(TestMethodWorker.java:109)
at org.testng.TestRunner.privateRun(TestRunner.java:648)
at org.testng.TestRunner.run(TestRunner.java:505)
at org.testng.SuiteRunner.runTest(SuiteRunner.java:455)
at org.testng.SuiteRunner.runSequentially(SuiteRunner.java:450)
at org.testng.SuiteRunner.privateRun(SuiteRunner.java:415)
at org.testng.SuiteRunner.run(SuiteRunner.java:364)
at org.testng.SuiteRunnerWorker.runSuite(SuiteRunnerWorker.java:52)
at org.testng.SuiteRunnerWorker.run(SuiteRunnerWorker.java:84)
at org.testng.TestNG.runSuitesSequentially(TestNG.java:1208)
at org.testng.TestNG.runSuitesLocally(TestNG.java:1137)
at org.testng.TestNG.runSuites(TestNG.java:1049)
at org.testng.TestNG.run(TestNG.java:1017)
at org.testng.remote.AbstractRemoteTestNG.run(AbstractRemoteTestNG.java:114)
at org.testng.remote.RemoteTestNG.initAndRun(RemoteTestNG.java:251)
at org.testng.remote.RemoteTestNG.main(RemoteTestNG.java:77)
]]>
            </full-stacktrace>
          </exception> <!-- org.openqa.selenium.WebDriverException -->
          <reporter-output>
            <line>
              <![CDATA[<a href='C:\Users\Ahammed_Sorif\Documents\EclipesShare\test.seleniumEasy.gitHub\ScreenShot\inputFormWithVelidation_Dynamic 10-03-2018_02-09-54 .png'><img src='C:\Users\Ahammed_Sorif\Documents\EclipesShare\test.seleniumEasy.gitHub\ScreenShot\inputFormWithVelidation_Dynamic 10-03-2018_02-09-54 .png' height='100' width='100'/></a>]]>
            </line>
          </reporter-output>
        </test-method> <!-- inputFormWithVelidation_Dynamic -->
        <test-method status="FAIL" signature="inputFormWithVelidation_Dynamic(java.lang.String, java.lang.String, java.lang.String, java.lang.String, java.lang.String, java.lang.String, java.lang.String, java.lang.String, java.lang.String, java.lang.String)[pri:0, instance:inputFormWithVelidation.TC009_inputFormWithVelidation_Dynamic@60c6f5b]" name="inputFormWithVelidation_Dynamic" duration-ms="396" started-at="2018-10-03T18:09:55Z" data-provider="data" finished-at="2018-10-03T18:09:55Z">
          <params>
            <param index="0">
              <value>
                <![CDATA[FirstName 6]]>
              </value>
            </param>
            <param index="1">
              <value>
                <![CDATA[LastName 6]]>
              </value>
            </param>
            <param index="2">
              <value>
                <![CDATA[FNamLNam06@Gmail.com]]>
              </value>
            </param>
            <param index="3">
              <value>
                <![CDATA[347-844-9079]]>
              </value>
            </param>
            <param index="4">
              <value>
                <![CDATA[94 MetOval]]>
              </value>
            </param>
            <param index="5">
              <value>
                <![CDATA[Bronx6]]>
              </value>
            </param>
            <param index="6">
              <value>
                <![CDATA[Georgia]]>
              </value>
            </param>
            <param index="7">
              <value>
                <![CDATA[10462]]>
              </value>
            </param>
            <param index="8">
              <value>
                <![CDATA[ahammedsorif06.com]]>
              </value>
            </param>
            <param index="9">
              <value>
                <![CDATA[Hello World my name is FirtName 6 and LastName 6 how are you doing call me any time .Thank you]]>
              </value>
            </param>
          </params>
          <exception class="org.openqa.selenium.WebDriverException">
            <message>
              <![CDATA[unknown error: call function result missing 'value'
  (Session info: chrome=69.0.3497.100)
  (Driver info: chromedriver=2.33.506120 (e3e53437346286c0bc2d2dc9aa4915ba81d9023f),platform=Windows NT 10.0.17134 x86_64) (WARNING: The server did not provide any stacktrace information)
Command duration or timeout: 0 milliseconds
Build info: version: '3.7.1', revision: '8a0099a', time: '2017-11-06T21:01:39.354Z'
System info: host: 'DESKTOP-O0HJJDF', ip: '192.168.222.1', os.name: 'Windows 10', os.arch: 'amd64', os.version: '10.0', java.version: '1.8.0_181'
Driver info: org.openqa.selenium.chrome.ChromeDriver
Capabilities {acceptSslCerts: true, applicationCacheEnabled: false, browserConnectionEnabled: false, browserName: chrome, chrome: {chromedriverVersion: 2.33.506120 (e3e53437346286..., userDataDir: C:\Users\AHAMME~1\AppData\L...}, cssSelectorsEnabled: true, databaseEnabled: false, handlesAlerts: true, hasTouchScreen: false, javascriptEnabled: true, locationContextEnabled: true, mobileEmulationEnabled: false, nativeEvents: true, networkConnectionEnabled: false, pageLoadStrategy: normal, platform: XP, platformName: XP, rotatable: false, setWindowRect: true, takesHeapSnapshot: true, takesScreenshot: true, unexpectedAlertBehaviour: , unhandledPromptBehavior: , version: 69.0.3497.100, webStorageEnabled: true}
Session ID: 0b264ba458c2e393b57f8d3e31284d9a]]>
            </message>
            <full-stacktrace>
              <![CDATA[org.openqa.selenium.WebDriverException: unknown error: call function result missing 'value'
  (Session info: chrome=69.0.3497.100)
  (Driver info: chromedriver=2.33.506120 (e3e53437346286c0bc2d2dc9aa4915ba81d9023f),platform=Windows NT 10.0.17134 x86_64) (WARNING: The server did not provide any stacktrace information)
Command duration or timeout: 0 milliseconds
Build info: version: '3.7.1', revision: '8a0099a', time: '2017-11-06T21:01:39.354Z'
System info: host: 'DESKTOP-O0HJJDF', ip: '192.168.222.1', os.name: 'Windows 10', os.arch: 'amd64', os.version: '10.0', java.version: '1.8.0_181'
Driver info: org.openqa.selenium.chrome.ChromeDriver
Capabilities {acceptSslCerts: true, applicationCacheEnabled: false, browserConnectionEnabled: false, browserName: chrome, chrome: {chromedriverVersion: 2.33.506120 (e3e53437346286..., userDataDir: C:\Users\AHAMME~1\AppData\L...}, cssSelectorsEnabled: true, databaseEnabled: false, handlesAlerts: true, hasTouchScreen: false, javascriptEnabled: true, locationContextEnabled: true, mobileEmulationEnabled: false, nativeEvents: true, networkConnectionEnabled: false, pageLoadStrategy: normal, platform: XP, platformName: XP, rotatable: false, setWindowRect: true, takesHeapSnapshot: true, takesScreenshot: true, unexpectedAlertBehaviour: , unhandledPromptBehavior: , version: 69.0.3497.100, webStorageEnabled: true}
Session ID: 0b264ba458c2e393b57f8d3e31284d9a
at sun.reflect.NativeConstructorAccessorImpl.newInstance0(Native Method)
at sun.reflect.NativeConstructorAccessorImpl.newInstance(Unknown Source)
at sun.reflect.DelegatingConstructorAccessorImpl.newInstance(Unknown Source)
at java.lang.reflect.Constructor.newInstance(Unknown Source)
at org.openqa.selenium.remote.ErrorHandler.createThrowable(ErrorHandler.java:214)
at org.openqa.selenium.remote.ErrorHandler.throwIfResponseFailed(ErrorHandler.java:166)
at org.openqa.selenium.remote.http.JsonHttpResponseCodec.reconstructValue(JsonHttpResponseCodec.java:40)
at org.openqa.selenium.remote.http.AbstractHttpResponseCodec.decode(AbstractHttpResponseCodec.java:80)
at org.openqa.selenium.remote.http.AbstractHttpResponseCodec.decode(AbstractHttpResponseCodec.java:44)
at org.openqa.selenium.remote.HttpCommandExecutor.execute(HttpCommandExecutor.java:164)
at org.openqa.selenium.remote.service.DriverCommandExecutor.execute(DriverCommandExecutor.java:83)
at org.openqa.selenium.remote.RemoteWebDriver.execute(RemoteWebDriver.java:600)
at org.openqa.selenium.remote.RemoteWebElement.execute(RemoteWebElement.java:279)
at org.openqa.selenium.remote.RemoteWebElement.clear(RemoteWebElement.java:118)
at inputFormWithVelidation.inputFormWithVelidation_Dynamic.enterText(inputFormWithVelidation_Dynamic.java:24)
at inputFormWithVelidation.inputFormWithVelidation_Dynamic.inputFormFinal(inputFormWithVelidation_Dynamic.java:34)
at inputFormWithVelidation.TC009_inputFormWithVelidation_Dynamic.inputFormWithVelidation_Dynamic(TC009_inputFormWithVelidation_Dynamic.java:30)
at sun.reflect.NativeMethodAccessorImpl.invoke0(Native Method)
at sun.reflect.NativeMethodAccessorImpl.invoke(Unknown Source)
at sun.reflect.DelegatingMethodAccessorImpl.invoke(Unknown Source)
at java.lang.reflect.Method.invoke(Unknown Source)
at org.testng.internal.MethodInvocationHelper.invokeMethod(MethodInvocationHelper.java:124)
at org.testng.internal.Invoker.invokeMethod(Invoker.java:580)
at org.testng.internal.Invoker.invokeTestMethod(Invoker.java:716)
at org.testng.internal.Invoker.invokeTestMethods(Invoker.java:988)
at org.testng.internal.TestMethodWorker.invokeTestMethods(TestMethodWorker.java:125)
at org.testng.internal.TestMethodWorker.run(TestMethodWorker.java:109)
at org.testng.TestRunner.privateRun(TestRunner.java:648)
at org.testng.TestRunner.run(TestRunner.java:505)
at org.testng.SuiteRunner.runTest(SuiteRunner.java:455)
at org.testng.SuiteRunner.runSequentially(SuiteRunner.java:450)
at org.testng.SuiteRunner.privateRun(SuiteRunner.java:415)
at org.testng.SuiteRunner.run(SuiteRunner.java:364)
at org.testng.SuiteRunnerWorker.runSuite(SuiteRunnerWorker.java:52)
at org.testng.SuiteRunnerWorker.run(SuiteRunnerWorker.java:84)
at org.testng.TestNG.runSuitesSequentially(TestNG.java:1208)
at org.testng.TestNG.runSuitesLocally(TestNG.java:1137)
at org.testng.TestNG.runSuites(TestNG.java:1049)
at org.testng.TestNG.run(TestNG.java:1017)
at org.testng.remote.AbstractRemoteTestNG.run(AbstractRemoteTestNG.java:114)
at org.testng.remote.RemoteTestNG.initAndRun(RemoteTestNG.java:251)
at org.testng.remote.RemoteTestNG.main(RemoteTestNG.java:77)
]]>
            </full-stacktrace>
          </exception> <!-- org.openqa.selenium.WebDriverException -->
          <reporter-output>
            <line>
              <![CDATA[<a href='C:\Users\Ahammed_Sorif\Documents\EclipesShare\test.seleniumEasy.gitHub\ScreenShot\inputFormWithVelidation_Dynamic 10-03-2018_02-09-55 .png'><img src='C:\Users\Ahammed_Sorif\Documents\EclipesShare\test.seleniumEasy.gitHub\ScreenShot\inputFormWithVelidation_Dynamic 10-03-2018_02-09-55 .png' height='100' width='100'/></a>]]>
            </line>
          </reporter-output>
        </test-method> <!-- inputFormWithVelidation_Dynamic -->
        <test-method status="FAIL" signature="inputFormWithVelidation_Dynamic(java.lang.String, java.lang.String, java.lang.String, java.lang.String, java.lang.String, java.lang.String, java.lang.String, java.lang.String, java.lang.String, java.lang.String)[pri:0, instance:inputFormWithVelidation.TC009_inputFormWithVelidation_Dynamic@60c6f5b]" name="inputFormWithVelidation_Dynamic" duration-ms="462" started-at="2018-10-03T18:09:55Z" data-provider="data" finished-at="2018-10-03T18:09:56Z">
          <params>
            <param index="0">
              <value>
                <![CDATA[FirstName 7]]>
              </value>
            </param>
            <param index="1">
              <value>
                <![CDATA[LastName 7]]>
              </value>
            </param>
            <param index="2">
              <value>
                <![CDATA[FNamLNam07@Gmail.com]]>
              </value>
            </param>
            <param index="3">
              <value>
                <![CDATA[347-844-9080]]>
              </value>
            </param>
            <param index="4">
              <value>
                <![CDATA[95 MetOval]]>
              </value>
            </param>
            <param index="5">
              <value>
                <![CDATA[Bronx7]]>
              </value>
            </param>
            <param index="6">
              <value>
                <![CDATA[Hawaii]]>
              </value>
            </param>
            <param index="7">
              <value>
                <![CDATA[10462]]>
              </value>
            </param>
            <param index="8">
              <value>
                <![CDATA[ahammedsorif07.com]]>
              </value>
            </param>
            <param index="9">
              <value>
                <![CDATA[Hello World my name is FirtName 7 and LastName 7 how are you doing call me any time .Thank you]]>
              </value>
            </param>
          </params>
          <exception class="org.openqa.selenium.WebDriverException">
            <message>
              <![CDATA[unknown error: call function result missing 'value'
  (Session info: chrome=69.0.3497.100)
  (Driver info: chromedriver=2.33.506120 (e3e53437346286c0bc2d2dc9aa4915ba81d9023f),platform=Windows NT 10.0.17134 x86_64) (WARNING: The server did not provide any stacktrace information)
Command duration or timeout: 0 milliseconds
Build info: version: '3.7.1', revision: '8a0099a', time: '2017-11-06T21:01:39.354Z'
System info: host: 'DESKTOP-O0HJJDF', ip: '192.168.222.1', os.name: 'Windows 10', os.arch: 'amd64', os.version: '10.0', java.version: '1.8.0_181'
Driver info: org.openqa.selenium.chrome.ChromeDriver
Capabilities {acceptSslCerts: true, applicationCacheEnabled: false, browserConnectionEnabled: false, browserName: chrome, chrome: {chromedriverVersion: 2.33.506120 (e3e53437346286..., userDataDir: C:\Users\AHAMME~1\AppData\L...}, cssSelectorsEnabled: true, databaseEnabled: false, handlesAlerts: true, hasTouchScreen: false, javascriptEnabled: true, locationContextEnabled: true, mobileEmulationEnabled: false, nativeEvents: true, networkConnectionEnabled: false, pageLoadStrategy: normal, platform: XP, platformName: XP, rotatable: false, setWindowRect: true, takesHeapSnapshot: true, takesScreenshot: true, unexpectedAlertBehaviour: , unhandledPromptBehavior: , version: 69.0.3497.100, webStorageEnabled: true}
Session ID: 0b264ba458c2e393b57f8d3e31284d9a]]>
            </message>
            <full-stacktrace>
              <![CDATA[org.openqa.selenium.WebDriverException: unknown error: call function result missing 'value'
  (Session info: chrome=69.0.3497.100)
  (Driver info: chromedriver=2.33.506120 (e3e53437346286c0bc2d2dc9aa4915ba81d9023f),platform=Windows NT 10.0.17134 x86_64) (WARNING: The server did not provide any stacktrace information)
Command duration or timeout: 0 milliseconds
Build info: version: '3.7.1', revision: '8a0099a', time: '2017-11-06T21:01:39.354Z'
System info: host: 'DESKTOP-O0HJJDF', ip: '192.168.222.1', os.name: 'Windows 10', os.arch: 'amd64', os.version: '10.0', java.version: '1.8.0_181'
Driver info: org.openqa.selenium.chrome.ChromeDriver
Capabilities {acceptSslCerts: true, applicationCacheEnabled: false, browserConnectionEnabled: false, browserName: chrome, chrome: {chromedriverVersion: 2.33.506120 (e3e53437346286..., userDataDir: C:\Users\AHAMME~1\AppData\L...}, cssSelectorsEnabled: true, databaseEnabled: false, handlesAlerts: true, hasTouchScreen: false, javascriptEnabled: true, locationContextEnabled: true, mobileEmulationEnabled: false, nativeEvents: true, networkConnectionEnabled: false, pageLoadStrategy: normal, platform: XP, platformName: XP, rotatable: false, setWindowRect: true, takesHeapSnapshot: true, takesScreenshot: true, unexpectedAlertBehaviour: , unhandledPromptBehavior: , version: 69.0.3497.100, webStorageEnabled: true}
Session ID: 0b264ba458c2e393b57f8d3e31284d9a
at sun.reflect.NativeConstructorAccessorImpl.newInstance0(Native Method)
at sun.reflect.NativeConstructorAccessorImpl.newInstance(Unknown Source)
at sun.reflect.DelegatingConstructorAccessorImpl.newInstance(Unknown Source)
at java.lang.reflect.Constructor.newInstance(Unknown Source)
at org.openqa.selenium.remote.ErrorHandler.createThrowable(ErrorHandler.java:214)
at org.openqa.selenium.remote.ErrorHandler.throwIfResponseFailed(ErrorHandler.java:166)
at org.openqa.selenium.remote.http.JsonHttpResponseCodec.reconstructValue(JsonHttpResponseCodec.java:40)
at org.openqa.selenium.remote.http.AbstractHttpResponseCodec.decode(AbstractHttpResponseCodec.java:80)
at org.openqa.selenium.remote.http.AbstractHttpResponseCodec.decode(AbstractHttpResponseCodec.java:44)
at org.openqa.selenium.remote.HttpCommandExecutor.execute(HttpCommandExecutor.java:164)
at org.openqa.selenium.remote.service.DriverCommandExecutor.execute(DriverCommandExecutor.java:83)
at org.openqa.selenium.remote.RemoteWebDriver.execute(RemoteWebDriver.java:600)
at org.openqa.selenium.remote.RemoteWebElement.execute(RemoteWebElement.java:279)
at org.openqa.selenium.remote.RemoteWebElement.clear(RemoteWebElement.java:118)
at inputFormWithVelidation.inputFormWithVelidation_Dynamic.enterText(inputFormWithVelidation_Dynamic.java:24)
at inputFormWithVelidation.inputFormWithVelidation_Dynamic.inputFormFinal(inputFormWithVelidation_Dynamic.java:34)
at inputFormWithVelidation.TC009_inputFormWithVelidation_Dynamic.inputFormWithVelidation_Dynamic(TC009_inputFormWithVelidation_Dynamic.java:30)
at sun.reflect.NativeMethodAccessorImpl.invoke0(Native Method)
at sun.reflect.NativeMethodAccessorImpl.invoke(Unknown Source)
at sun.reflect.DelegatingMethodAccessorImpl.invoke(Unknown Source)
at java.lang.reflect.Method.invoke(Unknown Source)
at org.testng.internal.MethodInvocationHelper.invokeMethod(MethodInvocationHelper.java:124)
at org.testng.internal.Invoker.invokeMethod(Invoker.java:580)
at org.testng.internal.Invoker.invokeTestMethod(Invoker.java:716)
at org.testng.internal.Invoker.invokeTestMethods(Invoker.java:988)
at org.testng.internal.TestMethodWorker.invokeTestMethods(TestMethodWorker.java:125)
at org.testng.internal.TestMethodWorker.run(TestMethodWorker.java:109)
at org.testng.TestRunner.privateRun(TestRunner.java:648)
at org.testng.TestRunner.run(TestRunner.java:505)
at org.testng.SuiteRunner.runTest(SuiteRunner.java:455)
at org.testng.SuiteRunner.runSequentially(SuiteRunner.java:450)
at org.testng.SuiteRunner.privateRun(SuiteRunner.java:415)
at org.testng.SuiteRunner.run(SuiteRunner.java:364)
at org.testng.SuiteRunnerWorker.runSuite(SuiteRunnerWorker.java:52)
at org.testng.SuiteRunnerWorker.run(SuiteRunnerWorker.java:84)
at org.testng.TestNG.runSuitesSequentially(TestNG.java:1208)
at org.testng.TestNG.runSuitesLocally(TestNG.java:1137)
at org.testng.TestNG.runSuites(TestNG.java:1049)
at org.testng.TestNG.run(TestNG.java:1017)
at org.testng.remote.AbstractRemoteTestNG.run(AbstractRemoteTestNG.java:114)
at org.testng.remote.RemoteTestNG.initAndRun(RemoteTestNG.java:251)
at org.testng.remote.RemoteTestNG.main(RemoteTestNG.java:77)
]]>
            </full-stacktrace>
          </exception> <!-- org.openqa.selenium.WebDriverException -->
          <reporter-output>
            <line>
              <![CDATA[<a href='C:\Users\Ahammed_Sorif\Documents\EclipesShare\test.seleniumEasy.gitHub\ScreenShot\inputFormWithVelidation_Dynamic 10-03-2018_02-09-56 .png'><img src='C:\Users\Ahammed_Sorif\Documents\EclipesShare\test.seleniumEasy.gitHub\ScreenShot\inputFormWithVelidation_Dynamic 10-03-2018_02-09-56 .png' height='100' width='100'/></a>]]>
            </line>
          </reporter-output>
        </test-method> <!-- inputFormWithVelidation_Dynamic -->
        <test-method status="FAIL" signature="inputFormWithVelidation_Dynamic(java.lang.String, java.lang.String, java.lang.String, java.lang.String, java.lang.String, java.lang.String, java.lang.String, java.lang.String, java.lang.String, java.lang.String)[pri:0, instance:inputFormWithVelidation.TC009_inputFormWithVelidation_Dynamic@60c6f5b]" name="inputFormWithVelidation_Dynamic" duration-ms="397" started-at="2018-10-03T18:09:56Z" data-provider="data" finished-at="2018-10-03T18:09:57Z">
          <params>
            <param index="0">
              <value>
                <![CDATA[FirstName 8]]>
              </value>
            </param>
            <param index="1">
              <value>
                <![CDATA[LastName 8]]>
              </value>
            </param>
            <param index="2">
              <value>
                <![CDATA[FNamLNam08@Gmail.com]]>
              </value>
            </param>
            <param index="3">
              <value>
                <![CDATA[347-844-9081]]>
              </value>
            </param>
            <param index="4">
              <value>
                <![CDATA[96 MetOval]]>
              </value>
            </param>
            <param index="5">
              <value>
                <![CDATA[Bronx8]]>
              </value>
            </param>
            <param index="6">
              <value>
                <![CDATA[Maryland]]>
              </value>
            </param>
            <param index="7">
              <value>
                <![CDATA[10462]]>
              </value>
            </param>
            <param index="8">
              <value>
                <![CDATA[ahammedsorif08.com]]>
              </value>
            </param>
            <param index="9">
              <value>
                <![CDATA[Hello World my name is FirtName 8 and LastName 8 how are you doing call me any time .Thank you]]>
              </value>
            </param>
          </params>
          <exception class="org.openqa.selenium.WebDriverException">
            <message>
              <![CDATA[unknown error: call function result missing 'value'
  (Session info: chrome=69.0.3497.100)
  (Driver info: chromedriver=2.33.506120 (e3e53437346286c0bc2d2dc9aa4915ba81d9023f),platform=Windows NT 10.0.17134 x86_64) (WARNING: The server did not provide any stacktrace information)
Command duration or timeout: 0 milliseconds
Build info: version: '3.7.1', revision: '8a0099a', time: '2017-11-06T21:01:39.354Z'
System info: host: 'DESKTOP-O0HJJDF', ip: '192.168.222.1', os.name: 'Windows 10', os.arch: 'amd64', os.version: '10.0', java.version: '1.8.0_181'
Driver info: org.openqa.selenium.chrome.ChromeDriver
Capabilities {acceptSslCerts: true, applicationCacheEnabled: false, browserConnectionEnabled: false, browserName: chrome, chrome: {chromedriverVersion: 2.33.506120 (e3e53437346286..., userDataDir: C:\Users\AHAMME~1\AppData\L...}, cssSelectorsEnabled: true, databaseEnabled: false, handlesAlerts: true, hasTouchScreen: false, javascriptEnabled: true, locationContextEnabled: true, mobileEmulationEnabled: false, nativeEvents: true, networkConnectionEnabled: false, pageLoadStrategy: normal, platform: XP, platformName: XP, rotatable: false, setWindowRect: true, takesHeapSnapshot: true, takesScreenshot: true, unexpectedAlertBehaviour: , unhandledPromptBehavior: , version: 69.0.3497.100, webStorageEnabled: true}
Session ID: 0b264ba458c2e393b57f8d3e31284d9a]]>
            </message>
            <full-stacktrace>
              <![CDATA[org.openqa.selenium.WebDriverException: unknown error: call function result missing 'value'
  (Session info: chrome=69.0.3497.100)
  (Driver info: chromedriver=2.33.506120 (e3e53437346286c0bc2d2dc9aa4915ba81d9023f),platform=Windows NT 10.0.17134 x86_64) (WARNING: The server did not provide any stacktrace information)
Command duration or timeout: 0 milliseconds
Build info: version: '3.7.1', revision: '8a0099a', time: '2017-11-06T21:01:39.354Z'
System info: host: 'DESKTOP-O0HJJDF', ip: '192.168.222.1', os.name: 'Windows 10', os.arch: 'amd64', os.version: '10.0', java.version: '1.8.0_181'
Driver info: org.openqa.selenium.chrome.ChromeDriver
Capabilities {acceptSslCerts: true, applicationCacheEnabled: false, browserConnectionEnabled: false, browserName: chrome, chrome: {chromedriverVersion: 2.33.506120 (e3e53437346286..., userDataDir: C:\Users\AHAMME~1\AppData\L...}, cssSelectorsEnabled: true, databaseEnabled: false, handlesAlerts: true, hasTouchScreen: false, javascriptEnabled: true, locationContextEnabled: true, mobileEmulationEnabled: false, nativeEvents: true, networkConnectionEnabled: false, pageLoadStrategy: normal, platform: XP, platformName: XP, rotatable: false, setWindowRect: true, takesHeapSnapshot: true, takesScreenshot: true, unexpectedAlertBehaviour: , unhandledPromptBehavior: , version: 69.0.3497.100, webStorageEnabled: true}
Session ID: 0b264ba458c2e393b57f8d3e31284d9a
at sun.reflect.NativeConstructorAccessorImpl.newInstance0(Native Method)
at sun.reflect.NativeConstructorAccessorImpl.newInstance(Unknown Source)
at sun.reflect.DelegatingConstructorAccessorImpl.newInstance(Unknown Source)
at java.lang.reflect.Constructor.newInstance(Unknown Source)
at org.openqa.selenium.remote.ErrorHandler.createThrowable(ErrorHandler.java:214)
at org.openqa.selenium.remote.ErrorHandler.throwIfResponseFailed(ErrorHandler.java:166)
at org.openqa.selenium.remote.http.JsonHttpResponseCodec.reconstructValue(JsonHttpResponseCodec.java:40)
at org.openqa.selenium.remote.http.AbstractHttpResponseCodec.decode(AbstractHttpResponseCodec.java:80)
at org.openqa.selenium.remote.http.AbstractHttpResponseCodec.decode(AbstractHttpResponseCodec.java:44)
at org.openqa.selenium.remote.HttpCommandExecutor.execute(HttpCommandExecutor.java:164)
at org.openqa.selenium.remote.service.DriverCommandExecutor.execute(DriverCommandExecutor.java:83)
at org.openqa.selenium.remote.RemoteWebDriver.execute(RemoteWebDriver.java:600)
at org.openqa.selenium.remote.RemoteWebElement.execute(RemoteWebElement.java:279)
at org.openqa.selenium.remote.RemoteWebElement.clear(RemoteWebElement.java:118)
at inputFormWithVelidation.inputFormWithVelidation_Dynamic.enterText(inputFormWithVelidation_Dynamic.java:24)
at inputFormWithVelidation.inputFormWithVelidation_Dynamic.inputFormFinal(inputFormWithVelidation_Dynamic.java:34)
at inputFormWithVelidation.TC009_inputFormWithVelidation_Dynamic.inputFormWithVelidation_Dynamic(TC009_inputFormWithVelidation_Dynamic.java:30)
at sun.reflect.NativeMethodAccessorImpl.invoke0(Native Method)
at sun.reflect.NativeMethodAccessorImpl.invoke(Unknown Source)
at sun.reflect.DelegatingMethodAccessorImpl.invoke(Unknown Source)
at java.lang.reflect.Method.invoke(Unknown Source)
at org.testng.internal.MethodInvocationHelper.invokeMethod(MethodInvocationHelper.java:124)
at org.testng.internal.Invoker.invokeMethod(Invoker.java:580)
at org.testng.internal.Invoker.invokeTestMethod(Invoker.java:716)
at org.testng.internal.Invoker.invokeTestMethods(Invoker.java:988)
at org.testng.internal.TestMethodWorker.invokeTestMethods(TestMethodWorker.java:125)
at org.testng.internal.TestMethodWorker.run(TestMethodWorker.java:109)
at org.testng.TestRunner.privateRun(TestRunner.java:648)
at org.testng.TestRunner.run(TestRunner.java:505)
at org.testng.SuiteRunner.runTest(SuiteRunner.java:455)
at org.testng.SuiteRunner.runSequentially(SuiteRunner.java:450)
at org.testng.SuiteRunner.privateRun(SuiteRunner.java:415)
at org.testng.SuiteRunner.run(SuiteRunner.java:364)
at org.testng.SuiteRunnerWorker.runSuite(SuiteRunnerWorker.java:52)
at org.testng.SuiteRunnerWorker.run(SuiteRunnerWorker.java:84)
at org.testng.TestNG.runSuitesSequentially(TestNG.java:1208)
at org.testng.TestNG.runSuitesLocally(TestNG.java:1137)
at org.testng.TestNG.runSuites(TestNG.java:1049)
at org.testng.TestNG.run(TestNG.java:1017)
at org.testng.remote.AbstractRemoteTestNG.run(AbstractRemoteTestNG.java:114)
at org.testng.remote.RemoteTestNG.initAndRun(RemoteTestNG.java:251)
at org.testng.remote.RemoteTestNG.main(RemoteTestNG.java:77)
]]>
            </full-stacktrace>
          </exception> <!-- org.openqa.selenium.WebDriverException -->
          <reporter-output>
            <line>
              <![CDATA[<a href='C:\Users\Ahammed_Sorif\Documents\EclipesShare\test.seleniumEasy.gitHub\ScreenShot\inputFormWithVelidation_Dynamic 10-03-2018_02-09-57 .png'><img src='C:\Users\Ahammed_Sorif\Documents\EclipesShare\test.seleniumEasy.gitHub\ScreenShot\inputFormWithVelidation_Dynamic 10-03-2018_02-09-57 .png' height='100' width='100'/></a>]]>
            </line>
          </reporter-output>
        </test-method> <!-- inputFormWithVelidation_Dynamic -->
        <test-method status="FAIL" signature="inputFormWithVelidation_Dynamic(java.lang.String, java.lang.String, java.lang.String, java.lang.String, java.lang.String, java.lang.String, java.lang.String, java.lang.String, java.lang.String, java.lang.String)[pri:0, instance:inputFormWithVelidation.TC009_inputFormWithVelidation_Dynamic@60c6f5b]" name="inputFormWithVelidation_Dynamic" duration-ms="427" started-at="2018-10-03T18:09:57Z" data-provider="data" finished-at="2018-10-03T18:09:57Z">
          <params>
            <param index="0">
              <value>
                <![CDATA[FirstName 9]]>
              </value>
            </param>
            <param index="1">
              <value>
                <![CDATA[LastName 9]]>
              </value>
            </param>
            <param index="2">
              <value>
                <![CDATA[FNamLNam09@Gmail.com]]>
              </value>
            </param>
            <param index="3">
              <value>
                <![CDATA[347-844-9082]]>
              </value>
            </param>
            <param index="4">
              <value>
                <![CDATA[97 MetOval]]>
              </value>
            </param>
            <param index="5">
              <value>
                <![CDATA[Bronx9]]>
              </value>
            </param>
            <param index="6">
              <value>
                <![CDATA[Mass]]>
              </value>
            </param>
            <param index="7">
              <value>
                <![CDATA[10462]]>
              </value>
            </param>
            <param index="8">
              <value>
                <![CDATA[ahammedsorif09.com]]>
              </value>
            </param>
            <param index="9">
              <value>
                <![CDATA[Hello World my name is FirtName 9 and LastName 9 how are you doing call me any time .Thank you]]>
              </value>
            </param>
          </params>
          <exception class="org.openqa.selenium.WebDriverException">
            <message>
              <![CDATA[unknown error: call function result missing 'value'
  (Session info: chrome=69.0.3497.100)
  (Driver info: chromedriver=2.33.506120 (e3e53437346286c0bc2d2dc9aa4915ba81d9023f),platform=Windows NT 10.0.17134 x86_64) (WARNING: The server did not provide any stacktrace information)
Command duration or timeout: 0 milliseconds
Build info: version: '3.7.1', revision: '8a0099a', time: '2017-11-06T21:01:39.354Z'
System info: host: 'DESKTOP-O0HJJDF', ip: '192.168.222.1', os.name: 'Windows 10', os.arch: 'amd64', os.version: '10.0', java.version: '1.8.0_181'
Driver info: org.openqa.selenium.chrome.ChromeDriver
Capabilities {acceptSslCerts: true, applicationCacheEnabled: false, browserConnectionEnabled: false, browserName: chrome, chrome: {chromedriverVersion: 2.33.506120 (e3e53437346286..., userDataDir: C:\Users\AHAMME~1\AppData\L...}, cssSelectorsEnabled: true, databaseEnabled: false, handlesAlerts: true, hasTouchScreen: false, javascriptEnabled: true, locationContextEnabled: true, mobileEmulationEnabled: false, nativeEvents: true, networkConnectionEnabled: false, pageLoadStrategy: normal, platform: XP, platformName: XP, rotatable: false, setWindowRect: true, takesHeapSnapshot: true, takesScreenshot: true, unexpectedAlertBehaviour: , unhandledPromptBehavior: , version: 69.0.3497.100, webStorageEnabled: true}
Session ID: 0b264ba458c2e393b57f8d3e31284d9a]]>
            </message>
            <full-stacktrace>
              <![CDATA[org.openqa.selenium.WebDriverException: unknown error: call function result missing 'value'
  (Session info: chrome=69.0.3497.100)
  (Driver info: chromedriver=2.33.506120 (e3e53437346286c0bc2d2dc9aa4915ba81d9023f),platform=Windows NT 10.0.17134 x86_64) (WARNING: The server did not provide any stacktrace information)
Command duration or timeout: 0 milliseconds
Build info: version: '3.7.1', revision: '8a0099a', time: '2017-11-06T21:01:39.354Z'
System info: host: 'DESKTOP-O0HJJDF', ip: '192.168.222.1', os.name: 'Windows 10', os.arch: 'amd64', os.version: '10.0', java.version: '1.8.0_181'
Driver info: org.openqa.selenium.chrome.ChromeDriver
Capabilities {acceptSslCerts: true, applicationCacheEnabled: false, browserConnectionEnabled: false, browserName: chrome, chrome: {chromedriverVersion: 2.33.506120 (e3e53437346286..., userDataDir: C:\Users\AHAMME~1\AppData\L...}, cssSelectorsEnabled: true, databaseEnabled: false, handlesAlerts: true, hasTouchScreen: false, javascriptEnabled: true, locationContextEnabled: true, mobileEmulationEnabled: false, nativeEvents: true, networkConnectionEnabled: false, pageLoadStrategy: normal, platform: XP, platformName: XP, rotatable: false, setWindowRect: true, takesHeapSnapshot: true, takesScreenshot: true, unexpectedAlertBehaviour: , unhandledPromptBehavior: , version: 69.0.3497.100, webStorageEnabled: true}
Session ID: 0b264ba458c2e393b57f8d3e31284d9a
at sun.reflect.NativeConstructorAccessorImpl.newInstance0(Native Method)
at sun.reflect.NativeConstructorAccessorImpl.newInstance(Unknown Source)
at sun.reflect.DelegatingConstructorAccessorImpl.newInstance(Unknown Source)
at java.lang.reflect.Constructor.newInstance(Unknown Source)
at org.openqa.selenium.remote.ErrorHandler.createThrowable(ErrorHandler.java:214)
at org.openqa.selenium.remote.ErrorHandler.throwIfResponseFailed(ErrorHandler.java:166)
at org.openqa.selenium.remote.http.JsonHttpResponseCodec.reconstructValue(JsonHttpResponseCodec.java:40)
at org.openqa.selenium.remote.http.AbstractHttpResponseCodec.decode(AbstractHttpResponseCodec.java:80)
at org.openqa.selenium.remote.http.AbstractHttpResponseCodec.decode(AbstractHttpResponseCodec.java:44)
at org.openqa.selenium.remote.HttpCommandExecutor.execute(HttpCommandExecutor.java:164)
at org.openqa.selenium.remote.service.DriverCommandExecutor.execute(DriverCommandExecutor.java:83)
at org.openqa.selenium.remote.RemoteWebDriver.execute(RemoteWebDriver.java:600)
at org.openqa.selenium.remote.RemoteWebElement.execute(RemoteWebElement.java:279)
at org.openqa.selenium.remote.RemoteWebElement.clear(RemoteWebElement.java:118)
at inputFormWithVelidation.inputFormWithVelidation_Dynamic.enterText(inputFormWithVelidation_Dynamic.java:24)
at inputFormWithVelidation.inputFormWithVelidation_Dynamic.inputFormFinal(inputFormWithVelidation_Dynamic.java:34)
at inputFormWithVelidation.TC009_inputFormWithVelidation_Dynamic.inputFormWithVelidation_Dynamic(TC009_inputFormWithVelidation_Dynamic.java:30)
at sun.reflect.NativeMethodAccessorImpl.invoke0(Native Method)
at sun.reflect.NativeMethodAccessorImpl.invoke(Unknown Source)
at sun.reflect.DelegatingMethodAccessorImpl.invoke(Unknown Source)
at java.lang.reflect.Method.invoke(Unknown Source)
at org.testng.internal.MethodInvocationHelper.invokeMethod(MethodInvocationHelper.java:124)
at org.testng.internal.Invoker.invokeMethod(Invoker.java:580)
at org.testng.internal.Invoker.invokeTestMethod(Invoker.java:716)
at org.testng.internal.Invoker.invokeTestMethods(Invoker.java:988)
at org.testng.internal.TestMethodWorker.invokeTestMethods(TestMethodWorker.java:125)
at org.testng.internal.TestMethodWorker.run(TestMethodWorker.java:109)
at org.testng.TestRunner.privateRun(TestRunner.java:648)
at org.testng.TestRunner.run(TestRunner.java:505)
at org.testng.SuiteRunner.runTest(SuiteRunner.java:455)
at org.testng.SuiteRunner.runSequentially(SuiteRunner.java:450)
at org.testng.SuiteRunner.privateRun(SuiteRunner.java:415)
at org.testng.SuiteRunner.run(SuiteRunner.java:364)
at org.testng.SuiteRunnerWorker.runSuite(SuiteRunnerWorker.java:52)
at org.testng.SuiteRunnerWorker.run(SuiteRunnerWorker.java:84)
at org.testng.TestNG.runSuitesSequentially(TestNG.java:1208)
at org.testng.TestNG.runSuitesLocally(TestNG.java:1137)
at org.testng.TestNG.runSuites(TestNG.java:1049)
at org.testng.TestNG.run(TestNG.java:1017)
at org.testng.remote.AbstractRemoteTestNG.run(AbstractRemoteTestNG.java:114)
at org.testng.remote.RemoteTestNG.initAndRun(RemoteTestNG.java:251)
at org.testng.remote.RemoteTestNG.main(RemoteTestNG.java:77)
]]>
            </full-stacktrace>
          </exception> <!-- org.openqa.selenium.WebDriverException -->
          <reporter-output>
            <line>
              <![CDATA[<a href='C:\Users\Ahammed_Sorif\Documents\EclipesShare\test.seleniumEasy.gitHub\ScreenShot\inputFormWithVelidation_Dynamic 10-03-2018_02-09-57 .png'><img src='C:\Users\Ahammed_Sorif\Documents\EclipesShare\test.seleniumEasy.gitHub\ScreenShot\inputFormWithVelidation_Dynamic 10-03-2018_02-09-57 .png' height='100' width='100'/></a>]]>
            </line>
          </reporter-output>
        </test-method> <!-- inputFormWithVelidation_Dynamic -->
        <test-method status="FAIL" signature="inputFormWithVelidation_Dynamic(java.lang.String, java.lang.String, java.lang.String, java.lang.String, java.lang.String, java.lang.String, java.lang.String, java.lang.String, java.lang.String, java.lang.String)[pri:0, instance:inputFormWithVelidation.TC009_inputFormWithVelidation_Dynamic@60c6f5b]" name="inputFormWithVelidation_Dynamic" duration-ms="471" started-at="2018-10-03T18:09:58Z" data-provider="data" finished-at="2018-10-03T18:09:58Z">
          <params>
            <param index="0">
              <value>
                <![CDATA[FirstName 10]]>
              </value>
            </param>
            <param index="1">
              <value>
                <![CDATA[LastName 10]]>
              </value>
            </param>
            <param index="2">
              <value>
                <![CDATA[FNamLNam10@Gmail.com]]>
              </value>
            </param>
            <param index="3">
              <value>
                <![CDATA[347-844-9083]]>
              </value>
            </param>
            <param index="4">
              <value>
                <![CDATA[98 MetOval]]>
              </value>
            </param>
            <param index="5">
              <value>
                <![CDATA[Bronx10]]>
              </value>
            </param>
            <param index="6">
              <value>
                <![CDATA[Michigan]]>
              </value>
            </param>
            <param index="7">
              <value>
                <![CDATA[10462]]>
              </value>
            </param>
            <param index="8">
              <value>
                <![CDATA[ahammedsorif10.com]]>
              </value>
            </param>
            <param index="9">
              <value>
                <![CDATA[Hello World my name is FirtName 10 and LastName 10 how are you doing call me any time .Thank you]]>
              </value>
            </param>
          </params>
          <exception class="org.openqa.selenium.WebDriverException">
            <message>
              <![CDATA[unknown error: call function result missing 'value'
  (Session info: chrome=69.0.3497.100)
  (Driver info: chromedriver=2.33.506120 (e3e53437346286c0bc2d2dc9aa4915ba81d9023f),platform=Windows NT 10.0.17134 x86_64) (WARNING: The server did not provide any stacktrace information)
Command duration or timeout: 0 milliseconds
Build info: version: '3.7.1', revision: '8a0099a', time: '2017-11-06T21:01:39.354Z'
System info: host: 'DESKTOP-O0HJJDF', ip: '192.168.222.1', os.name: 'Windows 10', os.arch: 'amd64', os.version: '10.0', java.version: '1.8.0_181'
Driver info: org.openqa.selenium.chrome.ChromeDriver
Capabilities {acceptSslCerts: true, applicationCacheEnabled: false, browserConnectionEnabled: false, browserName: chrome, chrome: {chromedriverVersion: 2.33.506120 (e3e53437346286..., userDataDir: C:\Users\AHAMME~1\AppData\L...}, cssSelectorsEnabled: true, databaseEnabled: false, handlesAlerts: true, hasTouchScreen: false, javascriptEnabled: true, locationContextEnabled: true, mobileEmulationEnabled: false, nativeEvents: true, networkConnectionEnabled: false, pageLoadStrategy: normal, platform: XP, platformName: XP, rotatable: false, setWindowRect: true, takesHeapSnapshot: true, takesScreenshot: true, unexpectedAlertBehaviour: , unhandledPromptBehavior: , version: 69.0.3497.100, webStorageEnabled: true}
Session ID: 0b264ba458c2e393b57f8d3e31284d9a]]>
            </message>
            <full-stacktrace>
              <![CDATA[org.openqa.selenium.WebDriverException: unknown error: call function result missing 'value'
  (Session info: chrome=69.0.3497.100)
  (Driver info: chromedriver=2.33.506120 (e3e53437346286c0bc2d2dc9aa4915ba81d9023f),platform=Windows NT 10.0.17134 x86_64) (WARNING: The server did not provide any stacktrace information)
Command duration or timeout: 0 milliseconds
Build info: version: '3.7.1', revision: '8a0099a', time: '2017-11-06T21:01:39.354Z'
System info: host: 'DESKTOP-O0HJJDF', ip: '192.168.222.1', os.name: 'Windows 10', os.arch: 'amd64', os.version: '10.0', java.version: '1.8.0_181'
Driver info: org.openqa.selenium.chrome.ChromeDriver
Capabilities {acceptSslCerts: true, applicationCacheEnabled: false, browserConnectionEnabled: false, browserName: chrome, chrome: {chromedriverVersion: 2.33.506120 (e3e53437346286..., userDataDir: C:\Users\AHAMME~1\AppData\L...}, cssSelectorsEnabled: true, databaseEnabled: false, handlesAlerts: true, hasTouchScreen: false, javascriptEnabled: true, locationContextEnabled: true, mobileEmulationEnabled: false, nativeEvents: true, networkConnectionEnabled: false, pageLoadStrategy: normal, platform: XP, platformName: XP, rotatable: false, setWindowRect: true, takesHeapSnapshot: true, takesScreenshot: true, unexpectedAlertBehaviour: , unhandledPromptBehavior: , version: 69.0.3497.100, webStorageEnabled: true}
Session ID: 0b264ba458c2e393b57f8d3e31284d9a
at sun.reflect.NativeConstructorAccessorImpl.newInstance0(Native Method)
at sun.reflect.NativeConstructorAccessorImpl.newInstance(Unknown Source)
at sun.reflect.DelegatingConstructorAccessorImpl.newInstance(Unknown Source)
at java.lang.reflect.Constructor.newInstance(Unknown Source)
at org.openqa.selenium.remote.ErrorHandler.createThrowable(ErrorHandler.java:214)
at org.openqa.selenium.remote.ErrorHandler.throwIfResponseFailed(ErrorHandler.java:166)
at org.openqa.selenium.remote.http.JsonHttpResponseCodec.reconstructValue(JsonHttpResponseCodec.java:40)
at org.openqa.selenium.remote.http.AbstractHttpResponseCodec.decode(AbstractHttpResponseCodec.java:80)
at org.openqa.selenium.remote.http.AbstractHttpResponseCodec.decode(AbstractHttpResponseCodec.java:44)
at org.openqa.selenium.remote.HttpCommandExecutor.execute(HttpCommandExecutor.java:164)
at org.openqa.selenium.remote.service.DriverCommandExecutor.execute(DriverCommandExecutor.java:83)
at org.openqa.selenium.remote.RemoteWebDriver.execute(RemoteWebDriver.java:600)
at org.openqa.selenium.remote.RemoteWebElement.execute(RemoteWebElement.java:279)
at org.openqa.selenium.remote.RemoteWebElement.clear(RemoteWebElement.java:118)
at inputFormWithVelidation.inputFormWithVelidation_Dynamic.enterText(inputFormWithVelidation_Dynamic.java:24)
at inputFormWithVelidation.inputFormWithVelidation_Dynamic.inputFormFinal(inputFormWithVelidation_Dynamic.java:34)
at inputFormWithVelidation.TC009_inputFormWithVelidation_Dynamic.inputFormWithVelidation_Dynamic(TC009_inputFormWithVelidation_Dynamic.java:30)
at sun.reflect.NativeMethodAccessorImpl.invoke0(Native Method)
at sun.reflect.NativeMethodAccessorImpl.invoke(Unknown Source)
at sun.reflect.DelegatingMethodAccessorImpl.invoke(Unknown Source)
at java.lang.reflect.Method.invoke(Unknown Source)
at org.testng.internal.MethodInvocationHelper.invokeMethod(MethodInvocationHelper.java:124)
at org.testng.internal.Invoker.invokeMethod(Invoker.java:580)
at org.testng.internal.Invoker.invokeTestMethod(Invoker.java:716)
at org.testng.internal.Invoker.invokeTestMethods(Invoker.java:988)
at org.testng.internal.TestMethodWorker.invokeTestMethods(TestMethodWorker.java:125)
at org.testng.internal.TestMethodWorker.run(TestMethodWorker.java:109)
at org.testng.TestRunner.privateRun(TestRunner.java:648)
at org.testng.TestRunner.run(TestRunner.java:505)
at org.testng.SuiteRunner.runTest(SuiteRunner.java:455)
at org.testng.SuiteRunner.runSequentially(SuiteRunner.java:450)
at org.testng.SuiteRunner.privateRun(SuiteRunner.java:415)
at org.testng.SuiteRunner.run(SuiteRunner.java:364)
at org.testng.SuiteRunnerWorker.runSuite(SuiteRunnerWorker.java:52)
at org.testng.SuiteRunnerWorker.run(SuiteRunnerWorker.java:84)
at org.testng.TestNG.runSuitesSequentially(TestNG.java:1208)
at org.testng.TestNG.runSuitesLocally(TestNG.java:1137)
at org.testng.TestNG.runSuites(TestNG.java:1049)
at org.testng.TestNG.run(TestNG.java:1017)
at org.testng.remote.AbstractRemoteTestNG.run(AbstractRemoteTestNG.java:114)
at org.testng.remote.RemoteTestNG.initAndRun(RemoteTestNG.java:251)
at org.testng.remote.RemoteTestNG.main(RemoteTestNG.java:77)
]]>
            </full-stacktrace>
          </exception> <!-- org.openqa.selenium.WebDriverException -->
          <reporter-output>
            <line>
              <![CDATA[<a href='C:\Users\Ahammed_Sorif\Documents\EclipesShare\test.seleniumEasy.gitHub\ScreenShot\inputFormWithVelidation_Dynamic 10-03-2018_02-09-58 .png'><img src='C:\Users\Ahammed_Sorif\Documents\EclipesShare\test.seleniumEasy.gitHub\ScreenShot\inputFormWithVelidation_Dynamic 10-03-2018_02-09-58 .png' height='100' width='100'/></a>]]>
            </line>
          </reporter-output>
        </test-method> <!-- inputFormWithVelidation_Dynamic -->
        <test-method status="PASS" signature="endTest()[pri:0, instance:inputFormWithVelidation.TC009_inputFormWithVelidation_Dynamic@60c6f5b]" name="endTest" is-config="true" duration-ms="2087" started-at="2018-10-03T18:09:58Z" finished-at="2018-10-03T18:10:00Z">
          <reporter-output>
          </reporter-output>
        </test-method> <!-- endTest -->
      </class> <!-- inputFormWithVelidation.TC009_inputFormWithVelidation_Dynamic -->
    </test> <!-- inputFormWithVelidation_Dynamic -->
  </suite> <!-- Selenium Easy -->
</testng-results>
